do run
loading script "jan_unknown120_60.py"
loading script "jan_pump_ms.py"
loading script "jan_cocktail_x1.py"
loading script "jan_pump_extraction_line.py"
testing...
no interpolation path defined
executed snippet estimated_duration=197.4, duration=0.000308036804199
script duration name:unknown120_60 seconds:197.0
loading script "jan_unknown120_60.py"
loading script "jan_pump_ms.py"
loading script "jan_cocktail_x1.py"
loading script "jan_pump_extraction_line.py"
testing...
no interpolation path defined
executed snippet estimated_duration=0, duration=3.60012054443e-05
loading script "jan_unknown120_60.py"
loading script "jan_pump_ms.py"
loading script "jan_cocktail_x1.py"
loading script "jan_pump_extraction_line.py"
testing...
no interpolation path defined
calculate duration
testing...
no interpolation path defined
executed snippet estimated_duration=0, duration=4.50611114502e-05
calculate duration
testing...
no interpolation path defined
executed snippet estimated_duration=0, duration=9.79900360107e-05
calculate duration
testing...
no interpolation path defined
executed snippet estimated_duration=32.0, duration=8.48770141602e-05
calculate duration
testing...
no interpolation path defined
executed snippet estimated_duration=34.0, duration=8.89301300049e-05
calculate duration
testing...
no interpolation path defined
executed snippet estimated_duration=4.0, duration=5.60283660889e-05
calculate duration
testing...
no interpolation path defined
executed snippet estimated_duration=38.0, duration=7.5101852417e-05
executed snippet estimated_duration=108.0, duration=0.00551295280457
script duration name:cocktail_x1 seconds:108.0
loading script "jan_unknown120_60.py"
loading script "jan_pump_ms.py"
loading script "jan_cocktail_x1.py"
loading script "jan_pump_extraction_line.py"
testing...
no interpolation path defined
calculate duration
testing...
no interpolation path defined
executed snippet estimated_duration=4.0, duration=0.000137090682983
executed snippet estimated_duration=4.0, duration=0.00112915039062
Script duration 305.0
Run total estimated duration= 306.000
run duration: 0:05:06
doing event level: 2
11:28:47 -- Setting default integration. t=1.048576
setting integration time = 1.048576
SetIntegrationTime 1.048576 ===>> OK
----------------- start -----------------
**************** Experiment Type: Ar/Ar, Ar/Ar
create new session 4957035120
close session 4957035120
$$$$$ Clearing conditionals
adding conditionals 
Add queue conditionals
add default conditionals
adding default conditionals from /Users/jan/PychronDev/setupfiles/spectrometer/default_conditionals.yaml
Start automated run c-02-J-2447
loading script "jan_unknown120_60.py"
loading script "jan_pump_ms.py"
loading script "jan_cocktail_x1.py"
loading script "jan_pump_extraction_line.py"
%%%%%%%%%%%%%%%%%% setting automated run c-02-J-2447
No value "sensitivity_multiplier" in metadata
$$$$$$$$$$$$$$$ auto_save_detector_ic=False
============================= Pre Extraction Check =============================
loading queue conditionals pre_run_terminations
loading system conditionals pre_run_terminations
loading conditionals from /Users/jan/PychronDev/setupfiles/spectrometer/default_conditionals.yaml
11:28:47 -- ******* Pre Extraction Check *******
Get a measurement from the spectrometer
Pre Extraction Termination data. keys=H2,H1,AX,L1,L2,CDD, signals=-0.06779,0.17787,0.03894,-0.02336,0.03699,0.00208
11:28:47 -- testing system defined conditionals
Checking default pre extraction terminations n=2
testing CDD
evaluate ot="CDD.inactive" t="CDD", ctx="{'CDD': False}"
GetDeflection CDD ===>> 50
testing CDD==2000
evaluate ot="CDD.deflection==2000" t="CDD==2000", ctx="{'CDD': 50.0}"
11:28:47 -- ******* Pre Extraction Check Passed *******
=================================================================================
11:28:47 -- stopping status monitor
stop 4935480816
Status monitor stopped
Status monitor finished
11:28:48 -- starting status monitor
start 4935480816
StatusMonitor period=1. Frequencies(state=2, checksum=3, lock=5, owner=5)
start extraction
do extraction
Analysis started at 11:28:50.139676
Extraction Started jan_cocktail_x1.py
11:28:50 -- ******* Extraction Started jan_cocktail_x1.py *******
state changed from not run to extraction
DO EXTRACTION <pychron.extraction_line.pyscript_runner.RemotePyScriptRunner object at 0x129edc950>
testing...
no interpolation path defined
calculate duration
testing...
no interpolation path defined
executed snippet estimated_duration=0, duration=4.60147857666e-05
calculate duration
testing...
no interpolation path defined
executed snippet estimated_duration=0, duration=9.51290130615e-05
calculate duration
testing...
no interpolation path defined
executed snippet estimated_duration=32.0, duration=7.91549682617e-05
calculate duration
testing...
no interpolation path defined
executed snippet estimated_duration=34.0, duration=8.70227813721e-05
calculate duration
testing...
no interpolation path defined
executed snippet estimated_duration=4.0, duration=5.29289245605e-05
calculate duration
testing...
no interpolation path defined
executed snippet estimated_duration=38.0, duration=7.39097595215e-05
executed snippet estimated_duration=108.0, duration=0.00626087188721
Jan Cocktail Pipette x1
doing GOSUB
testing...
no interpolation path defined
executed snippet estimated_duration=0, duration=4.00543212891e-05
Waiting for minibone access
wait ('FelixMiniboneFlag', 0) {}
waiting for FelixMiniboneFlag = 0
Read FelixMiniboneFlag ===>> 0
finished waiting
Minibone free
acquire ('JanMiniboneFlag',) {'clear': True}
acquire JanMiniboneFlag
Set JanMiniboneFlag 1 ===>> OK
JanMiniboneFlag acquired
set extraction state False (0.75, 'red', 1.5)
Minibone acquired
wait ('MinibonePumpTimeFlag', 0) {}
waiting for MinibonePumpTimeFlag = 0
Read MinibonePumpTimeFlag ===>> 0
finished waiting
executed snippet estimated_duration=0, duration=0.0187840461731
WaitForMiniboneAccess.py completed successfully
gosub finished
doing GOSUB
testing...
no interpolation path defined
executed snippet estimated_duration=0, duration=0.000144958496094
Prepare for Air Shot
close () {'description': 'Jan Inlet'}
close name=--- desc=Jan Inlet
checking ownership. requestor=129.138.12.150
check software interlocks R
interlocks []
actuate state mode=None-script, software_lock=False
doing actuation None-script close_channel False
Close R ===>> OK
GetIndicatorState R ===>> False
change switch state (True, True)
update switch state R False args=() kw={} ncanvase=6
11:28:50 -- CLOSE  VALVE-R (Jan Inlet)
-------------------------- close None (Jan Inlet) result=[(True, True)]
action=close, ok=True, locked=[False]
open () {'description': 'Jan Ion Pump'}
open name=--- desc=Jan Ion Pump
checking ownership. requestor=129.138.12.150
check software interlocks O
interlocks []
actuate state mode=None-script, software_lock=False
doing actuation None-script open_channel False
Open O ===>> OK
GetIndicatorState O ===>> OK
change switch state (True, True)
update switch state O True args=() kw={} ncanvase=6
11:28:51 -- OPEN   VALVE-O (Jan Ion Pump)
-------------------------- open None (Jan Ion Pump) result=[(True, True)]
action=open, ok=True, locked=[False]
close () {'description': 'Minibone to Bone'}
close name=--- desc=Minibone to Bone
checking ownership. requestor=129.138.12.150
check software interlocks I
interlocks []
actuate state mode=None-script, software_lock=False
doing actuation None-script close_channel True
Close I ===>> OK
GetIndicatorState I ===>> False
change switch state (True, True)
update switch state I False args=() kw={} ncanvase=6
11:28:51 -- CLOSE  VALVE-I (Minibone to Bone)
-------------------------- close None (Minibone to Bone) result=[(True, True)]
action=close, ok=True, locked=[False]
close () {'description': 'Bone to Minibone'}
close name=--- desc=Bone to Minibone
checking ownership. requestor=129.138.12.150
check software interlocks E
interlocks []
actuate state mode=None-script, software_lock=False
doing actuation None-script close_channel False
Close E ===>> OK
GetIndicatorState E ===>> False
change switch state (True, True)
update switch state E False args=() kw={} ncanvase=6
11:28:52 -- CLOSE  VALVE-E (Bone to Minibone)
-------------------------- close None (Bone to Minibone) result=[(True, True)]
action=close, ok=True, locked=[False]
close () {'description': 'Minibone to Turbo'}
close name=--- desc=Minibone to Turbo
checking ownership. requestor=129.138.12.150
check software interlocks P
interlocks []
actuate state mode=None-script, software_lock=False
doing actuation None-script close_channel True
Close P ===>> OK
GetIndicatorState P ===>> False
change switch state (True, True)
update switch state P False args=() kw={} ncanvase=6
11:28:52 -- CLOSE  VALVE-P (Minibone to Turbo)
-------------------------- close None (Minibone to Turbo) result=[(True, True)]
action=close, ok=True, locked=[False]
close () {'description': 'Quad Inlet'}
close name=--- desc=Quad Inlet
checking ownership. requestor=129.138.12.150
check software interlocks Q
interlocks []
actuate state mode=None-script, software_lock=False
doing actuation None-script close_channel True
Close Q ===>> OK
set states for children of Q. state=False
handle state [('Q', False)]
update switch state Q False args=() kw={'refresh': False} ncanvase=6
refresh_canvas_needed fired
GetIndicatorState Q ===>> False
change switch state (True, True)
update switch state Q False args=() kw={} ncanvase=6
11:28:53 -- CLOSE  VALVE-Q (Quad Inlet)
-------------------------- close None (Quad Inlet) result=[(True, True)]
action=close, ok=True, locked=[False]
open () {'description': 'Microbone to Turbo'}
open name=--- desc=Microbone to Turbo
checking ownership. requestor=129.138.12.150
check software interlocks U
interlocks []
actuate state mode=None-script, software_lock=False
doing actuation None-script open_channel False
Open U ===>> OK
GetIndicatorState U ===>> OK
change switch state (True, True)
update switch state U True args=() kw={} ncanvase=6
11:28:53 -- OPEN   VALVE-U (Microbone to Turbo)
-------------------------- open None (Microbone to Turbo) result=[(True, True)]
action=open, ok=True, locked=[False]
open () {'description': 'Microbone to Inlet Pipette'}
open name=--- desc=Microbone to Inlet Pipette
checking ownership. requestor=129.138.12.150
check software interlocks S
interlocks []
actuate state mode=None-script, software_lock=False
doing actuation None-script open_channel False
Open S ===>> OK
GetIndicatorState S ===>> OK
change switch state (True, True)
update switch state S True args=() kw={} ncanvase=6
11:28:54 -- OPEN   VALVE-S (Microbone to Inlet Pipette)
-------------------------- open None (Microbone to Inlet Pipette) result=[(True, True)]
action=open, ok=True, locked=[False]
open () {'description': 'Microbone to Getter D-50'}
open name=--- desc=Microbone to Getter D-50
checking ownership. requestor=129.138.12.150
check software interlocks K
interlocks []
actuate state mode=None-script, software_lock=False
doing actuation None-script open_channel False
Open K ===>> OK
GetIndicatorState K ===>> OK
change switch state (True, True)
update switch state K True args=() kw={} ncanvase=6
11:28:54 -- OPEN   VALVE-K (Microbone to Getter D-50)
-------------------------- open None (Microbone to Getter D-50) result=[(True, True)]
action=open, ok=True, locked=[False]
open () {'description': 'Microbone to Getter NP-10'}
open name=--- desc=Microbone to Getter NP-10
checking ownership. requestor=129.138.12.150
check software interlocks M
interlocks []
actuate state mode=None-script, software_lock=False
doing actuation None-script open_channel False
Open M ===>> OK
GetIndicatorState M ===>> OK
change switch state (True, True)
update switch state M True args=() kw={} ncanvase=6
11:28:55 -- OPEN   VALVE-M (Microbone to Getter NP-10)
-------------------------- open None (Microbone to Getter NP-10) result=[(True, True)]
action=open, ok=True, locked=[False]
close () {'description': 'Microbone to CO2 Laser'}
close name=--- desc=Microbone to CO2 Laser
checking ownership. requestor=129.138.12.150
check software interlocks T
interlocks []
actuate state mode=None-script, software_lock=False
doing actuation None-script close_channel True
Close T ===>> OK
GetIndicatorState T ===>> False
change switch state (True, True)
update switch state T False args=() kw={} ncanvase=6
11:28:56 -- CLOSE  VALVE-T (Microbone to CO2 Laser)
-------------------------- close None (Microbone to CO2 Laser) result=[(True, True)]
action=close, ok=True, locked=[False]
executed snippet estimated_duration=0, duration=6.18249201775
PrepareForAirShot.py completed successfully
gosub finished
doing GOSUB
testing...
no interpolation path defined
executed snippet estimated_duration=32.0, duration=0.000105142593384
Evacuate Pipette 1
open () {'description': 'Microbone to Turbo'}
open name=--- desc=Microbone to Turbo
checking ownership. requestor=129.138.12.150
check software interlocks U
interlocks []
actuate state mode=None-script, software_lock=False
doing actuation None-script open_channel False
Open U ===>> OK
GetIndicatorState U ===>> OK
change switch state (True, True)
update switch state U True args=() kw={} ncanvase=6
11:28:56 -- OPEN   VALVE-U (Microbone to Turbo)
-------------------------- open None (Microbone to Turbo) result=[(True, True)]
action=open, ok=True, locked=[False]
open () {'description': 'Microbone to Minibone'}
open name=--- desc=Microbone to Minibone
checking ownership. requestor=129.138.12.150
check software interlocks L
interlocks []
actuate state mode=None-script, software_lock=False
doing actuation None-script open_channel True
Open L ===>> OK
GetIndicatorState L ===>> OK
change switch state (True, True)
update switch state L True args=() kw={} ncanvase=6
11:28:57 -- OPEN   VALVE-L (Microbone to Minibone)
-------------------------- open None (Microbone to Minibone) result=[(True, True)]
action=open, ok=True, locked=[False]
close () {'description': 'Inner Pipette 1'}
close name=--- desc=Inner Pipette 1
checking ownership. requestor=129.138.12.150
check software interlocks X
interlocks ['W']
actuate state mode=None-script, software_lock=False
doing actuation None-script close_channel False
Close X ===>> OK
GetIndicatorState X ===>> False
change switch state (True, True)
update switch state X False args=() kw={} ncanvase=6
11:28:57 -- CLOSE  VALVE-X (Inner Pipette 1)
-------------------------- close None (Inner Pipette 1) result=[(True, True)]
action=close, ok=True, locked=[False]
sleep (1,) {}
SLEEP 1.0
open () {'description': 'Outer Pipette 1'}
open name=--- desc=Outer Pipette 1
checking ownership. requestor=129.138.12.150
check software interlocks W
interlocks ['X']
actuate state mode=None-script, software_lock=False
doing actuation None-script open_channel True
Open W ===>> OK
GetIndicatorState W ===>> OK
change switch state (True, True)
update switch state W True args=() kw={} ncanvase=6
11:28:59 -- OPEN   VALVE-W (Outer Pipette 1)
-------------------------- open None (Outer Pipette 1) result=[(True, True)]
action=open, ok=True, locked=[False]
sleep (15,) {}
SLEEP 15.0
block started
WaitControl setup for 15.0  
Join finished
block finished. duration 15.0511419773
executed snippet estimated_duration=48.0, duration=18.0176210403
EvacPipette1.py completed successfully
gosub finished
doing GOSUB
testing...
no interpolation path defined
executed snippet estimated_duration=34.0, duration=9.60826873779e-05
Fill Pipette 1
close () {'description': 'Outer Pipette 1'}
close name=--- desc=Outer Pipette 1
checking ownership. requestor=129.138.12.150
check software interlocks W
interlocks ['X']
actuate state mode=None-script, software_lock=False
doing actuation None-script close_channel True
Close W ===>> OK
GetIndicatorState W ===>> False
change switch state (True, True)
update switch state W False args=() kw={} ncanvase=6
11:29:14 -- CLOSE  VALVE-W (Outer Pipette 1)
-------------------------- close None (Outer Pipette 1) result=[(True, True)]
action=close, ok=True, locked=[False]
sleep (1,) {}
SLEEP 1.0
filling cocktail pipette
open () {'description': 'Inner Pipette 1'}
open name=--- desc=Inner Pipette 1
checking ownership. requestor=129.138.12.150
check software interlocks X
interlocks ['W']
actuate state mode=None-script, software_lock=False
doing actuation None-script open_channel True
Open X ===>> OK
GetIndicatorState X ===>> OK
change switch state (True, True)
update switch state X True args=() kw={} ncanvase=6
11:29:15 -- OPEN   VALVE-X (Inner Pipette 1)
-------------------------- open None (Inner Pipette 1) result=[(True, True)]
action=open, ok=True, locked=[False]
sleep (15,) {}
SLEEP 15.0
block started
WaitControl setup for 15.0  
Join finished
block finished. duration 15.0327808857
close () {'description': 'Inner Pipette 1'}
close name=--- desc=Inner Pipette 1
checking ownership. requestor=129.138.12.150
check software interlocks X
interlocks ['W']
actuate state mode=None-script, software_lock=False
doing actuation None-script close_channel True
Close X ===>> OK
GetIndicatorState X ===>> False
change switch state (True, True)
update switch state X False args=() kw={} ncanvase=6
11:29:31 -- CLOSE  VALVE-X (Inner Pipette 1)
-------------------------- close None (Inner Pipette 1) result=[(True, True)]
action=close, ok=True, locked=[False]
sleep (1,) {}
SLEEP 1.0
executed snippet estimated_duration=51.0, duration=18.2387900352
FillPipette1.py completed successfully
gosub finished
doing GOSUB
testing...
no interpolation path defined
executed snippet estimated_duration=4.0, duration=6.98566436768e-05
Prepare for air expansion
close () {'description': 'Microbone to Turbo'}
close name=--- desc=Microbone to Turbo
checking ownership. requestor=129.138.12.150
check software interlocks U
interlocks []
actuate state mode=None-script, software_lock=False
doing actuation None-script close_channel True
Close U ===>> OK
GetIndicatorState U ===>> False
change switch state (True, True)
update switch state U False args=() kw={} ncanvase=6
11:29:32 -- CLOSE  VALVE-U (Microbone to Turbo)
-------------------------- close None (Microbone to Turbo) result=[(True, True)]
action=close, ok=True, locked=[False]
open () {'description': 'Microbone to Getter NP-10'}
open name=--- desc=Microbone to Getter NP-10
checking ownership. requestor=129.138.12.150
check software interlocks M
interlocks []
actuate state mode=None-script, software_lock=False
doing actuation None-script open_channel False
Open M ===>> OK
GetIndicatorState M ===>> OK
change switch state (True, True)
update switch state M True args=() kw={} ncanvase=6
11:29:33 -- OPEN   VALVE-M (Microbone to Getter NP-10)
-------------------------- open None (Microbone to Getter NP-10) result=[(True, True)]
action=open, ok=True, locked=[False]
sleep (2,) {}
SLEEP 2.0
block started
WaitControl setup for 2.0  
Join finished
block finished. duration 2.00429177284
open () {'description': 'Microbone to Minibone'}
open name=--- desc=Microbone to Minibone
checking ownership. requestor=129.138.12.150
check software interlocks L
interlocks []
actuate state mode=None-script, software_lock=False
doing actuation None-script open_channel False
Open L ===>> OK
GetIndicatorState L ===>> OK
change switch state (True, True)
update switch state L True args=() kw={} ncanvase=6
11:29:35 -- OPEN   VALVE-L (Microbone to Minibone)
-------------------------- open None (Microbone to Minibone) result=[(True, True)]
action=open, ok=True, locked=[False]
executed snippet estimated_duration=6.0, duration=3.4812297821
PrepareForAirShotExpansion.py completed successfully
gosub finished
doing GOSUB
testing...
no interpolation path defined
executed snippet estimated_duration=38.0, duration=0.000142097473145
Expand Pipette 1
close () {'description': 'Minibone to Turbo'}
close name=--- desc=Minibone to Turbo
checking ownership. requestor=129.138.12.150
check software interlocks P
interlocks []
actuate state mode=None-script, software_lock=False
doing actuation None-script close_channel False
Close P ===>> OK
GetIndicatorState P ===>> False
change switch state (True, True)
update switch state P False args=() kw={} ncanvase=6
11:29:36 -- CLOSE  VALVE-P (Minibone to Turbo)
-------------------------- close None (Minibone to Turbo) result=[(True, True)]
action=close, ok=True, locked=[False]
sleep (2,) {}
SLEEP 2.0
block started
WaitControl setup for 2.0  
Join finished
block finished. duration 2.00915884972
open () {'description': 'Outer Pipette 1'}
open name=--- desc=Outer Pipette 1
checking ownership. requestor=129.138.12.150
check software interlocks W
interlocks ['X']
actuate state mode=None-script, software_lock=False
doing actuation None-script open_channel True
Open W ===>> OK
GetIndicatorState W ===>> OK
increment shot count 2922
saved current shot count 2922
change switch state (True, True)
update switch state W True args=() kw={} ncanvase=6
11:29:38 -- OPEN   VALVE-W (Outer Pipette 1)
-------------------------- open None (Outer Pipette 1) result=[(True, True)]
action=open, ok=True, locked=[False]
sleep (15,) {}
SLEEP 15.0
block started
WaitControl setup for 15.0  
Join finished
block finished. duration 15.0423510075
sleep (2,) {}
SLEEP 2.0
block started
WaitControl setup for 2.0  
Join finished
block finished. duration 2.02447104454
executed snippet estimated_duration=57.0, duration=19.9333510399
ExpandPipette1.py completed successfully
gosub finished
executed snippet estimated_duration=108.0, duration=65.8938109875
jan_cocktail_x1.py completed successfully
GetAchievedOutput ===>> No Response
Requested Output= 0.000
Achieved Output=  0.000
GetResponseBlob ===>> No Response
GetOutputBlob ===>> No Response
persistence save...
persistence save - db
AutomatedRunPersister post_extraction_save deprecated
persistence save - dvc
no extraction position for 
not connected to db mysql://janexp@129.138.12.160/labspy
Enviromentals: {'lab_humiditys': [{'device': 'EnvironmentalMonitor',
                    'name': 'Lab Hum.',
                    'pub_date': '2017-08-29T11:16:03',
                    'title': 'iServer Hum.',
                    'value': 53.9}],
 'lab_pneumatics': [{'device': 'AirPressure',
                     'name': 'Pressure',
                     'pub_date': '2017-08-29T11:29:00',
                     'title': None,
                     'value': 110.325},
                    {'device': 'AirPressure2',
                     'name': 'Pressure2',
                     'pub_date': '2017-08-29T11:29:00',
                     'title': None,
                     'value': 112.77838}],
 'lab_temperatures': [{'device': 'EnvironmentalMonitor',
                       'name': 'Lab Temp.',
                       'pub_date': '2017-08-29T11:05:54',
                       'title': 'iServer Temp.',
                       'value': 72.5},
                      {'device': 'Chiller',
                       'name': 'Coolant Temp.',
                       'pub_date': '2017-08-29T11:01:53',
                       'title': None,
                       'value': 18.0}]}
Extraction Finished
11:29:58 -- ******* Extraction Finished *******
no overlap. not waiting for min ms pumptime
11:29:58 -- Sending spectrometer configuration
======== Sending configuration ========
SetDeflection CDD,50.0 ===>> OK
SetDeflection H2,0.0 ===>> OK
SetDeflection H1,0.0 ===>> OK
SetDeflection L2,825.0 ===>> OK
SetDeflection L1,400.0 ===>> OK
SetDeflection AX,190.0 ===>> OK
SetZFocus 74.64 ===>> OK
SetZSymmetry -50.72 ===>> OK
SetExtractionLens 26.13 ===>> OK
SetIonRepeller -3.81 ===>> OK
SetElectronEnergy 75.08 ===>> OK
SetYSymmetry -2.81 ===>> OK
SetIonCounterVoltage 1590.0 ===>> OK
send trap current 200.0
GetParameter Trap Current Readback ===>> 197.699505585058
SetParameter Trap Current Set,200.0 ===>> OK
updating mftable name mftable
Using mftable located at /Users/jan/PychronDev/setupfiles/spectrometer/mftables/mftable.csv
============ MFtable ===========
Isotope  H2     H1     AX     L1     L2     CDD    
Ar40     6.0541 5.8777 5.9915 6.1926 6.2290 6.6779
Ar39     6.0090 5.7687 6.0556 6.3358 6.1117 6.5644
Ar36     5.6866 5.4377 5.7190 5.9946 5.7667 6.2155
================================
get initial guess parabolic
get initial guess parabolic
get initial guess parabolic
get initial guess parabolic
get initial guess parabolic
get initial guess parabolic
======== Configuration Finished ========
GetYSymmetry ===>> -2.81
GetZSymmetry ===>> -50.72
GetParameter Trap Current Readback ===>> 197.923274125618
GetHighVoltage ===>> 4499.94659342336
start measurement
do measurement
L#=c-02-J analysis type=cocktail
Measurement Started jan_unknown120_60.py
11:29:58 -- ******* Measurement Started jan_unknown120_60.py *******
state changed from extraction to measurement
setting trap, emission, spec, defl, and gains
GetExtractionLens ===>> 26.13
GetYSymmetry ===>> -2.81
GetZSymmetry ===>> -50.72
GetZFocus ===>> 74.64
GetDeflection H2 ===>> 0
GetDeflection H1 ===>> 0
GetDeflection AX ===>> 190
GetDeflection L1 ===>> 400
GetDeflection L2 ===>> 825
GetDeflection CDD ===>> 50
GetGain H2 ===>> 0.0113
GetGain H1 ===>> 0.1
GetGain AX ===>> 0.09645
GetGain L1 ===>> 0.010309
GetGain L2 ===>> 0.091218
GetGain CDD ===>> 0
GetParameter Trap Current Readback ===>> 198.035158395898
GetParameter Source Current Readback ===>> 550.833424891656
pre measurement save
New frame /Users/jan/PychronDev/data/isotopes/fd/3bca9a-4d8f-48aa-be01-398a82b72c6a.h5
flush and close file /Users/jan/PychronDev/data/isotopes/fd/3bca9a-4d8f-48aa-be01-398a82b72c6a.h5
testing...
no interpolation path defined
executed snippet estimated_duration=213.0, duration=0.000174045562744
unknown measurement script
activate_detectors ('H2', 'H1', 'AX', 'L1', 'L2', 'CDD') {}
activate detectors
*************** Set Analysis View Ar/Ar
create graphs
clearing graphs
clear isotope group
setting isotope det=H2, iso=Ar41
setting isotope det=H1, iso=Ar40
setting isotope det=AX, iso=Ar39
setting isotope det=L1, iso=Ar38
setting isotope det=L2, iso=Ar37
setting isotope det=CDD, iso=Ar36
setting previous blanks
 - setting Ar41 blank 0.0200+/-0.0035
 - setting Ar40 blank 0.374+/-0.008
 - setting Ar36 blank 0.00361+/-0.00017
 - setting Ar37 blank 0.049+/-0.005
 - setting Ar38 blank 0.0020+/-0.0021
 - setting Ar39 blank 0.022+/-0.009
load analysis view
position_magnet ('Ar40',) {'detector': 'H1'}
detector Detector(H1)
POSITION Ar40 H1
setting detector H2 to Ar41 (40.9624)
setting detector H1 to Ar40 (39.9624)
setting detector AX to Ar39 (38.9624)
setting detector L1 to Ar38 (37.9624)
setting detector L2 to Ar37 (36.9624)
setting detector CDD to Ar36 (35.9624)
Mapping mass to dac mass func: "parabolic"
H1 map mass coeffs = [ -3.11428344e-04   1.33794662e-01   1.02830323e+00]
H1 map mass to dac 39.9624 >> 5.87771
GetDeflection H1 ===>> 0
GetHighVoltage ===>> 4499.94659342336
positioning Ar40 (5.87767538672) on H1
setting magnet DAC
current  : 5.877676
requested: 5.877675
Delta Dac: 0.000001
Checking detector protection. dv=0.00000
Checking detector "CDD". Protection Threshold: 0.5 (V)
SetMagnetDAC 5.87767538672 ===>> OK
Magnet settling time: 0.500 0.500
Magnet settling complete
set_dac. change=True
equilibrate () {'delay': 3, 'inlet': 'R', 'outlet': 'O', 'eqtime': 15.0}
Equilibration Started
11:30:00 -- ******* Equilibration Started *******
checking ownership. requestor=129.138.12.150
check software interlocks O
interlocks []
actuate state mode=None-script, software_lock=False
doing actuation None-script close_channel True
Close O ===>> OK
GetIndicatorState O ===>> False
change switch state (True, True)
update switch state O False args=() kw={} ncanvase=6
11:30:00 -- CLOSE  VALVE-O (Jan Ion Pump)
waiting 3s before opening inlet value ('R',)
update labels <pychron.experiment.plot_panel.PlotPanel object at 0x171e0f2f0>
update labels "<pychron.graph.stacked_regression_graph.StackedRegressionGraph object at 0x17296f410>"
setting label 0 H2 Ar41
setting label 1 H1 Ar40
setting label 2 AX Ar39
setting label 3 L1 Ar38
setting label 4 L2 Ar37
setting label 5 CDD Ar36
update labels "<pychron.graph.stacked_graph.StackedGraph object at 0x17368c050>"
setting label 0 H2 Ar41
setting label 1 H1 Ar40
setting label 2 AX Ar39
setting label 3 L1 Ar38
setting label 4 L2 Ar37
setting label 5 CDD Ar36
checking ownership. requestor=129.138.12.150
check software interlocks R
interlocks []
actuate state mode=None-script, software_lock=False
doing actuation None-script open_channel True
Open R ===>> OK
set states for children of R. state=True
handle state [('R', True)]
update switch state R True args=() kw={'refresh': False} ncanvase=6
GetIndicatorState R ===>> OK
change switch state (True, True)
update switch state R True args=() kw={} ncanvase=6
11:30:03 -- OPEN   VALVE-R (Jan Inlet)
equilibrating for 15.0sec
set_time_zero () {}
sniff (15.0,) {}
py_sniff
build tables- sniff [Detector(H2), Detector(H1), Detector(AX), Detector(L1), Detector(L2), Detector(CDD)]
add group /sniff/Ar41 (Group) '' table H2
refresh_canvas_needed fired
add group /sniff/Ar40 (Group) '' table H1
add group /sniff/Ar39 (Group) '' table AX
add group /sniff/Ar38 (Group) '' table L1
add group /sniff/Ar37 (Group) '' table L2
add group /sniff/Ar36 (Group) '' table CDD
flush and close file /Users/jan/PychronDev/data/isotopes/fd/3bca9a-4d8f-48aa-be01-398a82b72c6a.h5
measuring sniff. ncounts=15.0
"sniff" increment series count="1" fit count="0" regressing="False"
starting measurement
Equilibration Finished
11:30:18 -- ******* Equilibration Finished *******
checking ownership. requestor=129.138.12.150
check software interlocks R
interlocks []
actuate state mode=None-script, software_lock=False
doing actuation None-script close_channel True
Close R ===>> OK
GetIndicatorState R ===>> False
change switch state (True, True)
update switch state R False args=() kw={} ncanvase=6
11:30:19 -- CLOSE  VALVE-R (Jan Inlet)
Post Equilibration Started jan_pump_extraction_line.py
11:30:19 -- ******* Post Equilibration Started jan_pump_extraction_line.py *******
testing...
no interpolation path defined
calculate duration
testing...
no interpolation path defined
executed snippet estimated_duration=4.0, duration=0.000154972076416
executed snippet estimated_duration=4.0, duration=0.00793790817261
Pump after analysis
doing GOSUB
testing...
no interpolation path defined
executed snippet estimated_duration=4.0, duration=0.00012993812561
Pump Microbone
close () {'description': 'Jan Inlet'}
close name=--- desc=Jan Inlet
checking ownership. requestor=129.138.12.150
check software interlocks R
interlocks []
actuate state mode=None-script, software_lock=False
doing actuation None-script close_channel False
Close R ===>> OK
GetIndicatorState R ===>> False
change switch state (True, True)
update switch state R False args=() kw={} ncanvase=6
waiting for write to finish
measurement finished
estimated time: 15.729 actual time: :15.835
flush and close file /Users/jan/PychronDev/data/isotopes/fd/3bca9a-4d8f-48aa-be01-398a82b72c6a.h5
set_fits () {}
11:30:19 -- CLOSE  VALVE-R (Jan Inlet)
-------------------------- close None (Jan Inlet) result=[(True, True)]
using default fits file=/Users/jan/PychronDev/scripts/measurement/fits/nominal_linear.yaml
set "Ar41" to "('Average', 'SEM')"
set "Ar40" to "('Linear', 'SEM')"
set "Ar36" to "('Linear', 'SEM')"
set "Ar37" to "('linear', 'SEM')"
set "Ar38" to "('linear', 'SEM')"
set "Ar39" to "('Linear', 'SEM')"
set_baseline_fits () {}
using default fits file=/Users/jan/PychronDev/scripts/measurement/fits/nominal_linear.yaml
set "H2" to "('average', 'SEM')"
set "H1" to "('average', 'SEM')"
set "CDD" to "('average', 'SEM')"
set "L2" to "('average', 'SEM')"
set "L1" to "('average', 'SEM')"
set "AX" to "('average', 'SEM')"
multicollect () {'integration_time': 1, 'ncounts': 120}
build tables- signal [Detector(H2), Detector(H1), Detector(AX), Detector(L1), Detector(L2), Detector(CDD)]
add group /signal/Ar41 (Group) '' table H2
add group /signal/Ar40 (Group) '' table H1
add group /signal/Ar39 (Group) '' table AX
add group /signal/Ar38 (Group) '' table L1
add group /signal/Ar37 (Group) '' table L2
add group /signal/Ar36 (Group) '' table CDD
flush and close file /Users/jan/PychronDev/data/isotopes/fd/3bca9a-4d8f-48aa-be01-398a82b72c6a.h5
measuring signal. ncounts=120
"signal" increment series count="2" fit count="1" regressing="True"
action=close, ok=True, locked=[False]
is_closed ('F',) {}
is F () closed?
is closed True
open () {'description': 'CO2 Laser to Jan'}
open name=--- desc=CO2 Laser to Jan
checking ownership. requestor=129.138.12.150
check software interlocks A
interlocks []
actuate state mode=None-script, software_lock=False
doing actuation None-script open_channel False
Open A ===>> OK
GetIndicatorState A ===>> OK
change switch state (True, True)
update switch state A True args=() kw={} ncanvase=6
11:30:20 -- OPEN   VALVE-A (CO2 Laser to Jan)
-------------------------- open None (CO2 Laser to Jan) result=[(True, True)]
starting measurement
action=open, ok=True, locked=[False]
sleep (1,) {}
SLEEP 1.0
close () {'description': 'CO2 Laser to Roughing'}
close name=--- desc=CO2 Laser to Roughing
checking ownership. requestor=129.138.12.150
check software interlocks G
interlocks []
actuate state mode=None-script, software_lock=True
VALVE-G(CO2 Laser to Roughing) software locked
change switch state (True, False)
-------------------------- close None (CO2 Laser to Roughing) result=[(True, False)]
action=close, ok=True, locked=[True]
open () {'description': 'Microbone to Turbo'}
open name=--- desc=Microbone to Turbo
checking ownership. requestor=129.138.12.150
check software interlocks U
interlocks []
actuate state mode=None-script, software_lock=False
doing actuation None-script open_channel True
Open U ===>> OK
GetIndicatorState U ===>> OK
change switch state (True, True)
update switch state U True args=() kw={} ncanvase=6
11:30:21 -- OPEN   VALVE-U (Microbone to Turbo)
-------------------------- open None (Microbone to Turbo) result=[(True, True)]
action=open, ok=True, locked=[False]
open () {'description': 'Microbone to Getter NP-10'}
open name=--- desc=Microbone to Getter NP-10
checking ownership. requestor=129.138.12.150
check software interlocks M
interlocks []
actuate state mode=None-script, software_lock=False
doing actuation None-script open_channel False
Open M ===>> OK
GetIndicatorState M ===>> OK
change switch state (True, True)
update switch state M True args=() kw={} ncanvase=6
11:30:22 -- OPEN   VALVE-M (Microbone to Getter NP-10)
-------------------------- open None (Microbone to Getter NP-10) result=[(True, True)]
action=open, ok=True, locked=[False]
open () {'description': 'Microbone to Getter D-50'}
open name=--- desc=Microbone to Getter D-50
checking ownership. requestor=129.138.12.150
check software interlocks K
interlocks []
actuate state mode=None-script, software_lock=False
doing actuation None-script open_channel False
Open K ===>> OK
GetIndicatorState K ===>> OK
change switch state (True, True)
update switch state K True args=() kw={} ncanvase=6
11:30:23 -- OPEN   VALVE-K (Microbone to Getter D-50)
-------------------------- open None (Microbone to Getter D-50) result=[(True, True)]
action=open, ok=True, locked=[False]
open () {'description': 'Microbone to CO2 Laser'}
open name=--- desc=Microbone to CO2 Laser
checking ownership. requestor=129.138.12.150
check software interlocks T
interlocks []
actuate state mode=None-script, software_lock=False
doing actuation None-script open_channel True
Open T ===>> OK
GetIndicatorState T ===>> OK
change switch state (True, True)
update switch state T True args=() kw={} ncanvase=6
11:30:23 -- OPEN   VALVE-T (Microbone to CO2 Laser)
-------------------------- open None (Microbone to CO2 Laser) result=[(True, True)]
action=open, ok=True, locked=[False]
open () {'description': 'Microbone to Inlet Pipette'}
open name=--- desc=Microbone to Inlet Pipette
checking ownership. requestor=129.138.12.150
check software interlocks S
interlocks []
actuate state mode=None-script, software_lock=False
doing actuation None-script open_channel False
Open S ===>> OK
GetIndicatorState S ===>> OK
change switch state (True, True)
update switch state S True args=() kw={} ncanvase=6
11:30:24 -- OPEN   VALVE-S (Microbone to Inlet Pipette)
-------------------------- open None (Microbone to Inlet Pipette) result=[(True, True)]
action=open, ok=True, locked=[False]
sleep (1,) {}
SLEEP 1.0
testing H1<-5.0
evaluate ot="H1.bs<-5.0" t="H1<-5.0", ctx="{'H1': 0.08763607350672654}"
set_resource () {'name': 'CO2PumpTimeFlag', 'value': 30}
Set CO2PumpTimeFlag 30 ===>> OK
release ('JanCO2Flag',) {}
release JanCO2Flag
Set JanCO2Flag 0 ===>> OK
executed snippet estimated_duration=6.0, duration=6.15211009979
PumpMicrobone.py completed successfully
gosub finished
get_resource_value () {'name': 'JanMiniboneFlag'}
Read JanMiniboneFlag ===>> 1
Get Resource Value JanMiniboneFlag=1.0
get resource value 1.0
get_resource_value () {'name': 'JanMiniboneFlag'}
Read JanMiniboneFlag ===>> 1
Get Resource Value JanMiniboneFlag=1.0
doing GOSUB
testing...
no interpolation path defined
executed snippet estimated_duration=0, duration=3.60012054443e-05
Entering Pump minibone script
get_resource_value () {'name': 'JanMiniboneFlag'}
Read JanMiniboneFlag ===>> 1
Get Resource Value JanMiniboneFlag=1.0
get resource value 1.0
get_resource_value () {'name': 'JanMiniboneFlag'}
Read JanMiniboneFlag ===>> 1
Get Resource Value JanMiniboneFlag=1.0
Pump minibone
close () {'description': 'Bone to Minibone'}
close name=--- desc=Bone to Minibone
checking ownership. requestor=129.138.12.150
check software interlocks E
interlocks []
actuate state mode=None-script, software_lock=False
doing actuation None-script close_channel False
Close E ===>> OK
GetIndicatorState E ===>> False
change switch state (True, True)
update switch state E False args=() kw={} ncanvase=6
11:30:26 -- CLOSE  VALVE-E (Bone to Minibone)
-------------------------- close None (Bone to Minibone) result=[(True, True)]
action=close, ok=True, locked=[False]
open () {'description': 'Minibone to Bone'}
open name=--- desc=Minibone to Bone
checking ownership. requestor=129.138.12.150
check software interlocks I
interlocks []
actuate state mode=None-script, software_lock=False
doing actuation None-script open_channel True
Open I ===>> OK
GetIndicatorState I ===>> OK
change switch state (True, True)
update switch state I True args=() kw={} ncanvase=6
11:30:26 -- OPEN   VALVE-I (Minibone to Bone)
-------------------------- open None (Minibone to Bone) result=[(True, True)]
action=open, ok=True, locked=[False]
close () {'description': 'Microbone to Minibone'}
close name=--- desc=Microbone to Minibone
checking ownership. requestor=129.138.12.150
check software interlocks L
interlocks []
actuate state mode=None-script, software_lock=False
doing actuation None-script close_channel True
Close L ===>> OK
GetIndicatorState L ===>> False
change switch state (True, True)
update switch state L False args=() kw={} ncanvase=6
11:30:27 -- CLOSE  VALVE-L (Microbone to Minibone)
-------------------------- close None (Microbone to Minibone) result=[(True, True)]
action=close, ok=True, locked=[False]
sleep () {'duration': 1.0}
SLEEP 1.0
open () {'description': 'Minibone to Turbo'}
open name=--- desc=Minibone to Turbo
checking ownership. requestor=129.138.12.150
check software interlocks P
interlocks []
actuate state mode=None-script, software_lock=False
doing actuation None-script open_channel True
Open P ===>> OK
GetIndicatorState P ===>> OK
change switch state (True, True)
update switch state P True args=() kw={} ncanvase=6
11:30:29 -- OPEN   VALVE-P (Minibone to Turbo)
-------------------------- open None (Minibone to Turbo) result=[(True, True)]
action=open, ok=True, locked=[False]
open () {'description': 'Quad Inlet'}
open name=--- desc=Quad Inlet
checking ownership. requestor=129.138.12.150
check software interlocks Q
interlocks []
actuate state mode=None-script, software_lock=False
doing actuation None-script open_channel True
Open Q ===>> OK
GetIndicatorState Q ===>> OK
change switch state (True, True)
update switch state Q True args=() kw={} ncanvase=6
11:30:29 -- OPEN   VALVE-Q (Quad Inlet)
-------------------------- open None (Quad Inlet) result=[(True, True)]
action=open, ok=True, locked=[False]
set_resource () {'name': 'MinibonePumpTimeFlag', 'value': 30}
Set MinibonePumpTimeFlag 30 ===>> OK
sleep () {'duration': 15.0}
SLEEP 15.0
block started
WaitControl setup for 15.0  
testing H1<-5.0
evaluate ot="H1.bs<-5.0" t="H1<-5.0", ctx="{'H1': 0.08763607350672654}"
testing H1<-5.0
evaluate ot="H1.bs<-5.0" t="H1<-5.0", ctx="{'H1': 0.08763607350672654}"
testing H1<-5.0
evaluate ot="H1.bs<-5.0" t="H1<-5.0", ctx="{'H1': 0.08763607350672654}"
Join finished
block finished. duration 15.046667099
close () {'description': 'Outer Pipette 1'}
close name=--- desc=Outer Pipette 1
checking ownership. requestor=129.138.12.150
check software interlocks W
interlocks ['X']
actuate state mode=None-script, software_lock=False
doing actuation None-script close_channel True
Close W ===>> OK
set states for children of W. state=False
handle state [('W', False)]
update switch state W False args=() kw={'refresh': False} ncanvase=6
GetIndicatorState W ===>> False
change switch state (True, True)
update switch state W False args=() kw={} ncanvase=6
refresh_canvas_needed fired
11:30:45 -- CLOSE  VALVE-W (Outer Pipette 1)
-------------------------- close None (Outer Pipette 1) result=[(True, True)]
action=close, ok=True, locked=[False]
close () {'description': 'Outer Pipette 2'}
close name=--- desc=Outer Pipette 2
checking ownership. requestor=129.138.12.150
check software interlocks Y
interlocks ['Z']
actuate state mode=None-script, software_lock=False
doing actuation None-script close_channel False
Close Y ===>> OK
GetIndicatorState Y ===>> False
change switch state (True, True)
update switch state Y False args=() kw={} ncanvase=6
11:30:45 -- CLOSE  VALVE-Y (Outer Pipette 2)
-------------------------- close None (Outer Pipette 2) result=[(True, True)]
testing H1<-5.0
evaluate ot="H1.bs<-5.0" t="H1<-5.0", ctx="{'H1': 0.08763607350672654}"
11:30:45 -- collecting point 25
action=close, ok=True, locked=[False]
release ('JanMiniboneFlag',) {}
release JanMiniboneFlag
Set JanMiniboneFlag 0 ===>> OK
executed snippet estimated_duration=16.0, duration=20.3075790405
PumpMinibone.py completed successfully
gosub finished
executed snippet estimated_duration=4.0, duration=26.4754869938
jan_pump_extraction_line.py completed successfully
Post Equilibration Finished
11:30:46 -- ******* Post Equilibration Finished *******
testing H1<-5.0
evaluate ot="H1.bs<-5.0" t="H1<-5.0", ctx="{'H1': 0.08763607350672654}"
testing H1<-5.0
evaluate ot="H1.bs<-5.0" t="H1<-5.0", ctx="{'H1': 0.08763607350672654}"
testing H1<-5.0
evaluate ot="H1.bs<-5.0" t="H1<-5.0", ctx="{'H1': 0.08763607350672654}"
testing H1<-5.0
evaluate ot="H1.bs<-5.0" t="H1<-5.0", ctx="{'H1': 0.08763607350672654}"
testing H1<-5.0
evaluate ot="H1.bs<-5.0" t="H1<-5.0", ctx="{'H1': 0.08763607350672654}"
11:31:12 -- collecting point 50
set states for children of B. state=False
handle state [('B', False)]
update switch state B False args=() kw={'refresh': False} ncanvase=6
refresh_canvas_needed fired
State checksums do not match. Local:800219246 Remote:-1019187554
State checksum failed
set states for children of C. state=False
handle state [('C', False)]
update switch state C False args=() kw={'refresh': False} ncanvase=6
refresh_canvas_needed fired
testing H1<-5.0
evaluate ot="H1.bs<-5.0" t="H1<-5.0", ctx="{'H1': 0.08763607350672654}"
testing H1<-5.0
evaluate ot="H1.bs<-5.0" t="H1<-5.0", ctx="{'H1': 0.08763607350672654}"
testing H1<-5.0
evaluate ot="H1.bs<-5.0" t="H1<-5.0", ctx="{'H1': 0.08763607350672654}"
testing H1<-5.0
evaluate ot="H1.bs<-5.0" t="H1<-5.0", ctx="{'H1': 0.08763607350672654}"
testing H1<-5.0
evaluate ot="H1.bs<-5.0" t="H1<-5.0", ctx="{'H1': 0.08763607350672654}"
11:31:38 -- collecting point 75
testing H1<-5.0
evaluate ot="H1.bs<-5.0" t="H1<-5.0", ctx="{'H1': 0.08763607350672654}"
testing Ar36<0.001
evaluate ot="Ar36.bs_corrected<0.001" t="Ar36<0.001", ctx="{'Ar36': 0.2524102264615637}"
testing H1<-5.0
evaluate ot="H1.bs<-5.0" t="H1<-5.0", ctx="{'H1': 0.08763607350672654}"
testing Ar36<0.001
evaluate ot="Ar36.bs_corrected<0.001" t="Ar36<0.001", ctx="{'Ar36': 0.2530532992383719}"
testing H1<-5.0
evaluate ot="H1.bs<-5.0" t="H1<-5.0", ctx="{'H1': 0.08763607350672654}"
testing Ar36<0.001
evaluate ot="Ar36.bs_corrected<0.001" t="Ar36<0.001", ctx="{'Ar36': 0.25287990853990056}"
testing H1<-5.0
evaluate ot="H1.bs<-5.0" t="H1<-5.0", ctx="{'H1': 0.08763607350672654}"
testing Ar36<0.001
evaluate ot="Ar36.bs_corrected<0.001" t="Ar36<0.001", ctx="{'Ar36': 0.25321081592029115}"
testing H1<-5.0
evaluate ot="H1.bs<-5.0" t="H1<-5.0", ctx="{'H1': 0.08763607350672654}"
testing Ar36<0.001
evaluate ot="Ar36.bs_corrected<0.001" t="Ar36<0.001", ctx="{'Ar36': 0.25339957066353086}"
11:32:04 -- collecting point 100
testing H1<-5.0
evaluate ot="H1.bs<-5.0" t="H1<-5.0", ctx="{'H1': 0.08763607350672654}"
testing Ar36<0.001
evaluate ot="Ar36.bs_corrected<0.001" t="Ar36<0.001", ctx="{'Ar36': 0.25312798284608506}"
testing H1<-5.0
evaluate ot="H1.bs<-5.0" t="H1<-5.0", ctx="{'H1': 0.08763607350672654}"
testing Ar36<0.001
evaluate ot="Ar36.bs_corrected<0.001" t="Ar36<0.001", ctx="{'Ar36': 0.2526217464801308}"
testing H1<-5.0
evaluate ot="H1.bs<-5.0" t="H1<-5.0", ctx="{'H1': 0.08763607350672654}"
testing Ar36<0.001
evaluate ot="Ar36.bs_corrected<0.001" t="Ar36<0.001", ctx="{'Ar36': 0.25195147172121035}"
set states for children of V. state=False
handle state [('V', False)]
update switch state V False args=() kw={'refresh': False} ncanvase=6
refresh_canvas_needed fired
testing H1<-5.0
evaluate ot="H1.bs<-5.0" t="H1<-5.0", ctx="{'H1': 0.08763607350672654}"
testing Ar36<0.001
evaluate ot="Ar36.bs_corrected<0.001" t="Ar36<0.001", ctx="{'Ar36': 0.25143964789634976}"
waiting for write to finish
measurement finished
estimated time: 125.829 actual time: :126.157
flush and close file /Users/jan/PychronDev/data/isotopes/fd/3bca9a-4d8f-48aa-be01-398a82b72c6a.h5
baselines () {'settling_time': 15.0, 'detector': 'H1', 'mass': 34.2, 'ncounts': 60}
%%%%%%%%%%%%%%%%%%%%%%%%%%%%%%%% Baseline
build tables- baseline [Detector(H2), Detector(H1), Detector(AX), Detector(L1), Detector(L2), Detector(CDD)]
add group baseline table H2
add group baseline table H1
add group baseline table AX
add group baseline table L1
add group baseline table L2
add group baseline table CDD
flush and close file /Users/jan/PychronDev/data/isotopes/fd/3bca9a-4d8f-48aa-be01-398a82b72c6a.h5
detector Detector(H1)
POSITION 34.2 H1
Mapping mass to dac mass func: "parabolic"
H1 map mass coeffs = [ -3.11428344e-04   1.33794662e-01   1.02830323e+00]
H1 map mass to dac 34.2 >> 5.23982160773
GetDeflection H1 ===>> 0
GetHighVoltage ===>> 4499.94659342336
positioning 34.2 (5.23979075091) on H1
setting magnet DAC
current  : 5.877675
requested: 5.239791
Delta Dac: 0.637885
Checking detector protection. dv=0.63788
Checking detector "CDD". Protection Threshold: 0.5 (V)
ProtectDetector CDD,On ===>> OK
GetDeflection CDD ===>> 2000
Protected = 2000
SetMagnetDAC 5.23979075091 ===>> OK
Magnet settling time: 0.500 0.500
Magnet settling complete
Wait for magnet to stop moving
GetMagnetMoving ===>> True
set states for children of H. state=True
handle state [('H', True)]
update switch state H True args=() kw={'refresh': False} ncanvase=6
refresh_canvas_needed fired
GetMagnetMoving ===>> True
GetMagnetMoving ===>> True
GetMagnetMoving ===>> True
GetMagnetMoving ===>> True
GetMagnetMoving ===>> True
GetMagnetMoving ===>> True
GetMagnetMoving ===>> True
GetMagnetMoving ===>> True
GetMagnetMoving ===>> False
Magnet move complete
Unprotect detectors
ProtectDetector CDD,Off ===>> OK
GetDeflection CDD ===>> 50
set_dac. change=True
Delaying 15.0s for detectors to settle
Join finished
measuring baseline. ncounts=60
"baseline" increment series count="2" fit count="1" regressing="True"
starting measurement
testing H1<-5.0
evaluate ot="H1.bs<-5.0" t="H1<-5.0", ctx="{'H1': 0.08163264023788318}"
testing H1<-5.0
evaluate ot="H1.bs<-5.0" t="H1<-5.0", ctx="{'H1': 0.10068138205856633}"
set states for children of H. state=False
handle state [('H', False)]
update switch state H False args=() kw={'refresh': False} ncanvase=6
refresh_canvas_needed fired
set states for children of C. state=True
handle state [('C', True)]
update switch state C True args=() kw={'refresh': False} ncanvase=6
refresh_canvas_needed fired
testing H1<-5.0
evaluate ot="H1.bs<-5.0" t="H1<-5.0", ctx="{'H1': 0.09861601863140661}"
set states for children of B. state=True
handle state [('B', True)]
update switch state B True args=() kw={'refresh': False} ncanvase=6
refresh_canvas_needed fired
testing H1<-5.0
evaluate ot="H1.bs<-5.0" t="H1<-5.0", ctx="{'H1': 0.09966052641976311}"
testing H1<-5.0
evaluate ot="H1.bs<-5.0" t="H1<-5.0", ctx="{'H1': 0.10920314471656882}"
11:33:10 -- collecting point 25
testing H1<-5.0
evaluate ot="H1.bs<-5.0" t="H1<-5.0", ctx="{'H1': 0.10453567724342681}"
testing H1<-5.0
evaluate ot="H1.bs<-5.0" t="H1<-5.0", ctx="{'H1': 0.10768616741117941}"
testing H1<-5.0
evaluate ot="H1.bs<-5.0" t="H1<-5.0", ctx="{'H1': 0.10816485655995045}"
testing H1<-5.0
evaluate ot="H1.bs<-5.0" t="H1<-5.0", ctx="{'H1': 0.10834745432661132}"
testing H1<-5.0
evaluate ot="H1.bs<-5.0" t="H1<-5.0", ctx="{'H1': 0.11124181154027632}"
11:33:36 -- collecting point 50
testing H1<-5.0
evaluate ot="H1.bs<-5.0" t="H1<-5.0", ctx="{'H1': 0.11010064439437478}"
testing H1<-5.0
evaluate ot="H1.bs<-5.0" t="H1<-5.0", ctx="{'H1': 0.11131013907500796}"
waiting for write to finish
measurement finished
estimated time: 62.915 actual time: :63.114
flush and close file /Users/jan/PychronDev/data/isotopes/fd/3bca9a-4d8f-48aa-be01-398a82b72c6a.h5
activate_detectors ('H1', 'AX', 'CDD') {'peak_center': True}
peak_center () {'detector': 'H1', 'integration_time': 0.262144, 'isotope': 'Ar40'}
peak center: mean=1096.00774809 threshold=5.0
peak center started
setup peak center. detector=['H1', 'AX', 'CDD'], isotope=Ar40
VersionedUnpickler [<apptools.sweet_pickle.versioned_unpickler.VersionedUnpickler object at 0x1478af890>] using Updater [<apptools.sweet_pickle.updater.Updater object at 0x129d3b650>]
VersionedUnpickler [<apptools.sweet_pickle.versioned_unpickler.VersionedUnpickler object at 0x1478af890>] using Updater [<apptools.sweet_pickle.updater.Updater object at 0x129d3b650>]
VersionedUnpickler [<apptools.sweet_pickle.versioned_unpickler.VersionedUnpickler object at 0x16235d170>] using Updater [<apptools.sweet_pickle.updater.Updater object at 0x129d3b650>]
Mapping mass to dac mass func: "parabolic"
H1 map mass coeffs = [ -3.11428344e-04   1.33794662e-01   1.02830323e+00]
H1 map mass to dac 39.9624 >> 5.87771
GetDeflection H1 ===>> 0
GetHighVoltage ===>> 4499.94659342336
do peak center. <pychron.spectrometer.jobs.peak_center.PeakCenter object at 0x13ce3b410>
doing pc
starting peak center. center dac= 5.87767538672 step_width=0.001
width = 0.001
get scan parameters. half-width=0.015,window=0.015, i=0, scalar=1
Scan parameters center=5.87768 width=0.03000 (5.86268 - 5.89268)
Moving to starting dac 5.86267538672
setting magnet DAC
current  : 5.239791
requested: 5.862675
Delta Dac: 0.622885
Checking detector protection. dv=0.62288
Checking detector "CDD". Protection Threshold: 0.5 (V)
ProtectDetector CDD,On ===>> OK
GetDeflection CDD ===>> 2000
Protected = 2000
SetMagnetDAC 5.86267538672 ===>> OK
Magnet settling time: 0.500 0.500
Magnet settling complete
Wait for magnet to stop moving
GetMagnetMoving ===>> True
GetMagnetMoving ===>> True
GetMagnetMoving ===>> True
GetMagnetMoving ===>> True
GetMagnetMoving ===>> True
GetMagnetMoving ===>> True
GetMagnetMoving ===>> True
GetMagnetMoving ===>> True
GetMagnetMoving ===>> True
GetMagnetMoving ===>> False
Magnet move complete
Unprotect detectors
ProtectDetector CDD,Off ===>> OK
GetDeflection CDD ===>> 50
set_dac. change=True
Wait until signal near baseline. tol= 0.101654228623. timeout= 10
Peak center failed to move to a baseline position
_do_sweep sm= 5.86267538672, em= 5.89267538672, stm= 0.001
calculated step values: start=5.86267538672, end=5.89267538672, width=0.001, nsteps=31.0
setting magnet DAC
current  : 5.862675
requested: 5.862675
Delta Dac: 0.000000
Checking detector protection. dv=0.00000
Checking detector "CDD". Protection Threshold: 0.5 (V)
SetMagnetDAC 5.86267538672 ===>> OK
set_dac. change=False
setting magnet DAC
current  : 5.862675
requested: 5.863710
Delta Dac: 0.001034
Checking detector protection. dv=0.00103
Checking detector "CDD". Protection Threshold: 0.5 (V)
SetMagnetDAC 5.86370986948 ===>> OK
Magnet settling time: 2.097 0.500
Magnet settling complete
set_dac. change=True
setting magnet DAC
current  : 5.863710
requested: 5.864744
Delta Dac: 0.001034
Checking detector protection. dv=0.00103
Checking detector "CDD". Protection Threshold: 0.5 (V)
SetMagnetDAC 5.86474435223 ===>> OK
Magnet settling time: 2.097 0.500
Magnet settling complete
set_dac. change=True
setting magnet DAC
current  : 5.864744
requested: 5.865779
Delta Dac: 0.001034
Checking detector protection. dv=0.00103
Checking detector "CDD". Protection Threshold: 0.5 (V)
SetMagnetDAC 5.86577883499 ===>> OK
Magnet settling time: 2.097 0.500
Magnet settling complete
set_dac. change=True
setting magnet DAC
current  : 5.865779
requested: 5.866813
Delta Dac: 0.001034
Checking detector protection. dv=0.00103
Checking detector "CDD". Protection Threshold: 0.5 (V)
SetMagnetDAC 5.86681331775 ===>> OK
Magnet settling time: 2.097 0.500
Magnet settling complete
set_dac. change=True
setting magnet DAC
current  : 5.866813
requested: 5.867848
Delta Dac: 0.001034
Checking detector protection. dv=0.00103
Checking detector "CDD". Protection Threshold: 0.5 (V)
SetMagnetDAC 5.86784780051 ===>> OK
Magnet settling time: 2.097 0.500
Magnet settling complete
set_dac. change=True
setting magnet DAC
current  : 5.867848
requested: 5.868882
Delta Dac: 0.001034
Checking detector protection. dv=0.00103
Checking detector "CDD". Protection Threshold: 0.5 (V)
SetMagnetDAC 5.86888228327 ===>> OK
Magnet settling time: 2.097 0.500
Magnet settling complete
set_dac. change=True
setting magnet DAC
current  : 5.868882
requested: 5.869917
Delta Dac: 0.001034
Checking detector protection. dv=0.00103
Checking detector "CDD". Protection Threshold: 0.5 (V)
SetMagnetDAC 5.86991676603 ===>> OK
Magnet settling time: 2.097 0.500
Magnet settling complete
set_dac. change=True
setting magnet DAC
current  : 5.869917
requested: 5.870951
Delta Dac: 0.001034
Checking detector protection. dv=0.00103
Checking detector "CDD". Protection Threshold: 0.5 (V)
SetMagnetDAC 5.87095124879 ===>> OK
Magnet settling time: 2.097 0.500
Magnet settling complete
set_dac. change=True
setting magnet DAC
current  : 5.870951
requested: 5.871986
Delta Dac: 0.001034
Checking detector protection. dv=0.00103
Checking detector "CDD". Protection Threshold: 0.5 (V)
SetMagnetDAC 5.87198573154 ===>> OK
Magnet settling time: 2.097 0.500
Magnet settling complete
set_dac. change=True
setting magnet DAC
current  : 5.871986
requested: 5.873020
Delta Dac: 0.001034
Checking detector protection. dv=0.00103
Checking detector "CDD". Protection Threshold: 0.5 (V)
SetMagnetDAC 5.8730202143 ===>> OK
Magnet settling time: 2.097 0.500
Magnet settling complete
set_dac. change=True
setting magnet DAC
current  : 5.873020
requested: 5.874055
Delta Dac: 0.001034
Checking detector protection. dv=0.00103
Checking detector "CDD". Protection Threshold: 0.5 (V)
SetMagnetDAC 5.87405469706 ===>> OK
Magnet settling time: 2.097 0.500
Magnet settling complete
set_dac. change=True
setting magnet DAC
current  : 5.874055
requested: 5.875089
Delta Dac: 0.001034
Checking detector protection. dv=0.00103
Checking detector "CDD". Protection Threshold: 0.5 (V)
SetMagnetDAC 5.87508917982 ===>> OK
Magnet settling time: 2.097 0.500
Magnet settling complete
set_dac. change=True
setting magnet DAC
current  : 5.875089
requested: 5.876124
Delta Dac: 0.001034
Checking detector protection. dv=0.00103
Checking detector "CDD". Protection Threshold: 0.5 (V)
SetMagnetDAC 5.87612366258 ===>> OK
Magnet settling time: 2.097 0.500
Magnet settling complete
set_dac. change=True
setting magnet DAC
current  : 5.876124
requested: 5.877158
Delta Dac: 0.001034
Checking detector protection. dv=0.00103
Checking detector "CDD". Protection Threshold: 0.5 (V)
SetMagnetDAC 5.87715814534 ===>> OK
Magnet settling time: 2.097 0.500
Magnet settling complete
set_dac. change=True
setting magnet DAC
current  : 5.877158
requested: 5.878193
Delta Dac: 0.001034
Checking detector protection. dv=0.00103
Checking detector "CDD". Protection Threshold: 0.5 (V)
SetMagnetDAC 5.8781926281 ===>> OK
Magnet settling time: 2.097 0.500
Magnet settling complete
set_dac. change=True
setting magnet DAC
current  : 5.878193
requested: 5.879227
Delta Dac: 0.001034
Checking detector protection. dv=0.00103
Checking detector "CDD". Protection Threshold: 0.5 (V)
SetMagnetDAC 5.87922711085 ===>> OK
Magnet settling time: 2.097 0.500
Magnet settling complete
set_dac. change=True
setting magnet DAC
current  : 5.879227
requested: 5.880262
Delta Dac: 0.001034
Checking detector protection. dv=0.00103
Checking detector "CDD". Protection Threshold: 0.5 (V)
SetMagnetDAC 5.88026159361 ===>> OK
Magnet settling time: 2.097 0.500
Magnet settling complete
set_dac. change=True
setting magnet DAC
current  : 5.880262
requested: 5.881296
Delta Dac: 0.001034
Checking detector protection. dv=0.00103
Checking detector "CDD". Protection Threshold: 0.5 (V)
SetMagnetDAC 5.88129607637 ===>> OK
Magnet settling time: 2.097 0.500
Magnet settling complete
set_dac. change=True
setting magnet DAC
current  : 5.881296
requested: 5.882331
Delta Dac: 0.001034
Checking detector protection. dv=0.00103
Checking detector "CDD". Protection Threshold: 0.5 (V)
SetMagnetDAC 5.88233055913 ===>> OK
Magnet settling time: 2.097 0.500
Magnet settling complete
set_dac. change=True
setting magnet DAC
current  : 5.882331
requested: 5.883365
Delta Dac: 0.001034
Checking detector protection. dv=0.00103
Checking detector "CDD". Protection Threshold: 0.5 (V)
SetMagnetDAC 5.88336504189 ===>> OK
Magnet settling time: 2.097 0.500
Magnet settling complete
set_dac. change=True
setting magnet DAC
current  : 5.883365
requested: 5.884400
Delta Dac: 0.001034
Checking detector protection. dv=0.00103
Checking detector "CDD". Protection Threshold: 0.5 (V)
SetMagnetDAC 5.88439952465 ===>> OK
Magnet settling time: 2.097 0.500
Magnet settling complete
set_dac. change=True
setting magnet DAC
current  : 5.884400
requested: 5.885434
Delta Dac: 0.001034
Checking detector protection. dv=0.00103
Checking detector "CDD". Protection Threshold: 0.5 (V)
SetMagnetDAC 5.88543400741 ===>> OK
Magnet settling time: 2.097 0.500
Magnet settling complete
set_dac. change=True
setting magnet DAC
current  : 5.885434
requested: 5.886468
Delta Dac: 0.001034
Checking detector protection. dv=0.00103
Checking detector "CDD". Protection Threshold: 0.5 (V)
SetMagnetDAC 5.88646849017 ===>> OK
Magnet settling time: 2.097 0.500
Magnet settling complete
set_dac. change=True
setting magnet DAC
current  : 5.886468
requested: 5.887503
Delta Dac: 0.001034
Checking detector protection. dv=0.00103
Checking detector "CDD". Protection Threshold: 0.5 (V)
SetMagnetDAC 5.88750297292 ===>> OK
Magnet settling time: 2.097 0.500
Magnet settling complete
set_dac. change=True
setting magnet DAC
current  : 5.887503
requested: 5.888537
Delta Dac: 0.001034
Checking detector protection. dv=0.00103
Checking detector "CDD". Protection Threshold: 0.5 (V)
SetMagnetDAC 5.88853745568 ===>> OK
Magnet settling time: 2.097 0.500
Magnet settling complete
set_dac. change=True
setting magnet DAC
current  : 5.888537
requested: 5.889572
Delta Dac: 0.001034
Checking detector protection. dv=0.00103
Checking detector "CDD". Protection Threshold: 0.5 (V)
SetMagnetDAC 5.88957193844 ===>> OK
Magnet settling time: 2.097 0.500
Magnet settling complete
set_dac. change=True
setting magnet DAC
current  : 5.889572
requested: 5.890606
Delta Dac: 0.001034
Checking detector protection. dv=0.00103
Checking detector "CDD". Protection Threshold: 0.5 (V)
SetMagnetDAC 5.8906064212 ===>> OK
Magnet settling time: 2.097 0.500
Magnet settling complete
set_dac. change=True
setting magnet DAC
current  : 5.890606
requested: 5.891641
Delta Dac: 0.001034
Checking detector protection. dv=0.00103
Checking detector "CDD". Protection Threshold: 0.5 (V)
SetMagnetDAC 5.89164090396 ===>> OK
Magnet settling time: 2.097 0.500
Magnet settling complete
set_dac. change=True
setting magnet DAC
current  : 5.891641
requested: 5.892675
Delta Dac: 0.001034
Checking detector protection. dv=0.00103
Checking detector "CDD". Protection Threshold: 0.5 (V)
SetMagnetDAC 5.89267538672 ===>> OK
Magnet settling time: 2.097 0.500
Magnet settling complete
set_dac. change=True
result of _do_sweep=True
result of _calculate_peak_center=([5.8694990340115609, 5.8772846051538457, 5.8850701762961304], [760.77550212093672, 1044.2162056967072, 775.97845911543732], 5.8734970300035458, 1044.2162056967072)
Failed to find a valid peak. No peak greater than 1.0. max = 0.236770959779
new center pos Detector(H1) (Ar40) @ 5.87728460515
GetHighVoltage ===>> 4499.94659342336
GetDeflection H1 ===>> 0
dac uncorrected for HV and deflection 5.87731921614
update mftable H1 Ar40 5.87731921614 message=automated run peakcenter
get initial guess parabolic
get initial guess parabolic
get initial guess parabolic
get initial guess parabolic
get initial guess parabolic
get initial guess parabolic
dump mftable to /Users/jan/PychronDev/setupfiles/spectrometer/mftables/mftable.csv
add to repo msg=modified - automated run peakcenter
sweep finished
locally archiving mftable
setting magnet DAC
current  : 5.892675
requested: 5.877285
Delta Dac: 0.015391
Checking detector protection. dv=0.01539
Checking detector "CDD". Protection Threshold: 0.5 (V)
SetMagnetDAC 5.87728460515 ===>> OK
Magnet settling time: 0.500 0.500
Magnet settling complete
set_dac. change=True
Failed to find a valid peak. No peak greater than 1.0. max = 0.236770959779
flush and close file /Users/jan/PychronDev/data/isotopes/fd/3bca9a-4d8f-48aa-be01-398a82b72c6a.h5
finished measure script
executed snippet estimated_duration=213.0, duration=306.328992844
jan_unknown120_60.py completed successfully
Measurement Finished
11:35:05 -- ******* Measurement Finished *******
Post Measurement Started jan_pump_ms.py
11:35:05 -- ******* Post Measurement Started jan_pump_ms.py *******
testing...
no interpolation path defined
executed snippet estimated_duration=0, duration=5.41210174561e-05
Pumping spectrometer
open () {'name': 'O'}
open name=O desc=---
checking ownership. requestor=129.138.144.15
check software interlocks O
interlocks []
actuate state mode=None-script, software_lock=False
doing actuation None-script open_channel True
Open O ===>> OK
GetIndicatorState O ===>> OK
change switch state (True, True)
update switch state O True args=() kw={} ncanvase=6
11:35:05 -- OPEN   VALVE-O (Jan Ion Pump)
-------------------------- open O () result=[(True, True)]
action=open, ok=True, locked=[False]
executed snippet estimated_duration=0, duration=0.376538038254
jan_pump_ms.py completed successfully
setting _ms_pumptime
Post Measurement Finished
11:35:05 -- ******* Post Measurement Finished *******
$$$$$$$$$$$$$$$$$$$$ state at run end measurement
state changed from measurement to success
post measurement save measured=True aborted=False
Set filtering
setting fod for Ar41= {'filter_outliers': True, 'std_devs': 2, 'iterations': 1}
setting fod for H2= {'filter_outliers': True, 'std_devs': 2, 'iterations': 1}
setting fod for Ar40= {'filter_outliers': True, 'std_devs': 2, 'iterations': 1}
setting fod for H1= {'filter_outliers': True, 'std_devs': 2, 'iterations': 1}
setting fod for Ar36= {'filter_outliers': True, 'std_devs': 2, 'iterations': 1}
setting fod for CDD= {'filter_outliers': True, 'std_devs': 10, 'iterations': 1}
setting fod for Ar37= {'filter_outliers': True, 'std_devs': 2, 'iterations': 1}
setting fod for L2= {'filter_outliers': True, 'std_devs': 2, 'iterations': 1}
setting fod for Ar38= {'filter_outliers': True, 'std_devs': 2, 'iterations': 1}
setting fod for L1= {'filter_outliers': True, 'std_devs': 2, 'iterations': 1}
setting fod for Ar39= {'filter_outliers': True, 'std_devs': 2, 'iterations': 1}
setting fod for AX= {'filter_outliers': True, 'std_devs': 2, 'iterations': 1}
not connected to db mysql://janexp@129.138.12.160/labspy
Enviromentals: {'lab_humiditys': [{'device': 'EnvironmentalMonitor',
                    'name': 'Lab Hum.',
                    'pub_date': '2017-08-29T11:16:03',
                    'title': 'iServer Hum.',
                    'value': 53.9}],
 'lab_pneumatics': [{'device': 'AirPressure',
                     'name': 'Pressure',
                     'pub_date': '2017-08-29T11:35:01',
                     'title': None,
                     'value': 101.55},
                    {'device': 'AirPressure2',
                     'name': 'Pressure2',
                     'pub_date': '2017-08-29T11:35:01',
                     'title': None,
                     'value': 102.82168}],
 'lab_temperatures': [{'device': 'EnvironmentalMonitor',
                       'name': 'Lab Temp.',
                       'pub_date': '2017-08-29T11:05:54',
                       'title': 'iServer Temp.',
                       'value': 72.5},
                      {'device': 'Chiller',
                       'name': 'Coolant Temp.',
                       'pub_date': '2017-08-29T11:01:53',
                       'title': None,
                       'value': 18.0}]}
persistence save...
persistence save - db
post measurement save
6271253680 connecting to database sqlite://@/
connected to db sqlite://@/
create new session 6271253680
close session 6271253680
No database instance. Not saving post measurement to isotopedb database
$$$$$$$$$$$$$$$ auto_save_detector_ic=False
massspec enabled True
create new session 6022456528
MassSpec Database Version: 16.0
close session 6022456528
saving post measurement to secondary database
saving to massspec database 129.138.12.160/massspecdata
setting labnumber to c-02-J
setting aliquot to 2447
setting step to 
setting uuid to fd3bca9a-4d8f-48aa-be01-398a82b72c6a
setting irradpos to c-02-J
setting extract_device to Fusions CO2
setting tray to 
setting position to 
setting power_requested to 0.0
setting extract_value to 0.0
setting duration to 0.0
setting duration_at_request to 0.0
setting first_stage_delay to 0.0
setting cleanup to 0.0
setting comment to 
setting irradiation to Cocktail-02
setting level to A
setting irradiation_level to A
setting sample to cocktail
setting material to Gas
setting project to REFERENCES
setting mass_spectrometer to Jan
no attribute chron_dosages
no attribute production_ratios
no attribute interference_corrections
no attribute production_name
no attribute j
Reference Isotope=Ar40
Reference Detector=H1
%%%%%%%%%%%%%%%%%%%% Comment:  %%%%%%%%%%%%%%%%%%%
adding isotope Ar41 H2
add baseline dbdet= Ar41. original det= H2
get baseline data Ar41 H2
Get data baseline <pychron.processing.isotope.Baseline object at 0x16c2d9810> len t=60
baseline Ar41. v=-0.0965953308124, e=0.00428595495293
get signal data Ar41 H2
Get data signal Ar41 0.0673+/-0.0033 len t=120
adding isotope Ar40 H1
add baseline dbdet= Ar40. original det= H1
get baseline data Ar40 H1
Get data baseline <pychron.processing.isotope.Baseline object at 0x16c2d97d0> len t=60
baseline Ar40. v=0.113704664996, e=0.00424531711008
get signal data Ar40 H1
Get data signal Ar40 1143.20+/-0.07 len t=120
adding isotope Ar39 AX
add baseline dbdet= Ar39. original det= AX
get baseline data Ar39 AX
Get data baseline <pychron.processing.isotope.Baseline object at 0x1568eda50> len t=60
baseline Ar39. v=0.0802226688682, e=0.00684397305129
get signal data Ar39 AX
Get data signal Ar39 86.483+/-0.020 len t=120
adding isotope Ar38 L1
add baseline dbdet= Ar38. original det= L1
get baseline data Ar38 L1
Get data baseline <pychron.processing.isotope.Baseline object at 0x1568ed2d0> len t=60
baseline Ar38. v=-0.0252689655435, e=0.00237208832476
get signal data Ar38 L1
Get data signal Ar38 1.182+/-0.005 len t=120
adding isotope Ar37 L2
add baseline dbdet= Ar37. original det= L2
get baseline data Ar37 L2
Get data baseline <pychron.processing.isotope.Baseline object at 0x1568ed850> len t=60
baseline Ar37. v=0.00506948995602, e=0.00555206372758
get signal data Ar37 L2
Get data signal Ar37 0.044+/-0.011 len t=120
adding isotope Ar36 CDD
add baseline dbdet= Ar36. original det= CDD
get baseline data Ar36 CDD
Get data baseline <pychron.processing.isotope.Baseline object at 0x16cb6c550> len t=60
baseline Ar36. v=0.000210155568307, e=2.39904286277e-05
get signal data Ar36 CDD
Get data signal Ar36 0.2512+/-0.0013 len t=120
4416-2447 added analysis time 0.522518873215s
analysis added to mass spec database
mass spec save time= 0.538
persistence save - dvc
================= post measurement started
create new session 4935214768
close session 4935214768
---------------- Experiment Queue saving disabled
DVC saving peakcenter
Failed to find a valid peak. No peak greater than 1.0. max = 0.236770959779
Smart pull ahead: 0 behind: 0
Up-to-date with origin
add to repo msg=modified - ad8224ebc6dbfeb9f5997218dfa5fe690569839d.json
add to repo msg=modified - -J-2447.json
add to repo msg=modified - -J-2447.dat.json
add to repo msg=modified - -J-2447.blan.json
add to repo msg=modified - -J-2447.inte.json
add to repo msg=modified - -J-2447.icfa.json
add to repo msg=modified - -J-2447.base.json
not at valid file /Users/jan/PychronDev/data/.dvc/repositories/Jan_cocktail171/c-02/tags/-J-2447.tags.json
add to repo msg=modified - -J-2447.peak.json
add to repo msg=modified - -J-2447.extr.json
not at valid file /Users/jan/PychronDev/data/.dvc/repositories/Jan_cocktail171/c-02/monitor/-J-2447.moni.json
commit message=<COLLECTION>
add to repo msg=modified - -J-2447.inte.json
add to repo msg=modified - -J-2447.base.json
commit message=<ISOEVO> default collection fits
add to repo msg=modified - -J-2447.blan.json
commit message=<BLANKS> preceding bc-02-J-900
add to repo msg=modified - -J-2447.icfa.json
commit message=<ICFactor> default
push repository <pychron.git_archive.repo_manager.GitRepoManager object at 0x171e0fa10>
pushing to remote=origin, url=https://github.com
no changes to meta repo
create new session 4935214768
add association Jan_cocktail171
get identifier "c-02-J"
setting analysis irradiation position=<pychron.dvc.dvc_orm.IrradiationPositionTbl object at 0x171f49550>
close session 4935214768
================= post measurement finished
11:35:20 -- ******* Post Run Check *******
loading queue conditionals post_run_actions
loading system conditionals post_run_actions
loading conditionals from /Users/jan/PychronDev/setupfiles/spectrometer/default_conditionals.yaml
loading queue conditionals post_run_terminations
loading system conditionals post_run_terminations
loading conditionals from /Users/jan/PychronDev/setupfiles/spectrometer/default_conditionals.yaml
Checking default post run terminations n=1
GetDeflection CDD ===>> 50
testing CDD==2000
evaluate ot="CDD.deflection==2000" t="CDD==2000", ctx="{'CDD': 50.0}"
11:35:20 -- ******* Post Run Check Passed *******
11:35:20 -- Automated run c-02-J-2447 success duration: 393.203 s
----------------- finish -----------------
----------------- stop -----------------
retroactive repository identifiers disabled
finish run. runs completed=21
update duration runid=c-02-J-2447, duration=393.202558041, md5=c594f137
loading script "jan_co2_whiff_400_120_large.py"
loading script "jan_pump_ms.py"
loading script "jan_co2.py"
loading script "jan_pump_extraction_line.py"
testing...
no interpolation path defined
executed snippet estimated_duration=543.96, duration=0.000257015228271
script duration name:co2_whiff_400_120_large seconds:544.0
loading script "jan_co2_whiff_400_120_large.py"
loading script "jan_pump_ms.py"
loading script "jan_co2.py"
loading script "jan_pump_extraction_line.py"
testing...
no interpolation path defined
executed snippet estimated_duration=0, duration=3.00407409668e-05
loading script "jan_co2_whiff_400_120_large.py"
loading script "jan_pump_ms.py"
loading script "jan_co2.py"
loading script "jan_pump_extraction_line.py"
testing...
no interpolation path defined
calculate duration
testing...
no interpolation path defined
executed snippet estimated_duration=0, duration=6.07967376709e-05
calculate duration
testing...
no interpolation path defined
executed snippet estimated_duration=0, duration=0.000149965286255
executed snippet estimated_duration=0.0, duration=0.0053539276123
script duration name:co2 seconds:0.0
loading script "jan_co2_whiff_400_120_large.py"
loading script "jan_pump_ms.py"
loading script "jan_co2.py"
loading script "jan_pump_extraction_line.py"
testing...
no interpolation path defined
calculate duration
testing...
no interpolation path defined
executed snippet estimated_duration=4.0, duration=0.000211000442505
executed snippet estimated_duration=4.0, duration=0.00280213356018
Script duration 544.0
Run total estimated duration= 545.000
co2_whiff_400_120_large in script context. using previous estimated duration
script duration name:co2_whiff_400_120_large seconds:544.0
pump_ms in script context. using previous estimated duration
co2 in script context. using previous estimated duration
script duration name:co2 seconds:0.0
pump_extraction_line in script context. using previous estimated duration
Script duration 544.0
Run total estimated duration= 545.000
script duration name:co2_whiff_400_120_large seconds:544.0
script duration name:co2 seconds:0.0
Script duration 544.0
Run total estimated duration= 545.000
script duration name:co2_whiff_400_120_large seconds:544.0
script duration name:co2 seconds:0.0
Script duration 544.0
Run total estimated duration= 545.000
script duration name:co2_whiff_400_120_large seconds:544.0
script duration name:co2 seconds:0.0
Script duration 544.0
Run total estimated duration= 545.000
script duration name:co2_whiff_400_120_large seconds:544.0
script duration name:co2 seconds:0.0
Script duration 544.0
Run total estimated duration= 545.000
loading script "jan_unknown400_120.py"
loading script "jan_pump_ms.py"
loading script "jan_sniffair_x2.py"
loading script "jan_pump_extraction_line.py"
testing...
no interpolation path defined
executed snippet estimated_duration=539.8, duration=0.000163078308105
script duration name:unknown400_120 seconds:540.0
loading script "jan_unknown400_120.py"
loading script "jan_pump_ms.py"
loading script "jan_sniffair_x2.py"
loading script "jan_pump_extraction_line.py"
testing...
no interpolation path defined
calculate duration
testing...
no interpolation path defined
executed snippet estimated_duration=0, duration=5.29289245605e-05
calculate duration
testing...
no interpolation path defined
executed snippet estimated_duration=0, duration=0.000125885009766
calculate duration
testing...
no interpolation path defined
executed snippet estimated_duration=32.0, duration=0.000111103057861
calculate duration
testing...
no interpolation path defined
executed snippet estimated_duration=34.0, duration=0.0001380443573
calculate duration
testing...
no interpolation path defined
executed snippet estimated_duration=4.0, duration=7.5101852417e-05
calculate duration
testing...
no interpolation path defined
executed snippet estimated_duration=36.0, duration=0.000132083892822
calculate duration
testing...
no interpolation path defined
executed snippet estimated_duration=34.0, duration=0.000119924545288
calculate duration
testing...
no interpolation path defined
executed snippet estimated_duration=4.0, duration=0.000118970870972
calculate duration
testing...
no interpolation path defined
executed snippet estimated_duration=36.0, duration=8.98838043213e-05
calculate duration
testing...
no interpolation path defined
executed snippet estimated_duration=70.0, duration=0.000116109848022
executed snippet estimated_duration=250.0, duration=0.039922952652
script duration name:sniffair_x2 seconds:250.0
Script duration 790.0
Run total estimated duration= 791.000
unknown400_120 in script context. using previous estimated duration
script duration name:unknown400_120 seconds:540.0
sniffair_x2 in script context. using previous estimated duration
script duration name:sniffair_x2 seconds:250.0
Script duration 790.0
Run total estimated duration= 791.000
script duration name:co2_whiff_400_120_large seconds:544.0
script duration name:co2 seconds:0.0
Script duration 544.0
Run total estimated duration= 545.000
script duration name:co2_whiff_400_120_large seconds:544.0
script duration name:co2 seconds:0.0
Script duration 544.0
Run total estimated duration= 545.000
script duration name:co2_whiff_400_120_large seconds:544.0
script duration name:co2 seconds:0.0
Script duration 544.0
Run total estimated duration= 545.000
script duration name:co2_whiff_400_120_large seconds:544.0
script duration name:co2 seconds:0.0
Script duration 544.0
Run total estimated duration= 545.000
script duration name:co2_whiff_400_120_large seconds:544.0
script duration name:co2 seconds:0.0
Script duration 544.0
Run total estimated duration= 545.000
script duration name:co2_whiff_400_120_large seconds:544.0
script duration name:co2 seconds:0.0
Script duration 544.0
Run total estimated duration= 545.000
loading script "jan_unknown120_60.py"
loading script "jan_pump_ms.py"
loading script "jan_cocktail_x1.py"
loading script "jan_pump_extraction_line.py"
testing...
no interpolation path defined
executed snippet estimated_duration=197.4, duration=0.000164985656738
script duration name:unknown120_60 seconds:197.0
loading script "jan_unknown120_60.py"
loading script "jan_pump_ms.py"
loading script "jan_cocktail_x1.py"
loading script "jan_pump_extraction_line.py"
testing...
no interpolation path defined
calculate duration
testing...
no interpolation path defined
executed snippet estimated_duration=0, duration=5.3882598877e-05
calculate duration
testing...
no interpolation path defined
executed snippet estimated_duration=0, duration=0.000107049942017
calculate duration
testing...
no interpolation path defined
executed snippet estimated_duration=32.0, duration=0.0001060962677
calculate duration
testing...
no interpolation path defined
executed snippet estimated_duration=34.0, duration=0.000113010406494
calculate duration
testing...
no interpolation path defined
executed snippet estimated_duration=4.0, duration=7.29560852051e-05
calculate duration
testing...
no interpolation path defined
executed snippet estimated_duration=38.0, duration=9.98973846436e-05
executed snippet estimated_duration=108.0, duration=0.0295147895813
script duration name:cocktail_x1 seconds:108.0
Script duration 305.0
Run total estimated duration= 306.000
script duration name:co2_whiff_400_120_large seconds:544.0
script duration name:co2 seconds:0.0
Script duration 544.0
Run total estimated duration= 545.000
script duration name:co2_whiff_400_120_large seconds:544.0
script duration name:co2 seconds:0.0
Script duration 544.0
Run total estimated duration= 545.000
script duration name:co2_whiff_400_120_large seconds:544.0
script duration name:co2 seconds:0.0
Script duration 544.0
Run total estimated duration= 545.000
script duration name:unknown400_120 seconds:540.0
script duration name:co2 seconds:0.0
Script duration 540.0
Run total estimated duration= 541.000
script duration name:co2_whiff_400_120_large seconds:544.0
script duration name:co2 seconds:0.0
Script duration 544.0
Run total estimated duration= 545.000
script duration name:co2_whiff_400_120_large seconds:544.0
script duration name:co2 seconds:0.0
Script duration 544.0
Run total estimated duration= 545.000
script duration name:co2_whiff_400_120_large seconds:544.0
script duration name:co2 seconds:0.0
Script duration 544.0
Run total estimated duration= 545.000
script duration name:co2_whiff_400_120_large seconds:544.0
script duration name:co2 seconds:0.0
Script duration 544.0
Run total estimated duration= 545.000
script duration name:co2_whiff_400_120_large seconds:544.0
script duration name:co2 seconds:0.0
Script duration 544.0
Run total estimated duration= 545.000
script duration name:co2_whiff_400_120_large seconds:544.0
script duration name:co2 seconds:0.0
Script duration 544.0
Run total estimated duration= 545.000
script duration name:co2_whiff_400_120_large seconds:544.0
script duration name:co2 seconds:0.0
Script duration 544.0
Run total estimated duration= 545.000
script duration name:co2_whiff_400_120_large seconds:544.0
script duration name:co2 seconds:0.0
Script duration 544.0
Run total estimated duration= 545.000
script duration name:co2_whiff_400_120_large seconds:544.0
script duration name:co2 seconds:0.0
Script duration 544.0
Run total estimated duration= 545.000
unknown120_60 in script context. using previous estimated duration
script duration name:unknown120_60 seconds:197.0
cocktail_x1 in script context. using previous estimated duration
script duration name:cocktail_x1 seconds:108.0
Script duration 305.0
Run total estimated duration= 306.000
script duration name:co2_whiff_400_120_large seconds:544.0
script duration name:co2 seconds:0.0
Script duration 544.0
Run total estimated duration= 545.000
script duration name:co2_whiff_400_120_large seconds:544.0
script duration name:co2 seconds:0.0
Script duration 544.0
Run total estimated duration= 545.000
script duration name:co2_whiff_400_120_large seconds:544.0
script duration name:co2 seconds:0.0
Script duration 544.0
Run total estimated duration= 545.000
script duration name:co2_whiff_400_120_large seconds:544.0
script duration name:co2 seconds:0.0
Script duration 544.0
Run total estimated duration= 545.000
script duration name:unknown400_120 seconds:540.0
script duration name:sniffair_x2 seconds:250.0
Script duration 790.0
Run total estimated duration= 791.000
script duration name:unknown400_120 seconds:540.0
script duration name:sniffair_x2 seconds:250.0
Script duration 790.0
Run total estimated duration= 791.000
script duration name:co2_whiff_400_120_large seconds:544.0
script duration name:co2 seconds:0.0
Script duration 544.0
Run total estimated duration= 545.000
script duration name:co2_whiff_400_120_large seconds:544.0
script duration name:co2 seconds:0.0
Script duration 544.0
Run total estimated duration= 545.000
script duration name:unknown400_120 seconds:540.0
script duration name:co2 seconds:0.0
Script duration 540.0
Run total estimated duration= 541.000
script duration name:co2_whiff_400_120_large seconds:544.0
script duration name:co2 seconds:0.0
Script duration 544.0
Run total estimated duration= 545.000
script duration name:co2_whiff_400_120_large seconds:544.0
script duration name:co2 seconds:0.0
Script duration 544.0
Run total estimated duration= 545.000
script duration name:co2_whiff_400_120_large seconds:544.0
script duration name:co2 seconds:0.0
Script duration 544.0
Run total estimated duration= 545.000
script duration name:co2_whiff_400_120_large seconds:544.0
script duration name:co2 seconds:0.0
Script duration 544.0
Run total estimated duration= 545.000
script duration name:co2_whiff_400_120_large seconds:544.0
script duration name:co2 seconds:0.0
Script duration 544.0
Run total estimated duration= 545.000
script duration name:co2_whiff_400_120_large seconds:544.0
script duration name:co2 seconds:0.0
Script duration 544.0
Run total estimated duration= 545.000
script duration name:unknown400_120 seconds:540.0
script duration name:cocktail_x1 seconds:108.0
Script duration 648.0
Run total estimated duration= 649.000
script duration name:unknown120_60 seconds:197.0
script duration name:cocktail_x1 seconds:108.0
Script duration 305.0
Run total estimated duration= 306.000
script duration name:co2_whiff_400_120_large seconds:544.0
script duration name:co2 seconds:0.0
Script duration 544.0
Run total estimated duration= 545.000
script duration name:co2_whiff_400_120_large seconds:544.0
script duration name:co2 seconds:0.0
Script duration 544.0
Run total estimated duration= 545.000
script duration name:co2_whiff_400_120_large seconds:544.0
script duration name:co2 seconds:0.0
Script duration 544.0
Run total estimated duration= 545.000
script duration name:co2_whiff_400_120_large seconds:544.0
script duration name:co2 seconds:0.0
Script duration 544.0
Run total estimated duration= 545.000
script duration name:co2_whiff_400_120_large seconds:544.0
script duration name:co2 seconds:0.0
Script duration 544.0
Run total estimated duration= 545.000
script duration name:co2_whiff_400_120_large seconds:544.0
script duration name:co2 seconds:0.0
Script duration 544.0
Run total estimated duration= 545.000
script duration name:co2_whiff_400_120_large seconds:544.0
script duration name:co2 seconds:0.0
Script duration 544.0
Run total estimated duration= 545.000
script duration name:co2_whiff_400_120_large seconds:544.0
script duration name:co2 seconds:0.0
Script duration 544.0
Run total estimated duration= 545.000
script duration name:co2_whiff_400_120_large seconds:544.0
script duration name:co2 seconds:0.0
Script duration 544.0
Run total estimated duration= 545.000
script duration name:unknown400_120 seconds:540.0
script duration name:co2 seconds:0.0
Script duration 540.0
Run total estimated duration= 541.000
script duration name:co2_whiff_400_120_large seconds:544.0
script duration name:co2 seconds:0.0
Script duration 544.0
Run total estimated duration= 545.000
script duration name:co2_whiff_400_120_large seconds:544.0
script duration name:co2 seconds:0.0
Script duration 544.0
Run total estimated duration= 545.000
script duration name:co2_whiff_400_120_large seconds:544.0
script duration name:co2 seconds:0.0
Script duration 544.0
Run total estimated duration= 545.000
script duration name:co2_whiff_400_120_large seconds:544.0
script duration name:co2 seconds:0.0
Script duration 544.0
Run total estimated duration= 545.000
script duration name:co2_whiff_400_120_large seconds:544.0
script duration name:co2 seconds:0.0
Script duration 544.0
Run total estimated duration= 545.000
script duration name:unknown400_120 seconds:540.0
script duration name:sniffair_x2 seconds:250.0
Script duration 790.0
Run total estimated duration= 791.000
script duration name:unknown400_120 seconds:540.0
script duration name:sniffair_x2 seconds:250.0
Script duration 790.0
Run total estimated duration= 791.000
script duration name:unknown120_60 seconds:197.0
script duration name:cocktail_x1 seconds:108.0
Script duration 305.0
Run total estimated duration= 306.000
nruns=64 before=5.0, run_dur=35492.0, btw=1655.0
write rem/ex queues
/Users/jan/PychronDev/experiments/rem/CurrentExperiment.rem.txt
/Users/jan/PychronDev/experiments/rem/CurrentExperiment.ex.txt
doing event level: 3
add run
