do run
loading script "jan_unknown120_60.py"
loading script "jan_pump_ms.py"
loading script "jan_cocktail_x1.py"
loading script "jan_pump_extraction_line.py"
testing...
no interpolation path defined
executed snippet estimated_duration=197.4, duration=0.000204086303711
script duration name:unknown120_60 seconds:197.0
loading script "jan_unknown120_60.py"
loading script "jan_pump_ms.py"
loading script "jan_cocktail_x1.py"
loading script "jan_pump_extraction_line.py"
testing...
no interpolation path defined
executed snippet estimated_duration=0, duration=2.09808349609e-05
loading script "jan_unknown120_60.py"
loading script "jan_pump_ms.py"
loading script "jan_cocktail_x1.py"
loading script "jan_pump_extraction_line.py"
testing...
no interpolation path defined
calculate duration
testing...
no interpolation path defined
executed snippet estimated_duration=0, duration=4.41074371338e-05
calculate duration
testing...
no interpolation path defined
executed snippet estimated_duration=0, duration=9.48905944824e-05
calculate duration
testing...
no interpolation path defined
executed snippet estimated_duration=32.0, duration=8.10623168945e-05
calculate duration
testing...
no interpolation path defined
executed snippet estimated_duration=34.0, duration=8.48770141602e-05
calculate duration
testing...
no interpolation path defined
executed snippet estimated_duration=4.0, duration=5.48362731934e-05
calculate duration
testing...
no interpolation path defined
executed snippet estimated_duration=38.0, duration=7.60555267334e-05
executed snippet estimated_duration=108.0, duration=0.00499105453491
script duration name:cocktail_x1 seconds:108.0
loading script "jan_unknown120_60.py"
loading script "jan_pump_ms.py"
loading script "jan_cocktail_x1.py"
loading script "jan_pump_extraction_line.py"
testing...
no interpolation path defined
calculate duration
testing...
no interpolation path defined
executed snippet estimated_duration=4.0, duration=0.000150918960571
executed snippet estimated_duration=4.0, duration=0.00103306770325
Script duration 305.0
Run total estimated duration= 306.000
run duration: 0:05:06
doing event level: 2
15:20:11 -- Setting default integration. t=1.048576
setting integration time = 1.048576
SetIntegrationTime 1.048576 ===>> OK
----------------- start -----------------
**************** Experiment Type: Ar/Ar, Ar/Ar
create new session 4961592240
close session 4961592240
$$$$$ Clearing conditionals
adding conditionals 
Add queue conditionals
add default conditionals
adding default conditionals from /Users/jan/PychronDev/setupfiles/spectrometer/default_conditionals.yaml
Start automated run c-02-J-2497
loading script "jan_unknown120_60.py"
loading script "jan_pump_ms.py"
loading script "jan_cocktail_x1.py"
loading script "jan_pump_extraction_line.py"
%%%%%%%%%%%%%%%%%% setting automated run c-02-J-2497
No value "sensitivity_multiplier" in metadata
$$$$$$$$$$$$$$$ auto_save_detector_ic=False
============================= Pre Extraction Check =============================
loading queue conditionals pre_run_terminations
loading system conditionals pre_run_terminations
loading conditionals from /Users/jan/PychronDev/setupfiles/spectrometer/default_conditionals.yaml
15:20:11 -- ******* Pre Extraction Check *******
Get a measurement from the spectrometer
Pre Extraction Termination data. keys=H2,H1,AX,L1,L2,CDD, signals=-0.13862,0.09413,0.18865,-0.06547,0.03734,0.00000
15:20:11 -- testing system defined conditionals
Checking default pre extraction terminations n=2
testing CDD
evaluate ot="CDD.inactive" t="CDD", ctx="{'CDD': False}"
GetDeflection CDD ===>> 50
testing CDD==2000
evaluate ot="CDD.deflection==2000" t="CDD==2000", ctx="{'CDD': 50.0}"
15:20:11 -- ******* Pre Extraction Check Passed *******
=================================================================================
15:20:11 -- stopping status monitor
stop 4939968048
Status monitor stopped
get handler cmd=GetValveLockStates, 129.138.12.153,1061 3
get handler cmd=GetValveOwners, 129.138.12.153,1061 3
get handler cmd=GetStateChecksum A,B,C,D,E,F,G,H,I,K,L,M,N,O,P,Q,R,S,T,U,V,W,X,Y,Z, 129.138.12.153,1061 3
Status monitor finished
15:20:13 -- starting status monitor
start 4939968048
StatusMonitor period=1. Frequencies(state=2, checksum=3, lock=5, owner=5)
get handler cmd=GetValveOwners, 129.138.12.153,1061 3
get handler cmd=GetValveLockStates, 129.138.12.153,1061 3
get handler cmd=GetValveStates, 129.138.12.153,1061 3
start extraction
do extraction
Analysis started at 15:20:14.538325
Extraction Started jan_cocktail_x1.py
15:20:14 -- ******* Extraction Started jan_cocktail_x1.py *******
state changed from not run to extraction
DO EXTRACTION <pychron.extraction_line.pyscript_runner.RemotePyScriptRunner object at 0x1293b5dd0>
testing...
no interpolation path defined
calculate duration
testing...
no interpolation path defined
executed snippet estimated_duration=0, duration=4.81605529785e-05
calculate duration
testing...
no interpolation path defined
executed snippet estimated_duration=0, duration=0.000123977661133
calculate duration
testing...
no interpolation path defined
executed snippet estimated_duration=32.0, duration=8.10623168945e-05
calculate duration
testing...
no interpolation path defined
executed snippet estimated_duration=34.0, duration=0.000104188919067
calculate duration
testing...
no interpolation path defined
executed snippet estimated_duration=4.0, duration=5.48362731934e-05
calculate duration
testing...
no interpolation path defined
executed snippet estimated_duration=38.0, duration=7.89165496826e-05
executed snippet estimated_duration=108.0, duration=0.00560188293457
Jan Cocktail Pipette x1
doing GOSUB
testing...
no interpolation path defined
executed snippet estimated_duration=0, duration=3.81469726562e-05
Waiting for minibone access
wait ('FelixMiniboneFlag', 0) {}
waiting for FelixMiniboneFlag = 0
get handler cmd=Read FelixMiniboneFlag, 129.138.12.153,1061 3
Read FelixMiniboneFlag ===>> 0
finished waiting
Minibone free
acquire ('JanMiniboneFlag',) {'clear': True}
acquire JanMiniboneFlag
get handler cmd=---, 129.138.12.153,1061 1.0
Set JanMiniboneFlag 1 ===>> OK
JanMiniboneFlag acquired
set extraction state False (0.75, 'red', 1.5)
Minibone acquired
wait ('MinibonePumpTimeFlag', 0) {}
waiting for MinibonePumpTimeFlag = 0
get handler cmd=Read MinibonePumpTimeFlag, 129.138.12.153,1061 3
Read MinibonePumpTimeFlag ===>> 0
finished waiting
executed snippet estimated_duration=0, duration=0.0173881053925
WaitForMiniboneAccess.py completed successfully
gosub finished
doing GOSUB
testing...
no interpolation path defined
executed snippet estimated_duration=0, duration=0.000114917755127
Prepare for Air Shot
close () {'description': 'Jan Inlet'}
close name=--- desc=Jan Inlet
checking ownership. requestor=129.138.12.150
check software interlocks R
interlocks []
actuate state mode=None-script, software_lock=False
doing actuation None-script close_channel False
get handler cmd=Close R, 129.138.12.153,1061 3
Close R ===>> OK
get handler cmd=GetIndicatorState R, 129.138.12.153,1061 3
GetIndicatorState R ===>> False
change switch state (True, True)
15:20:15 -- CLOSE  VALVE-R (Jan Inlet)
-------------------------- close None (Jan Inlet) result=[(True, True)]
action=close, ok=True, locked=[False]
open () {'description': 'Jan Ion Pump'}
open name=--- desc=Jan Ion Pump
checking ownership. requestor=129.138.12.150
check software interlocks O
interlocks []
actuate state mode=None-script, software_lock=False
doing actuation None-script open_channel False
get handler cmd=Open O, 129.138.12.153,1061 3
Open O ===>> OK
get handler cmd=GetIndicatorState O, 129.138.12.153,1061 3
GetIndicatorState O ===>> OK
change switch state (True, True)
15:20:15 -- OPEN   VALVE-O (Jan Ion Pump)
-------------------------- open None (Jan Ion Pump) result=[(True, True)]
get handler cmd=GetValveStates, 129.138.12.153,1061 3
action=open, ok=True, locked=[False]
close () {'description': 'Minibone to Bone'}
close name=--- desc=Minibone to Bone
checking ownership. requestor=129.138.12.150
check software interlocks I
interlocks []
actuate state mode=None-script, software_lock=False
doing actuation None-script close_channel True
get handler cmd=Close I, 129.138.12.153,1061 3
Close I ===>> OK
get handler cmd=GetValveLockStates, 129.138.12.153,1061 3
get handler cmd=GetIndicatorState I, 129.138.12.153,1061 3
GetIndicatorState I ===>> False
change switch state (True, True)
15:20:16 -- CLOSE  VALVE-I (Minibone to Bone)
-------------------------- close None (Minibone to Bone) result=[(True, True)]
action=close, ok=True, locked=[False]
close () {'description': 'Bone to Minibone'}
close name=--- desc=Bone to Minibone
checking ownership. requestor=129.138.12.150
check software interlocks E
interlocks []
actuate state mode=None-script, software_lock=False
doing actuation None-script close_channel False
get handler cmd=Close E, 129.138.12.153,1061 3
Close E ===>> OK
get handler cmd=GetValveOwners, 129.138.12.153,1061 3
get handler cmd=GetIndicatorState E, 129.138.12.153,1061 3
GetIndicatorState E ===>> False
change switch state (True, True)
15:20:16 -- CLOSE  VALVE-E (Bone to Minibone)
-------------------------- close None (Bone to Minibone) result=[(True, True)]
action=close, ok=True, locked=[False]
close () {'description': 'Minibone to Turbo'}
close name=--- desc=Minibone to Turbo
checking ownership. requestor=129.138.12.150
check software interlocks P
interlocks []
actuate state mode=None-script, software_lock=False
doing actuation None-script close_channel True
get handler cmd=Close P, 129.138.12.153,1061 3
Close P ===>> OK
get handler cmd=GetIndicatorState P, 129.138.12.153,1061 3
GetIndicatorState P ===>> False
change switch state (True, True)
15:20:17 -- CLOSE  VALVE-P (Minibone to Turbo)
-------------------------- close None (Minibone to Turbo) result=[(True, True)]
get handler cmd=GetStateChecksum A,B,C,D,E,F,G,H,I,K,L,M,N,O,P,Q,R,S,T,U,V,W,X,Y,Z, 129.138.12.153,1061 3
action=close, ok=True, locked=[False]
close () {'description': 'Quad Inlet'}
close name=--- desc=Quad Inlet
checking ownership. requestor=129.138.12.150
check software interlocks Q
interlocks []
actuate state mode=None-script, software_lock=False
doing actuation None-script close_channel True
get handler cmd=Close Q, 129.138.12.153,1061 3
Close Q ===>> OK
get handler cmd=GetIndicatorState Q, 129.138.12.153,1061 3
GetIndicatorState Q ===>> False
change switch state (True, True)
15:20:17 -- CLOSE  VALVE-Q (Quad Inlet)
-------------------------- close None (Quad Inlet) result=[(True, True)]
action=close, ok=True, locked=[False]
open () {'description': 'Microbone to Turbo'}
open name=--- desc=Microbone to Turbo
checking ownership. requestor=129.138.12.150
check software interlocks U
interlocks []
actuate state mode=None-script, software_lock=False
doing actuation None-script open_channel False
get handler cmd=Open U, 129.138.12.153,1061 3
Open U ===>> OK
get handler cmd=GetIndicatorState U, 129.138.12.153,1061 3
GetIndicatorState U ===>> OK
change switch state (True, True)
15:20:18 -- OPEN   VALVE-U (Microbone to Turbo)
-------------------------- open None (Microbone to Turbo) result=[(True, True)]
action=open, ok=True, locked=[False]
open () {'description': 'Microbone to Inlet Pipette'}
open name=--- desc=Microbone to Inlet Pipette
checking ownership. requestor=129.138.12.150
check software interlocks S
interlocks []
actuate state mode=None-script, software_lock=False
doing actuation None-script open_channel False
get handler cmd=Open S, 129.138.12.153,1061 3
Open S ===>> OK
get handler cmd=GetIndicatorState S, 129.138.12.153,1061 3
GetIndicatorState S ===>> OK
change switch state (True, True)
15:20:18 -- OPEN   VALVE-S (Microbone to Inlet Pipette)
-------------------------- open None (Microbone to Inlet Pipette) result=[(True, True)]
action=open, ok=True, locked=[False]
open () {'description': 'Microbone to Getter D-50'}
open name=--- desc=Microbone to Getter D-50
checking ownership. requestor=129.138.12.150
check software interlocks K
interlocks []
actuate state mode=None-script, software_lock=False
doing actuation None-script open_channel False
get handler cmd=Open K, 129.138.12.153,1061 3
Open K ===>> OK
get handler cmd=GetValveStates, 129.138.12.153,1061 3
get handler cmd=GetIndicatorState K, 129.138.12.153,1061 3
GetIndicatorState K ===>> OK
change switch state (True, True)
15:20:19 -- OPEN   VALVE-K (Microbone to Getter D-50)
-------------------------- open None (Microbone to Getter D-50) result=[(True, True)]
action=open, ok=True, locked=[False]
open () {'description': 'Microbone to Getter NP-10'}
open name=--- desc=Microbone to Getter NP-10
checking ownership. requestor=129.138.12.150
check software interlocks M
interlocks []
actuate state mode=None-script, software_lock=False
doing actuation None-script open_channel False
get handler cmd=Open M, 129.138.12.153,1061 3
Open M ===>> OK
get handler cmd=GetIndicatorState M, 129.138.12.153,1061 3
GetIndicatorState M ===>> OK
change switch state (True, True)
15:20:19 -- OPEN   VALVE-M (Microbone to Getter NP-10)
-------------------------- open None (Microbone to Getter NP-10) result=[(True, True)]
action=open, ok=True, locked=[False]
close () {'description': 'Microbone to CO2 Laser'}
close name=--- desc=Microbone to CO2 Laser
checking ownership. requestor=129.138.12.150
check software interlocks T
interlocks []
actuate state mode=None-script, software_lock=True
VALVE-T(Microbone to CO2 Laser) software locked
change switch state (True, False)
-------------------------- close None (Microbone to CO2 Laser) result=[(True, False)]
action=close, ok=True, locked=[True]
executed snippet estimated_duration=0, duration=5.62641382217
PrepareForAirShot.py completed successfully
gosub finished
doing GOSUB
testing...
no interpolation path defined
executed snippet estimated_duration=32.0, duration=0.000170946121216
Evacuate Pipette 1
open () {'description': 'Microbone to Turbo'}
open name=--- desc=Microbone to Turbo
checking ownership. requestor=129.138.12.150
check software interlocks U
interlocks []
actuate state mode=None-script, software_lock=False
doing actuation None-script open_channel False
get handler cmd=Open U, 129.138.12.153,1061 3
Open U ===>> OK
get handler cmd=GetIndicatorState U, 129.138.12.153,1061 3
GetIndicatorState U ===>> OK
change switch state (True, True)
15:20:20 -- OPEN   VALVE-U (Microbone to Turbo)
-------------------------- open None (Microbone to Turbo) result=[(True, True)]
action=open, ok=True, locked=[False]
open () {'description': 'Microbone to Minibone'}
open name=--- desc=Microbone to Minibone
checking ownership. requestor=129.138.12.150
check software interlocks L
interlocks []
actuate state mode=None-script, software_lock=False
doing actuation None-script open_channel True
get handler cmd=Open L, 129.138.12.153,1061 3
Open L ===>> OK
get handler cmd=GetStateChecksum A,B,C,D,E,F,G,H,I,K,L,M,N,O,P,Q,R,S,T,U,V,W,X,Y,Z, 129.138.12.153,1061 3
State checksums do not match. Local:-740473376 Remote:-499695830
State checksum failed
get handler cmd=GetIndicatorState L, 129.138.12.153,1061 3
GetIndicatorState L ===>> OK
change switch state (True, True)
15:20:21 -- OPEN   VALVE-L (Microbone to Minibone)
-------------------------- open None (Microbone to Minibone) result=[(True, True)]
action=open, ok=True, locked=[False]
close () {'description': 'Inner Pipette 1'}
close name=--- desc=Inner Pipette 1
checking ownership. requestor=129.138.12.150
check software interlocks X
interlocks ['W']
actuate state mode=None-script, software_lock=False
doing actuation None-script close_channel False
get handler cmd=Close X, 129.138.12.153,1061 3
Close X ===>> OK
get handler cmd=GetIndicatorState X, 129.138.12.153,1061 3
GetIndicatorState X ===>> False
change switch state (True, True)
15:20:21 -- CLOSE  VALVE-X (Inner Pipette 1)
-------------------------- close None (Inner Pipette 1) result=[(True, True)]
action=close, ok=True, locked=[False]
sleep (1,) {}
SLEEP 1.0
get handler cmd=GetValveStates, 129.138.12.153,1061 3
open () {'description': 'Outer Pipette 1'}
open name=--- desc=Outer Pipette 1
checking ownership. requestor=129.138.12.150
check software interlocks W
interlocks ['X']
actuate state mode=None-script, software_lock=False
doing actuation None-script open_channel True
get handler cmd=Open W, 129.138.12.153,1061 3
Open W ===>> OK
get handler cmd=GetIndicatorState W, 129.138.12.153,1061 3
GetIndicatorState W ===>> OK
change switch state (True, True)
15:20:23 -- OPEN   VALVE-W (Outer Pipette 1)
-------------------------- open None (Outer Pipette 1) result=[(True, True)]
action=open, ok=True, locked=[False]
sleep (15,) {}
SLEEP 15.0
block started
WaitControl setup for 15.0  
get handler cmd=GetValveLockStates, 129.138.12.153,1061 3
get handler cmd=GetValveOwners, 129.138.12.153,1061 3
get handler cmd=GetValveStates, 129.138.12.153,1061 3
get handler cmd=GetStateChecksum A,B,C,D,E,F,G,H,I,K,L,M,N,O,P,Q,R,S,T,U,V,W,X,Y,Z, 129.138.12.153,1061 3
get handler cmd=GetValveStates, 129.138.12.153,1061 3
get handler cmd=GetStateChecksum A,B,C,D,E,F,G,H,I,K,L,M,N,O,P,Q,R,S,T,U,V,W,X,Y,Z, 129.138.12.153,1061 3
get handler cmd=GetValveStates, 129.138.12.153,1061 3
get handler cmd=GetValveLockStates, 129.138.12.153,1061 3
get handler cmd=GetValveOwners, 129.138.12.153,1061 3
get handler cmd=GetValveStates, 129.138.12.153,1061 3
get handler cmd=GetStateChecksum A,B,C,D,E,F,G,H,I,K,L,M,N,O,P,Q,R,S,T,U,V,W,X,Y,Z, 129.138.12.153,1061 3
get handler cmd=GetValveStates, 129.138.12.153,1061 3
get handler cmd=GetValveLockStates, 129.138.12.153,1061 3
Join finished
block finished. duration 15.052464962
executed snippet estimated_duration=48.0, duration=18.2476580143
EvacPipette1.py completed successfully
gosub finished
doing GOSUB
testing...
no interpolation path defined
executed snippet estimated_duration=34.0, duration=0.00019907951355
Fill Pipette 1
close () {'description': 'Outer Pipette 1'}
close name=--- desc=Outer Pipette 1
checking ownership. requestor=129.138.12.150
check software interlocks W
interlocks ['X']
actuate state mode=None-script, software_lock=False
doing actuation None-script close_channel True
get handler cmd=Close W, 129.138.12.153,1061 3
Close W ===>> OK
get handler cmd=GetIndicatorState W, 129.138.12.153,1061 3
GetIndicatorState W ===>> False
change switch state (True, True)
15:20:38 -- CLOSE  VALVE-W (Outer Pipette 1)
-------------------------- close None (Outer Pipette 1) result=[(True, True)]
get handler cmd=GetValveOwners, 129.138.12.153,1061 3
action=close, ok=True, locked=[False]
sleep (1,) {}
SLEEP 1.0
get handler cmd=GetStateChecksum A,B,C,D,E,F,G,H,I,K,L,M,N,O,P,Q,R,S,T,U,V,W,X,Y,Z, 129.138.12.153,1061 3
filling cocktail pipette
open () {'description': 'Inner Pipette 1'}
open name=--- desc=Inner Pipette 1
checking ownership. requestor=129.138.12.150
check software interlocks X
interlocks ['W']
actuate state mode=None-script, software_lock=False
doing actuation None-script open_channel True
get handler cmd=Open X, 129.138.12.153,1061 3
Open X ===>> OK
get handler cmd=GetIndicatorState X, 129.138.12.153,1061 3
GetIndicatorState X ===>> OK
change switch state (True, True)
15:20:40 -- OPEN   VALVE-X (Inner Pipette 1)
-------------------------- open None (Inner Pipette 1) result=[(True, True)]
get handler cmd=GetValveStates, 129.138.12.153,1061 3
action=open, ok=True, locked=[False]
sleep (15,) {}
SLEEP 15.0
block started
WaitControl setup for 15.0  
get handler cmd=GetValveStates, 129.138.12.153,1061 3
get handler cmd=GetStateChecksum A,B,C,D,E,F,G,H,I,K,L,M,N,O,P,Q,R,S,T,U,V,W,X,Y,Z, 129.138.12.153,1061 3
get handler cmd=GetValveStates, 129.138.12.153,1061 3
get handler cmd=GetValveLockStates, 129.138.12.153,1061 3
get handler cmd=GetValveOwners, 129.138.12.153,1061 3
get handler cmd=GetStateChecksum A,B,C,D,E,F,G,H,I,K,L,M,N,O,P,Q,R,S,T,U,V,W,X,Y,Z, 129.138.12.153,1061 3
get handler cmd=GetValveStates, 129.138.12.153,1061 3
get handler cmd=GetValveStates, 129.138.12.153,1061 3
get handler cmd=GetStateChecksum A,B,C,D,E,F,G,H,I,K,L,M,N,O,P,Q,R,S,T,U,V,W,X,Y,Z, 129.138.12.153,1061 3
get handler cmd=GetValveLockStates, 129.138.12.153,1061 3
get handler cmd=GetValveOwners, 129.138.12.153,1061 3
get handler cmd=GetValveStates, 129.138.12.153,1061 3
Join finished
block finished. duration 15.0133490562
close () {'description': 'Inner Pipette 1'}
close name=--- desc=Inner Pipette 1
checking ownership. requestor=129.138.12.150
check software interlocks X
interlocks ['W']
actuate state mode=None-script, software_lock=False
doing actuation None-script close_channel True
get handler cmd=Close X, 129.138.12.153,1061 3
Close X ===>> OK
get handler cmd=GetIndicatorState X, 129.138.12.153,1061 3
GetIndicatorState X ===>> False
change switch state (True, True)
15:20:55 -- CLOSE  VALVE-X (Inner Pipette 1)
-------------------------- close None (Inner Pipette 1) result=[(True, True)]
action=close, ok=True, locked=[False]
sleep (1,) {}
SLEEP 1.0
get handler cmd=GetStateChecksum A,B,C,D,E,F,G,H,I,K,L,M,N,O,P,Q,R,S,T,U,V,W,X,Y,Z, 129.138.12.153,1061 3
executed snippet estimated_duration=51.0, duration=18.2467668056
FillPipette1.py completed successfully
gosub finished
doing GOSUB
testing...
no interpolation path defined
executed snippet estimated_duration=4.0, duration=0.000124216079712
Prepare for air expansion
close () {'description': 'Microbone to Turbo'}
close name=--- desc=Microbone to Turbo
checking ownership. requestor=129.138.12.150
check software interlocks U
interlocks []
actuate state mode=None-script, software_lock=False
doing actuation None-script close_channel True
get handler cmd=Close U, 129.138.12.153,1061 3
Close U ===>> OK
get handler cmd=GetIndicatorState U, 129.138.12.153,1061 3
GetIndicatorState U ===>> False
change switch state (True, True)
15:20:56 -- CLOSE  VALVE-U (Microbone to Turbo)
-------------------------- close None (Microbone to Turbo) result=[(True, True)]
action=close, ok=True, locked=[False]
open () {'description': 'Microbone to Getter NP-10'}
open name=--- desc=Microbone to Getter NP-10
checking ownership. requestor=129.138.12.150
check software interlocks M
interlocks []
actuate state mode=None-script, software_lock=False
doing actuation None-script open_channel False
get handler cmd=Open M, 129.138.12.153,1061 3
Open M ===>> OK
get handler cmd=GetIndicatorState M, 129.138.12.153,1061 3
GetIndicatorState M ===>> OK
change switch state (True, True)
15:20:57 -- OPEN   VALVE-M (Microbone to Getter NP-10)
-------------------------- open None (Microbone to Getter NP-10) result=[(True, True)]
get handler cmd=GetValveStates, 129.138.12.153,1061 3
action=open, ok=True, locked=[False]
sleep (2,) {}
SLEEP 2.0
block started
WaitControl setup for 2.0  
Join finished
block finished. duration 2.00680303574
open () {'description': 'Microbone to Minibone'}
open name=--- desc=Microbone to Minibone
checking ownership. requestor=129.138.12.150
check software interlocks L
interlocks []
actuate state mode=None-script, software_lock=False
doing actuation None-script open_channel False
get handler cmd=Open L, 129.138.12.153,1061 3
Open L ===>> OK
get handler cmd=GetValveStates, 129.138.12.153,1061 3
get handler cmd=GetIndicatorState L, 129.138.12.153,1061 3
GetIndicatorState L ===>> OK
change switch state (True, True)
15:20:59 -- OPEN   VALVE-L (Microbone to Minibone)
-------------------------- open None (Microbone to Minibone) result=[(True, True)]
action=open, ok=True, locked=[False]
executed snippet estimated_duration=6.0, duration=3.46387290955
PrepareForAirShotExpansion.py completed successfully
gosub finished
doing GOSUB
testing...
no interpolation path defined
executed snippet estimated_duration=38.0, duration=9.89437103271e-05
Expand Pipette 1
close () {'description': 'Minibone to Turbo'}
close name=--- desc=Minibone to Turbo
checking ownership. requestor=129.138.12.150
check software interlocks P
interlocks []
actuate state mode=None-script, software_lock=False
doing actuation None-script close_channel False
get handler cmd=Close P, 129.138.12.153,1061 3
Close P ===>> OK
get handler cmd=GetIndicatorState P, 129.138.12.153,1061 3
GetIndicatorState P ===>> False
change switch state (True, True)
get handler cmd=GetValveLockStates, 129.138.12.153,1061 3
15:21:00 -- CLOSE  VALVE-P (Minibone to Turbo)
-------------------------- close None (Minibone to Turbo) result=[(True, True)]
action=close, ok=True, locked=[False]
sleep (2,) {}
SLEEP 2.0
block started
WaitControl setup for 2.0  
get handler cmd=GetValveOwners, 129.138.12.153,1061 3
get handler cmd=GetStateChecksum A,B,C,D,E,F,G,H,I,K,L,M,N,O,P,Q,R,S,T,U,V,W,X,Y,Z, 129.138.12.153,1061 3
Join finished
block finished. duration 2.01507306099
open () {'description': 'Outer Pipette 1'}
open name=--- desc=Outer Pipette 1
checking ownership. requestor=129.138.12.150
check software interlocks W
interlocks ['X']
actuate state mode=None-script, software_lock=False
doing actuation None-script open_channel True
get handler cmd=Open W, 129.138.12.153,1061 3
Open W ===>> OK
get handler cmd=GetIndicatorState W, 129.138.12.153,1061 3
GetIndicatorState W ===>> OK
increment shot count 2973
saved current shot count 2973
change switch state (True, True)
15:21:02 -- OPEN   VALVE-W (Outer Pipette 1)
-------------------------- open None (Outer Pipette 1) result=[(True, True)]
action=open, ok=True, locked=[False]
sleep (15,) {}
SLEEP 15.0
block started
WaitControl setup for 15.0  
get handler cmd=GetValveStates, 129.138.12.153,1061 3
get handler cmd=GetStateChecksum A,B,C,D,E,F,G,H,I,K,L,M,N,O,P,Q,R,S,T,U,V,W,X,Y,Z, 129.138.12.153,1061 3
get handler cmd=GetValveStates, 129.138.12.153,1061 3
get handler cmd=GetValveLockStates, 129.138.12.153,1061 3
get handler cmd=GetValveOwners, 129.138.12.153,1061 3
get handler cmd=GetValveStates, 129.138.12.153,1061 3
get handler cmd=GetStateChecksum A,B,C,D,E,F,G,H,I,K,L,M,N,O,P,Q,R,S,T,U,V,W,X,Y,Z, 129.138.12.153,1061 3
get handler cmd=GetValveStates, 129.138.12.153,1061 3
get handler cmd=GetStateChecksum A,B,C,D,E,F,G,H,I,K,L,M,N,O,P,Q,R,S,T,U,V,W,X,Y,Z, 129.138.12.153,1061 3
get handler cmd=GetValveStates, 129.138.12.153,1061 3
get handler cmd=GetValveLockStates, 129.138.12.153,1061 3
get handler cmd=GetValveOwners, 129.138.12.153,1061 3
Join finished
block finished. duration 15.0298712254
sleep (2,) {}
SLEEP 2.0
block started
WaitControl setup for 2.0  
get handler cmd=GetValveStates, 129.138.12.153,1061 3
get handler cmd=GetStateChecksum A,B,C,D,E,F,G,H,I,K,L,M,N,O,P,Q,R,S,T,U,V,W,X,Y,Z, 129.138.12.153,1061 3
Join finished
block finished. duration 2.00655889511
executed snippet estimated_duration=57.0, duration=20.0147221088
ExpandPipette1.py completed successfully
gosub finished
executed snippet estimated_duration=108.0, duration=65.6377711296
jan_cocktail_x1.py completed successfully
no extraction action
Requested Output= 0.000
Achieved Output=  0.000
no extraction action
no extraction action
no extraction action
no extraction action
persistence save...
persistence save - db
AutomatedRunPersister post_extraction_save deprecated
persistence save - dvc
no extraction position for 
not connected to db mysql://janexp@129.138.12.160/labspy
get handler cmd=GetValveStates, 129.138.12.153,1061 3
get handler cmd=GetValveLockStates, 129.138.12.153,1061 3
Enviromentals: {'lab_humiditys': [{'device': 'EnvironmentalMonitor',
                    'name': 'Lab Hum.',
                    'pub_date': '2017-09-07T15:20:09',
                    'title': 'iServer Hum.',
                    'value': 34.9}],
 'lab_pneumatics': [{'device': 'AirPressure',
                     'name': 'Pressure',
                     'pub_date': '2017-09-07T15:19:50',
                     'title': None,
                     'value': 111.6},
                    {'device': 'AirPressure2',
                     'name': 'Pressure2',
                     'pub_date': '2017-09-07T15:19:50',
                     'title': None,
                     'value': 112.34782}],
 'lab_temperatures': [{'device': 'Coldfinger',
                       'name': 'ColdFinger Temp.',
                       'pub_date': '2017-09-07T15:20:09',
                       'title': None,
                       'value': -194.0},
                      {'device': 'EnvironmentalMonitor',
                       'name': 'Lab Temp.',
                       'pub_date': '2017-09-07T15:13:05',
                       'title': 'iServer Temp.',
                       'value': 75.9},
                      {'device': 'Chiller',
                       'name': 'Coolant Temp.',
                       'pub_date': '2017-09-07T15:12:56',
                       'title': None,
                       'value': 18.0}]}
Extraction Finished
15:21:22 -- ******* Extraction Finished *******
no overlap. not waiting for min ms pumptime
15:21:22 -- Sending spectrometer configuration
======== Sending configuration ========
SetDeflection CDD,50.0 ===>> OK
SetDeflection H2,0.0 ===>> OK
SetDeflection H1,0.0 ===>> OK
SetDeflection L2,825.0 ===>> OK
SetDeflection L1,400.0 ===>> OK
SetDeflection AX,190.0 ===>> OK
SetZFocus 74.64 ===>> OK
SetZSymmetry -50.72 ===>> OK
SetExtractionLens 26.13 ===>> OK
SetIonRepeller -3.81 ===>> OK
SetElectronEnergy 75.08 ===>> OK
SetYSymmetry -2.81 ===>> OK
SetIonCounterVoltage 1590.0 ===>> OK
send trap current 200.0
GetParameter Trap Current Readback ===>> 198.147042666178
SetParameter Trap Current Set,200.0 ===>> OK
updating mftable name mftable
Using mftable located at /Users/jan/PychronDev/setupfiles/spectrometer/mftables/mftable.csv
============ MFtable ===========
Isotope  H2     H1     AX     L1     L2     CDD    
Ar40     6.0547 5.8783 5.9921 6.1932 6.2295 6.6785
Ar39     6.0096 5.7692 6.0562 6.3363 6.1123 6.5650
Ar36     5.6871 5.4383 5.7195 5.9952 5.7672 6.2161
================================
get initial guess parabolic
get initial guess parabolic
get initial guess parabolic
get initial guess parabolic
get initial guess parabolic
get initial guess parabolic
======== Configuration Finished ========
GetYSymmetry ===>> -2.81
GetZSymmetry ===>> -50.72
GetParameter Trap Current Readback ===>> 198.370811206739
GetHighVoltage ===>> 4499.94659342336
start measurement
do measurement
L#=c-02-J analysis type=cocktail
Measurement Started jan_unknown120_60.py
15:21:22 -- ******* Measurement Started jan_unknown120_60.py *******
state changed from extraction to measurement
setting trap, emission, spec, defl, and gains
GetExtractionLens ===>> 26.13
get handler cmd=GetValveOwners, 129.138.12.153,1061 3
GetYSymmetry ===>> -2.81
GetZSymmetry ===>> -50.72
GetZFocus ===>> 74.64
GetDeflection H2 ===>> 0
GetDeflection H1 ===>> 0
GetDeflection AX ===>> 190
GetDeflection L1 ===>> 400
GetDeflection L2 ===>> 825
GetDeflection CDD ===>> 50
GetGain H2 ===>> 0.0113
GetGain H1 ===>> 0.1
GetGain AX ===>> 0.09645
GetGain L1 ===>> 0.010309
GetGain L2 ===>> 0.091218
GetGain CDD ===>> 0
GetParameter Trap Current Readback ===>> 198.482695477019
GetParameter Source Current Readback ===>> 552.779832753464
pre measurement save
New frame /Users/jan/PychronDev/data/isotopes/e9/6b4040-c0f4-40ed-b609-06497213d03d.h5
flush and close file /Users/jan/PychronDev/data/isotopes/e9/6b4040-c0f4-40ed-b609-06497213d03d.h5
testing...
no interpolation path defined
executed snippet estimated_duration=213.0, duration=0.000205039978027
unknown measurement script
activate_detectors ('H2', 'H1', 'AX', 'L1', 'L2', 'CDD') {}
activate detectors
*************** Set Analysis View Ar/Ar
create graphs
clearing graphs
clear isotope group
setting isotope det=H2, iso=Ar41
setting isotope det=H1, iso=Ar40
setting isotope det=AX, iso=Ar39
setting isotope det=L1, iso=Ar38
setting isotope det=L2, iso=Ar37
setting isotope det=CDD, iso=Ar36
setting previous blanks
 - setting Ar41 blank 0.016+/-0.004
 - setting Ar40 blank 0.352+/-0.007
 - setting Ar36 blank 0.00410+/-0.00017
 - setting Ar37 blank 0.059+/-0.005
 - setting Ar38 blank 0.0046+/-0.0024
 - setting Ar39 blank 0.008+/-0.009
load analysis view
position_magnet ('Ar40',) {'detector': 'H1'}
detector Detector(H1)
POSITION Ar40 H1
molweights={'Ar41': 41.0, 'Ar40': 39.9624, 'Ar42': 42.0, 'Ar35': 35.0, 'Ar36': 35.9675, 'Ar37': 36.9668, 'Ar38': 37.9627, 'Ar39': 38.964}
setting detector H2 to Ar41 (40.9624)
setting detector H1 to Ar40 (39.9624)
setting detector AX to Ar39 (38.9624)
setting detector L1 to Ar38 (37.9624)
setting detector L2 to Ar37 (36.9624)
setting detector CDD to Ar36 (35.9624)
Mapping mass to dac mass func: "parabolic"
H1 map mass coeffs = [ -3.11428344e-04   1.33794662e-01   1.02887323e+00]
H1 map mass to dac 39.9624 >> 5.87828
GetDeflection H1 ===>> 0
GetHighVoltage ===>> 4499.94659342336
get handler cmd=GetStateChecksum A,B,C,D,E,F,G,H,I,K,L,M,N,O,P,Q,R,S,T,U,V,W,X,Y,Z, 129.138.12.153,1061 3
positioning Ar40 (5.87824538336) on H1
setting magnet DAC
current  : 5.240361
requested: 5.878245
Delta Dac: 0.637885
Checking detector protection. dv=0.63788
Checking detector "CDD". Protection Threshold: 0.5 (V)
ProtectDetector CDD,On ===>> OK
GetDeflection CDD ===>> 2000
Protected = 2000
SetMagnetDAC 5.87824538336 ===>> OK
Magnet settling time: 0.500 0.500
Magnet settling complete
Wait for magnet to stop moving
GetMagnetMoving ===>> True
GetMagnetMoving ===>> True
get handler cmd=GetValveStates, 129.138.12.153,1061 3
GetMagnetMoving ===>> True
GetMagnetMoving ===>> True
GetMagnetMoving ===>> True
GetMagnetMoving ===>> True
GetMagnetMoving ===>> True
GetMagnetMoving ===>> True
GetMagnetMoving ===>> True
GetMagnetMoving ===>> False
Magnet move complete
Unprotect detectors
ProtectDetector CDD,Off ===>> OK
GetDeflection CDD ===>> 50
set_dac. change=True
update labels <pychron.experiment.plot_panel.PlotPanel object at 0x15ef28110>
update labels "<pychron.graph.stacked_regression_graph.StackedRegressionGraph object at 0x15a2eb8f0>"
setting label 0 H2 Ar41
setting label 1 H1 Ar40
setting label 2 AX Ar39
setting label 3 L1 Ar38
setting label 4 L2 Ar37
setting label 5 CDD Ar36
update labels "<pychron.graph.stacked_graph.StackedGraph object at 0x15a2ebef0>"
setting label 0 H2 Ar41
setting label 1 H1 Ar40
setting label 2 AX Ar39
setting label 3 L1 Ar38
setting label 4 L2 Ar37
setting label 5 CDD Ar36
equilibrate () {'delay': 3, 'inlet': 'R', 'outlet': 'O', 'eqtime': 15.0}
Equilibration Started
15:21:26 -- ******* Equilibration Started *******
checking ownership. requestor=129.138.12.150
check software interlocks O
interlocks []
actuate state mode=None-script, software_lock=False
doing actuation None-script close_channel True
get handler cmd=Close O, 129.138.12.153,1061 3
Close O ===>> OK
get handler cmd=GetIndicatorState O, 129.138.12.153,1061 3
GetIndicatorState O ===>> False
change switch state (True, True)
15:21:26 -- CLOSE  VALVE-O (Jan Ion Pump)
waiting 3s before opening inlet value ('R',)
get handler cmd=GetValveStates, 129.138.12.153,1061 3
get handler cmd=GetStateChecksum A,B,C,D,E,F,G,H,I,K,L,M,N,O,P,Q,R,S,T,U,V,W,X,Y,Z, 129.138.12.153,1061 3
get handler cmd=GetValveStates, 129.138.12.153,1061 3
checking ownership. requestor=129.138.12.150
check software interlocks R
interlocks []
actuate state mode=None-script, software_lock=False
doing actuation None-script open_channel True
get handler cmd=Open R, 129.138.12.153,1061 3
Open R ===>> OK
get handler cmd=GetIndicatorState R, 129.138.12.153,1061 3
GetIndicatorState R ===>> OK
change switch state (True, True)
15:21:29 -- OPEN   VALVE-R (Jan Inlet)
set_time_zero () {}
equilibrating for 15.0sec
sniff (15.0,) {}
py_sniff
build tables- sniff [Detector(H2), Detector(H1), Detector(AX), Detector(L1), Detector(L2), Detector(CDD)]
get handler cmd=GetValveLockStates, 129.138.12.153,1061 3
add group /sniff/Ar41 (Group) '' table H2
add group /sniff/Ar40 (Group) '' table H1
add group /sniff/Ar39 (Group) '' table AX
add group /sniff/Ar38 (Group) '' table L1
add group /sniff/Ar37 (Group) '' table L2
add group /sniff/Ar36 (Group) '' table CDD
flush and close file /Users/jan/PychronDev/data/isotopes/e9/6b4040-c0f4-40ed-b609-06497213d03d.h5
measuring sniff. ncounts=15.0
"sniff" increment series count="1" fit count="0" regressing="False"
get handler cmd=GetValveOwners, 129.138.12.153,1061 3
starting measurement
get handler cmd=GetStateChecksum A,B,C,D,E,F,G,H,I,K,L,M,N,O,P,Q,R,S,T,U,V,W,X,Y,Z, 129.138.12.153,1061 3
get handler cmd=GetValveStates, 129.138.12.153,1061 3
get handler cmd=GetValveStates, 129.138.12.153,1061 3
get handler cmd=GetStateChecksum A,B,C,D,E,F,G,H,I,K,L,M,N,O,P,Q,R,S,T,U,V,W,X,Y,Z, 129.138.12.153,1061 3
get handler cmd=GetValveLockStates, 129.138.12.153,1061 3
get handler cmd=GetValveOwners, 129.138.12.153,1061 3
get handler cmd=GetValveStates, 129.138.12.153,1061 3
get handler cmd=GetStateChecksum A,B,C,D,E,F,G,H,I,K,L,M,N,O,P,Q,R,S,T,U,V,W,X,Y,Z, 129.138.12.153,1061 3
get handler cmd=GetValveStates, 129.138.12.153,1061 3
get handler cmd=GetValveStates, 129.138.12.153,1061 3
get handler cmd=GetValveLockStates, 129.138.12.153,1061 3
get handler cmd=GetValveOwners, 129.138.12.153,1061 3
Equilibration Finished
15:21:45 -- ******* Equilibration Finished *******
checking ownership. requestor=129.138.12.150
check software interlocks R
interlocks []
actuate state mode=None-script, software_lock=False
doing actuation None-script close_channel True
get handler cmd=Close R, 129.138.12.153,1061 3
Close R ===>> OK
get handler cmd=GetStateChecksum A,B,C,D,E,F,G,H,I,K,L,M,N,O,P,Q,R,S,T,U,V,W,X,Y,Z, 129.138.12.153,1061 3
State checksums do not match. Local:-671566139 Remote:1824504555
State checksum failed
get handler cmd=GetIndicatorState R, 129.138.12.153,1061 3
GetIndicatorState R ===>> False
change switch state (True, True)
15:21:45 -- CLOSE  VALVE-R (Jan Inlet)
Post Equilibration Started jan_pump_extraction_line.py
15:21:45 -- ******* Post Equilibration Started jan_pump_extraction_line.py *******
testing...
no interpolation path defined
calculate duration
testing...
no interpolation path defined
executed snippet estimated_duration=4.0, duration=0.000149011611938
executed snippet estimated_duration=4.0, duration=0.0119159221649
Pump after analysis
doing GOSUB
testing...
no interpolation path defined
executed snippet estimated_duration=4.0, duration=0.000133991241455
Pump Microbone
close () {'description': 'Jan Inlet'}
close name=--- desc=Jan Inlet
checking ownership. requestor=129.138.12.150
check software interlocks R
interlocks []
actuate state mode=None-script, software_lock=False
doing actuation None-script close_channel False
get handler cmd=Close R, 129.138.12.153,1061 3
Close R ===>> OK
get handler cmd=GetIndicatorState R, 129.138.12.153,1061 3
GetIndicatorState R ===>> False
change switch state (True, True)
waiting for write to finish
15:21:46 -- CLOSE  VALVE-R (Jan Inlet)
-------------------------- close None (Jan Inlet) result=[(True, True)]
measurement finished
estimated time: 15.729 actual time: :15.865
flush and close file /Users/jan/PychronDev/data/isotopes/e9/6b4040-c0f4-40ed-b609-06497213d03d.h5
set_fits () {}
using default fits file=/Users/jan/PychronDev/scripts/measurement/fits/nominal_linear.yaml
set "Ar41" to "('Average', 'SEM')"
set "Ar40" to "('Linear', 'SEM')"
set "Ar36" to "('Linear', 'SEM')"
set "Ar37" to "('linear', 'SEM')"
set "Ar38" to "('linear', 'SEM')"
set "Ar39" to "('Linear', 'SEM')"
set_baseline_fits () {}
using default fits file=/Users/jan/PychronDev/scripts/measurement/fits/nominal_linear.yaml
set "H2" to "('average', 'SEM')"
set "H1" to "('average', 'SEM')"
set "CDD" to "('average', 'SEM')"
set "L2" to "('average', 'SEM')"
set "L1" to "('average', 'SEM')"
set "AX" to "('average', 'SEM')"
multicollect () {'integration_time': 1, 'ncounts': 120}
build tables- signal [Detector(H2), Detector(H1), Detector(AX), Detector(L1), Detector(L2), Detector(CDD)]
add group /signal/Ar41 (Group) '' table H2
add group /signal/Ar40 (Group) '' table H1
add group /signal/Ar39 (Group) '' table AX
add group /signal/Ar38 (Group) '' table L1
add group /signal/Ar37 (Group) '' table L2
add group /signal/Ar36 (Group) '' table CDD
flush and close file /Users/jan/PychronDev/data/isotopes/e9/6b4040-c0f4-40ed-b609-06497213d03d.h5
measuring signal. ncounts=120
"signal" increment series count="2" fit count="1" regressing="True"
action=close, ok=True, locked=[False]
is_closed ('F',) {}
is F () closed?
is closed True
open () {'description': 'CO2 Laser to Jan'}
open name=--- desc=CO2 Laser to Jan
checking ownership. requestor=129.138.12.150
check software interlocks A
interlocks []
actuate state mode=None-script, software_lock=False
doing actuation None-script open_channel False
get handler cmd=Open A, 129.138.12.153,1061 3
Open A ===>> OK
get handler cmd=GetIndicatorState A, 129.138.12.153,1061 3
GetIndicatorState A ===>> OK
change switch state (True, True)
15:21:46 -- OPEN   VALVE-A (CO2 Laser to Jan)
-------------------------- open None (CO2 Laser to Jan) result=[(True, True)]
action=open, ok=True, locked=[False]
sleep (1,) {}
SLEEP 1.0
starting measurement
get handler cmd=GetValveStates, 129.138.12.153,1061 3
close () {'description': 'CO2 Laser to Roughing'}
close name=--- desc=CO2 Laser to Roughing
checking ownership. requestor=129.138.12.150
check software interlocks G
interlocks []
actuate state mode=None-script, software_lock=True
VALVE-G(CO2 Laser to Roughing) software locked
change switch state (True, False)
-------------------------- close None (CO2 Laser to Roughing) result=[(True, False)]
action=close, ok=True, locked=[True]
open () {'description': 'Microbone to Turbo'}
open name=--- desc=Microbone to Turbo
checking ownership. requestor=129.138.12.150
check software interlocks U
interlocks []
actuate state mode=None-script, software_lock=False
doing actuation None-script open_channel True
get handler cmd=Open U, 129.138.12.153,1061 3
Open U ===>> OK
get handler cmd=GetIndicatorState U, 129.138.12.153,1061 3
GetIndicatorState U ===>> OK
change switch state (True, True)
15:21:48 -- OPEN   VALVE-U (Microbone to Turbo)
-------------------------- open None (Microbone to Turbo) result=[(True, True)]
action=open, ok=True, locked=[False]
open () {'description': 'Microbone to Getter NP-10'}
open name=--- desc=Microbone to Getter NP-10
checking ownership. requestor=129.138.12.150
check software interlocks M
interlocks []
actuate state mode=None-script, software_lock=False
doing actuation None-script open_channel False
get handler cmd=Open M, 129.138.12.153,1061 3
Open M ===>> OK
get handler cmd=GetIndicatorState M, 129.138.12.153,1061 3
GetIndicatorState M ===>> OK
change switch state (True, True)
15:21:48 -- OPEN   VALVE-M (Microbone to Getter NP-10)
-------------------------- open None (Microbone to Getter NP-10) result=[(True, True)]
action=open, ok=True, locked=[False]
open () {'description': 'Microbone to Getter D-50'}
open name=--- desc=Microbone to Getter D-50
checking ownership. requestor=129.138.12.150
check software interlocks K
interlocks []
actuate state mode=None-script, software_lock=False
doing actuation None-script open_channel False
get handler cmd=Open K, 129.138.12.153,1061 3
Open K ===>> OK
get handler cmd=GetIndicatorState K, 129.138.12.153,1061 3
GetIndicatorState K ===>> OK
change switch state (True, True)
15:21:49 -- OPEN   VALVE-K (Microbone to Getter D-50)
-------------------------- open None (Microbone to Getter D-50) result=[(True, True)]
get handler cmd=GetStateChecksum A,B,C,D,E,F,G,H,I,K,L,M,N,O,P,Q,R,S,T,U,V,W,X,Y,Z, 129.138.12.153,1061 3
action=open, ok=True, locked=[False]
open () {'description': 'Microbone to CO2 Laser'}
open name=--- desc=Microbone to CO2 Laser
checking ownership. requestor=129.138.12.150
check software interlocks T
interlocks []
actuate state mode=None-script, software_lock=True
VALVE-T(Microbone to CO2 Laser) software locked
change switch state (True, False)
-------------------------- open None (Microbone to CO2 Laser) result=[(True, False)]
action=open, ok=True, locked=[True]
open () {'description': 'Microbone to Inlet Pipette'}
open name=--- desc=Microbone to Inlet Pipette
checking ownership. requestor=129.138.12.150
check software interlocks S
interlocks []
actuate state mode=None-script, software_lock=False
doing actuation None-script open_channel False
get handler cmd=Open S, 129.138.12.153,1061 3
Open S ===>> OK
get handler cmd=GetIndicatorState S, 129.138.12.153,1061 3
GetIndicatorState S ===>> OK
change switch state (True, True)
15:21:49 -- OPEN   VALVE-S (Microbone to Inlet Pipette)
-------------------------- open None (Microbone to Inlet Pipette) result=[(True, True)]
action=open, ok=True, locked=[False]
sleep (1,) {}
SLEEP 1.0
get handler cmd=GetValveStates, 129.138.12.153,1061 3
set_resource () {'name': 'CO2PumpTimeFlag', 'value': 30}
get handler cmd=Set CO2PumpTimeFlag 30, 129.138.12.153,1061 3
Set CO2PumpTimeFlag 30 ===>> OK
release ('JanCO2Flag',) {}
release JanCO2Flag
get handler cmd=Set JanCO2Flag 0, 129.138.12.153,1061 3
Set JanCO2Flag 0 ===>> OK
executed snippet estimated_duration=6.0, duration=5.26968193054
PumpMicrobone.py completed successfully
gosub finished
get_resource_value () {'name': 'JanMiniboneFlag'}
get handler cmd=Read JanMiniboneFlag, 129.138.12.153,1061 3
Read JanMiniboneFlag ===>> 1
Get Resource Value JanMiniboneFlag=1.0
get resource value 1.0
get_resource_value () {'name': 'JanMiniboneFlag'}
get handler cmd=Read JanMiniboneFlag, 129.138.12.153,1061 3
Read JanMiniboneFlag ===>> 1
Get Resource Value JanMiniboneFlag=1.0
doing GOSUB
testing...
no interpolation path defined
executed snippet estimated_duration=0, duration=8.10623168945e-05
Entering Pump minibone script
get_resource_value () {'name': 'JanMiniboneFlag'}
get handler cmd=Read JanMiniboneFlag, 129.138.12.153,1061 3
Read JanMiniboneFlag ===>> 1
Get Resource Value JanMiniboneFlag=1.0
get resource value 1.0
get_resource_value () {'name': 'JanMiniboneFlag'}
get handler cmd=Read JanMiniboneFlag, 129.138.12.153,1061 3
Read JanMiniboneFlag ===>> 1
Get Resource Value JanMiniboneFlag=1.0
Pump minibone
close () {'description': 'Bone to Minibone'}
close name=--- desc=Bone to Minibone
checking ownership. requestor=129.138.12.150
check software interlocks E
interlocks []
actuate state mode=None-script, software_lock=False
doing actuation None-script close_channel False
get handler cmd=Close E, 129.138.12.153,1061 3
testing H1<-5.0
evaluate ot="H1.bs<-5.0" t="H1<-5.0", ctx="{'H1': 0.07973261148932866}"
Close E ===>> OK
get handler cmd=GetIndicatorState E, 129.138.12.153,1061 3
GetIndicatorState E ===>> False
change switch state (True, True)
15:21:51 -- CLOSE  VALVE-E (Bone to Minibone)
-------------------------- close None (Bone to Minibone) result=[(True, True)]
action=close, ok=True, locked=[False]
open () {'description': 'Minibone to Bone'}
open name=--- desc=Minibone to Bone
checking ownership. requestor=129.138.12.150
check software interlocks I
interlocks []
actuate state mode=None-script, software_lock=False
doing actuation None-script open_channel True
get handler cmd=Open I, 129.138.12.153,1061 3
Open I ===>> OK
get handler cmd=GetValveLockStates, 129.138.12.153,1061 3
get handler cmd=GetIndicatorState I, 129.138.12.153,1061 3
GetIndicatorState I ===>> OK
change switch state (True, True)
15:21:52 -- OPEN   VALVE-I (Minibone to Bone)
-------------------------- open None (Minibone to Bone) result=[(True, True)]
action=open, ok=True, locked=[False]
close () {'description': 'Microbone to Minibone'}
close name=--- desc=Microbone to Minibone
checking ownership. requestor=129.138.12.150
check software interlocks L
interlocks []
actuate state mode=None-script, software_lock=False
doing actuation None-script close_channel True
get handler cmd=Close L, 129.138.12.153,1061 3
Close L ===>> OK
get handler cmd=GetValveOwners, 129.138.12.153,1061 3
get handler cmd=GetIndicatorState L, 129.138.12.153,1061 3
GetIndicatorState L ===>> False
change switch state (True, True)
15:21:53 -- CLOSE  VALVE-L (Microbone to Minibone)
-------------------------- close None (Microbone to Minibone) result=[(True, True)]
action=close, ok=True, locked=[False]
sleep () {'duration': 1.0}
SLEEP 1.0
open () {'description': 'Minibone to Turbo'}
open name=--- desc=Minibone to Turbo
checking ownership. requestor=129.138.12.150
check software interlocks P
interlocks []
actuate state mode=None-script, software_lock=False
doing actuation None-script open_channel True
get handler cmd=Open P, 129.138.12.153,1061 3
Open P ===>> OK
get handler cmd=GetIndicatorState P, 129.138.12.153,1061 3
GetIndicatorState P ===>> OK
change switch state (True, True)
get handler cmd=GetValveStates, 129.138.12.153,1061 3
15:21:54 -- OPEN   VALVE-P (Minibone to Turbo)
-------------------------- open None (Minibone to Turbo) result=[(True, True)]
action=open, ok=True, locked=[False]
open () {'description': 'Quad Inlet'}
open name=--- desc=Quad Inlet
checking ownership. requestor=129.138.12.150
check software interlocks Q
interlocks []
actuate state mode=None-script, software_lock=False
doing actuation None-script open_channel True
get handler cmd=Open Q, 129.138.12.153,1061 3
Open Q ===>> OK
get handler cmd=GetIndicatorState Q, 129.138.12.153,1061 3
GetIndicatorState Q ===>> OK
change switch state (True, True)
15:21:54 -- OPEN   VALVE-Q (Quad Inlet)
-------------------------- open None (Quad Inlet) result=[(True, True)]
get handler cmd=GetStateChecksum A,B,C,D,E,F,G,H,I,K,L,M,N,O,P,Q,R,S,T,U,V,W,X,Y,Z, 129.138.12.153,1061 3
action=open, ok=True, locked=[False]
set_resource () {'name': 'MinibonePumpTimeFlag', 'value': 30}
get handler cmd=Set MinibonePumpTimeFlag 30, 129.138.12.153,1061 3
Set MinibonePumpTimeFlag 30 ===>> OK
sleep () {'duration': 15.0}
SLEEP 15.0
block started
WaitControl setup for 15.0  
testing H1<-5.0
evaluate ot="H1.bs<-5.0" t="H1<-5.0", ctx="{'H1': 0.07973261148932866}"
get handler cmd=GetValveStates, 129.138.12.153,1061 3
get handler cmd=GetStateChecksum A,B,C,D,E,F,G,H,I,K,L,M,N,O,P,Q,R,S,T,U,V,W,X,Y,Z, 129.138.12.153,1061 3
get handler cmd=GetValveStates, 129.138.12.153,1061 3
get handler cmd=GetValveLockStates, 129.138.12.153,1061 3
get handler cmd=GetValveOwners, 129.138.12.153,1061 3
testing H1<-5.0
evaluate ot="H1.bs<-5.0" t="H1<-5.0", ctx="{'H1': 0.07973261148932866}"
get handler cmd=GetValveStates, 129.138.12.153,1061 3
get handler cmd=GetStateChecksum A,B,C,D,E,F,G,H,I,K,L,M,N,O,P,Q,R,S,T,U,V,W,X,Y,Z, 129.138.12.153,1061 3
get handler cmd=GetValveStates, 129.138.12.153,1061 3
testing H1<-5.0
evaluate ot="H1.bs<-5.0" t="H1<-5.0", ctx="{'H1': 0.07973261148932866}"
get handler cmd=GetValveLockStates, 129.138.12.153,1061 3
get handler cmd=GetValveOwners, 129.138.12.153,1061 3
get handler cmd=GetStateChecksum A,B,C,D,E,F,G,H,I,K,L,M,N,O,P,Q,R,S,T,U,V,W,X,Y,Z, 129.138.12.153,1061 3
get handler cmd=GetValveStates, 129.138.12.153,1061 3
Join finished
block finished. duration 15.6830890179
close () {'description': 'Outer Pipette 1'}
close name=--- desc=Outer Pipette 1
checking ownership. requestor=129.138.12.150
check software interlocks W
interlocks ['X']
actuate state mode=None-script, software_lock=False
doing actuation None-script close_channel True
get handler cmd=Close W, 129.138.12.153,1061 3
Close W ===>> OK
get handler cmd=GetIndicatorState W, 129.138.12.153,1061 3
GetIndicatorState W ===>> False
change switch state (True, True)
15:22:11 -- CLOSE  VALVE-W (Outer Pipette 1)
-------------------------- close None (Outer Pipette 1) result=[(True, True)]
action=close, ok=True, locked=[False]
close () {'description': 'Outer Pipette 2'}
close name=--- desc=Outer Pipette 2
checking ownership. requestor=129.138.12.150
check software interlocks Y
interlocks ['Z']
actuate state mode=None-script, software_lock=False
doing actuation None-script close_channel False
get handler cmd=Close Y, 129.138.12.153,1061 3
Close Y ===>> OK
get handler cmd=GetIndicatorState Y, 129.138.12.153,1061 3
GetIndicatorState Y ===>> False
change switch state (True, True)
15:22:11 -- CLOSE  VALVE-Y (Outer Pipette 2)
-------------------------- close None (Outer Pipette 2) result=[(True, True)]
action=close, ok=True, locked=[False]
release ('JanMiniboneFlag',) {}
release JanMiniboneFlag
get handler cmd=Set JanMiniboneFlag 0, 129.138.12.153,1061 3
Set JanMiniboneFlag 0 ===>> OK
executed snippet estimated_duration=16.0, duration=20.6429140568
PumpMinibone.py completed successfully
gosub finished
executed snippet estimated_duration=4.0, duration=25.9274470806
jan_pump_extraction_line.py completed successfully
Post Equilibration Finished
15:22:11 -- ******* Post Equilibration Finished *******
get handler cmd=GetValveStates, 129.138.12.153,1061 3
testing H1<-5.0
evaluate ot="H1.bs<-5.0" t="H1<-5.0", ctx="{'H1': 0.07973261148932866}"
15:22:12 -- collecting point 25
get handler cmd=GetStateChecksum A,B,C,D,E,F,G,H,I,K,L,M,N,O,P,Q,R,S,T,U,V,W,X,Y,Z, 129.138.12.153,1061 3
get handler cmd=GetValveStates, 129.138.12.153,1061 3
get handler cmd=GetValveLockStates, 129.138.12.153,1061 3
get handler cmd=GetValveOwners, 129.138.12.153,1061 3
get handler cmd=GetStateChecksum A,B,C,D,E,F,G,H,I,K,L,M,N,O,P,Q,R,S,T,U,V,W,X,Y,Z, 129.138.12.153,1061 3
testing H1<-5.0
evaluate ot="H1.bs<-5.0" t="H1<-5.0", ctx="{'H1': 0.07973261148932866}"
get handler cmd=GetValveStates, 129.138.12.153,1061 3
get handler cmd=GetValveStates, 129.138.12.153,1061 3
get handler cmd=GetStateChecksum A,B,C,D,E,F,G,H,I,K,L,M,N,O,P,Q,R,S,T,U,V,W,X,Y,Z, 129.138.12.153,1061 3
get handler cmd=GetValveLockStates, 129.138.12.153,1061 3
get handler cmd=GetValveOwners, 129.138.12.153,1061 3
testing H1<-5.0
evaluate ot="H1.bs<-5.0" t="H1<-5.0", ctx="{'H1': 0.07973261148932866}"
get handler cmd=GetValveStates, 129.138.12.153,1061 3
get handler cmd=GetStateChecksum A,B,C,D,E,F,G,H,I,K,L,M,N,O,P,Q,R,S,T,U,V,W,X,Y,Z, 129.138.12.153,1061 3
get handler cmd=GetValveStates, 129.138.12.153,1061 3
testing H1<-5.0
evaluate ot="H1.bs<-5.0" t="H1<-5.0", ctx="{'H1': 0.07973261148932866}"
get handler cmd=GetValveStates, 129.138.12.153,1061 3
get handler cmd=GetValveLockStates, 129.138.12.153,1061 3
get handler cmd=GetValveOwners, 129.138.12.153,1061 3
get handler cmd=GetStateChecksum A,B,C,D,E,F,G,H,I,K,L,M,N,O,P,Q,R,S,T,U,V,W,X,Y,Z, 129.138.12.153,1061 3
get handler cmd=GetValveStates, 129.138.12.153,1061 3
testing H1<-5.0
evaluate ot="H1.bs<-5.0" t="H1<-5.0", ctx="{'H1': 0.07973261148932866}"
get handler cmd=GetStateChecksum A,B,C,D,E,F,G,H,I,K,L,M,N,O,P,Q,R,S,T,U,V,W,X,Y,Z, 129.138.12.153,1061 3
get handler cmd=GetValveStates, 129.138.12.153,1061 3
get handler cmd=GetValveLockStates, 129.138.12.153,1061 3
get handler cmd=GetValveOwners, 129.138.12.153,1061 3
testing H1<-5.0
evaluate ot="H1.bs<-5.0" t="H1<-5.0", ctx="{'H1': 0.07973261148932866}"
15:22:38 -- collecting point 50
get handler cmd=GetValveStates, 129.138.12.153,1061 3
get handler cmd=GetStateChecksum A,B,C,D,E,F,G,H,I,K,L,M,N,O,P,Q,R,S,T,U,V,W,X,Y,Z, 129.138.12.153,1061 3
get handler cmd=GetValveStates, 129.138.12.153,1061 3
get handler cmd=GetStateChecksum A,B,C,D,E,F,G,H,I,K,L,M,N,O,P,Q,R,S,T,U,V,W,X,Y,Z, 129.138.12.153,1061 3
get handler cmd=GetValveStates, 129.138.12.153,1061 3
testing H1<-5.0
evaluate ot="H1.bs<-5.0" t="H1<-5.0", ctx="{'H1': 0.07973261148932866}"
get handler cmd=GetValveLockStates, 129.138.12.153,1061 3
get handler cmd=GetValveOwners, 129.138.12.153,1061 3
get handler cmd=GetValveStates, 129.138.12.153,1061 3
testing H1<-5.0
evaluate ot="H1.bs<-5.0" t="H1<-5.0", ctx="{'H1': 0.07973261148932866}"
get handler cmd=GetStateChecksum A,B,C,D,E,F,G,H,I,K,L,M,N,O,P,Q,R,S,T,U,V,W,X,Y,Z, 129.138.12.153,1061 3
get handler cmd=GetValveStates, 129.138.12.153,1061 3
get handler cmd=GetValveLockStates, 129.138.12.153,1061 3
get handler cmd=GetValveOwners, 129.138.12.153,1061 3
testing H1<-5.0
evaluate ot="H1.bs<-5.0" t="H1<-5.0", ctx="{'H1': 0.07973261148932866}"
get handler cmd=GetValveStates, 129.138.12.153,1061 3
get handler cmd=GetStateChecksum A,B,C,D,E,F,G,H,I,K,L,M,N,O,P,Q,R,S,T,U,V,W,X,Y,Z, 129.138.12.153,1061 3
get handler cmd=GetValveStates, 129.138.12.153,1061 3
get handler cmd=GetStateChecksum A,B,C,D,E,F,G,H,I,K,L,M,N,O,P,Q,R,S,T,U,V,W,X,Y,Z, 129.138.12.153,1061 3
get handler cmd=GetValveStates, 129.138.12.153,1061 3
testing H1<-5.0
evaluate ot="H1.bs<-5.0" t="H1<-5.0", ctx="{'H1': 0.07973261148932866}"
get handler cmd=GetValveLockStates, 129.138.12.153,1061 3
get handler cmd=GetValveOwners, 129.138.12.153,1061 3
get handler cmd=GetValveStates, 129.138.12.153,1061 3
get handler cmd=GetStateChecksum A,B,C,D,E,F,G,H,I,K,L,M,N,O,P,Q,R,S,T,U,V,W,X,Y,Z, 129.138.12.153,1061 3
testing H1<-5.0
evaluate ot="H1.bs<-5.0" t="H1<-5.0", ctx="{'H1': 0.07973261148932866}"
15:23:04 -- collecting point 75
get handler cmd=GetValveStates, 129.138.12.153,1061 3
get handler cmd=GetValveLockStates, 129.138.12.153,1061 3
get handler cmd=GetValveOwners, 129.138.12.153,1061 3
get handler cmd=GetStateChecksum A,B,C,D,E,F,G,H,I,K,L,M,N,O,P,Q,R,S,T,U,V,W,X,Y,Z, 129.138.12.153,1061 3
get handler cmd=GetValveStates, 129.138.12.153,1061 3
testing H1<-5.0
evaluate ot="H1.bs<-5.0" t="H1<-5.0", ctx="{'H1': 0.07973261148932866}"
testing Ar36<0.001
evaluate ot="Ar36.bs_corrected<0.001" t="Ar36<0.001", ctx="{'Ar36': 0.2521498478363741}"
get handler cmd=GetValveStates, 129.138.12.153,1061 3
get handler cmd=GetStateChecksum A,B,C,D,E,F,G,H,I,K,L,M,N,O,P,Q,R,S,T,U,V,W,X,Y,Z, 129.138.12.153,1061 3
get handler cmd=GetValveStates, 129.138.12.153,1061 3
get handler cmd=GetValveLockStates, 129.138.12.153,1061 3
get handler cmd=GetValveOwners, 129.138.12.153,1061 3
testing H1<-5.0
evaluate ot="H1.bs<-5.0" t="H1<-5.0", ctx="{'H1': 0.07973261148932866}"
testing Ar36<0.001
evaluate ot="Ar36.bs_corrected<0.001" t="Ar36<0.001", ctx="{'Ar36': 0.251481110254738}"
get handler cmd=GetStateChecksum A,B,C,D,E,F,G,H,I,K,L,M,N,O,P,Q,R,S,T,U,V,W,X,Y,Z, 129.138.12.153,1061 3
get handler cmd=GetValveStates, 129.138.12.153,1061 3
testing H1<-5.0
evaluate ot="H1.bs<-5.0" t="H1<-5.0", ctx="{'H1': 0.07973261148932866}"
testing Ar36<0.001
evaluate ot="Ar36.bs_corrected<0.001" t="Ar36<0.001", ctx="{'Ar36': 0.2519063759823496}"
get handler cmd=GetValveStates, 129.138.12.153,1061 3
get handler cmd=GetStateChecksum A,B,C,D,E,F,G,H,I,K,L,M,N,O,P,Q,R,S,T,U,V,W,X,Y,Z, 129.138.12.153,1061 3
get handler cmd=GetValveLockStates, 129.138.12.153,1061 3
get handler cmd=GetValveOwners, 129.138.12.153,1061 3
get handler cmd=GetValveStates, 129.138.12.153,1061 3
testing H1<-5.0
evaluate ot="H1.bs<-5.0" t="H1<-5.0", ctx="{'H1': 0.07973261148932866}"
testing Ar36<0.001
evaluate ot="Ar36.bs_corrected<0.001" t="Ar36<0.001", ctx="{'Ar36': 0.25133421079274254}"
get handler cmd=GetStateChecksum A,B,C,D,E,F,G,H,I,K,L,M,N,O,P,Q,R,S,T,U,V,W,X,Y,Z, 129.138.12.153,1061 3
get handler cmd=GetValveStates, 129.138.12.153,1061 3
get handler cmd=GetValveStates, 129.138.12.153,1061 3
get handler cmd=GetValveLockStates, 129.138.12.153,1061 3
get handler cmd=GetValveOwners, 129.138.12.153,1061 3
testing H1<-5.0
evaluate ot="H1.bs<-5.0" t="H1<-5.0", ctx="{'H1': 0.07973261148932866}"
testing Ar36<0.001
evaluate ot="Ar36.bs_corrected<0.001" t="Ar36<0.001", ctx="{'Ar36': 0.25048137435103845}"
15:23:30 -- collecting point 100
get handler cmd=GetStateChecksum A,B,C,D,E,F,G,H,I,K,L,M,N,O,P,Q,R,S,T,U,V,W,X,Y,Z, 129.138.12.153,1061 3
get handler cmd=GetValveStates, 129.138.12.153,1061 3
get handler cmd=GetStateChecksum A,B,C,D,E,F,G,H,I,K,L,M,N,O,P,Q,R,S,T,U,V,W,X,Y,Z, 129.138.12.153,1061 3
get handler cmd=GetValveStates, 129.138.12.153,1061 3
testing H1<-5.0
evaluate ot="H1.bs<-5.0" t="H1<-5.0", ctx="{'H1': 0.07973261148932866}"
testing Ar36<0.001
evaluate ot="Ar36.bs_corrected<0.001" t="Ar36<0.001", ctx="{'Ar36': 0.2499704438694852}"
get handler cmd=GetValveLockStates, 129.138.12.153,1061 3
get handler cmd=GetValveOwners, 129.138.12.153,1061 3
get handler cmd=GetValveStates, 129.138.12.153,1061 3
get handler cmd=GetStateChecksum A,B,C,D,E,F,G,H,I,K,L,M,N,O,P,Q,R,S,T,U,V,W,X,Y,Z, 129.138.12.153,1061 3
testing H1<-5.0
evaluate ot="H1.bs<-5.0" t="H1<-5.0", ctx="{'H1': 0.07973261148932866}"
testing Ar36<0.001
evaluate ot="Ar36.bs_corrected<0.001" t="Ar36<0.001", ctx="{'Ar36': 0.2500398470075614}"
get handler cmd=GetValveStates, 129.138.12.153,1061 3
get handler cmd=GetStateChecksum A,B,C,D,E,F,G,H,I,K,L,M,N,O,P,Q,R,S,T,U,V,W,X,Y,Z, 129.138.12.153,1061 3
get handler cmd=GetValveStates, 129.138.12.153,1061 3
get handler cmd=GetValveLockStates, 129.138.12.153,1061 3
get handler cmd=GetValveOwners, 129.138.12.153,1061 3
testing H1<-5.0
evaluate ot="H1.bs<-5.0" t="H1<-5.0", ctx="{'H1': 0.07973261148932866}"
testing Ar36<0.001
evaluate ot="Ar36.bs_corrected<0.001" t="Ar36<0.001", ctx="{'Ar36': 0.2500209156688316}"
get handler cmd=GetValveStates, 129.138.12.153,1061 3
get handler cmd=GetStateChecksum A,B,C,D,E,F,G,H,I,K,L,M,N,O,P,Q,R,S,T,U,V,W,X,Y,Z, 129.138.12.153,1061 3
get handler cmd=GetValveStates, 129.138.12.153,1061 3
get handler cmd=GetValveLockStates, 129.138.12.153,1061 3
testing H1<-5.0
evaluate ot="H1.bs<-5.0" t="H1<-5.0", ctx="{'H1': 0.07973261148932866}"
testing Ar36<0.001
evaluate ot="Ar36.bs_corrected<0.001" t="Ar36<0.001", ctx="{'Ar36': 0.249275633066928}"
get handler cmd=GetValveOwners, 129.138.12.153,1061 3
get handler cmd=GetStateChecksum A,B,C,D,E,F,G,H,I,K,L,M,N,O,P,Q,R,S,T,U,V,W,X,Y,Z, 129.138.12.153,1061 3
waiting for write to finish
measurement finished
estimated time: 125.829 actual time: :126.154
flush and close file /Users/jan/PychronDev/data/isotopes/e9/6b4040-c0f4-40ed-b609-06497213d03d.h5
baselines () {'settling_time': 15.0, 'detector': 'H1', 'mass': 34.2, 'ncounts': 60}
%%%%%%%%%%%%%%%%%%%%%%%%%%%%%%%% Baseline
build tables- baseline [Detector(H2), Detector(H1), Detector(AX), Detector(L1), Detector(L2), Detector(CDD)]
add group baseline table H2
add group baseline table H1
add group baseline table AX
add group baseline table L1
add group baseline table L2
add group baseline table CDD
flush and close file /Users/jan/PychronDev/data/isotopes/e9/6b4040-c0f4-40ed-b609-06497213d03d.h5
detector Detector(H1)
POSITION 34.2 H1
Mapping mass to dac mass func: "parabolic"
H1 map mass coeffs = [ -3.11428344e-04   1.33794662e-01   1.02887323e+00]
H1 map mass to dac 34.2 >> 5.24039160773
GetDeflection H1 ===>> 0
GetHighVoltage ===>> 4499.94659342336
positioning 34.2 (5.24036074755) on H1
setting magnet DAC
current  : 5.878245
requested: 5.240361
Delta Dac: 0.637885
Checking detector protection. dv=0.63788
Checking detector "CDD". Protection Threshold: 0.5 (V)
ProtectDetector CDD,On ===>> OK
GetDeflection CDD ===>> 2000
Protected = 2000
SetMagnetDAC 5.24036074755 ===>> OK
Magnet settling time: 0.500 0.500
Magnet settling complete
Wait for magnet to stop moving
GetMagnetMoving ===>> True
get handler cmd=GetValveStates, 129.138.12.153,1061 3
GetMagnetMoving ===>> True
GetMagnetMoving ===>> True
GetMagnetMoving ===>> True
GetMagnetMoving ===>> True
GetMagnetMoving ===>> True
GetMagnetMoving ===>> True
GetMagnetMoving ===>> True
GetMagnetMoving ===>> True
GetMagnetMoving ===>> True
get handler cmd=GetValveStates, 129.138.12.153,1061 3
GetMagnetMoving ===>> False
Magnet move complete
Unprotect detectors
ProtectDetector CDD,Off ===>> OK
GetDeflection CDD ===>> 50
set_dac. change=True
Delaying 15.0s for detectors to settle
get handler cmd=GetStateChecksum A,B,C,D,E,F,G,H,I,K,L,M,N,O,P,Q,R,S,T,U,V,W,X,Y,Z, 129.138.12.153,1061 3
get handler cmd=GetValveStates, 129.138.12.153,1061 3
get handler cmd=GetValveLockStates, 129.138.12.153,1061 3
get handler cmd=GetValveOwners, 129.138.12.153,1061 3
get handler cmd=GetStateChecksum A,B,C,D,E,F,G,H,I,K,L,M,N,O,P,Q,R,S,T,U,V,W,X,Y,Z, 129.138.12.153,1061 3
get handler cmd=GetValveStates, 129.138.12.153,1061 3
get handler cmd=GetValveStates, 129.138.12.153,1061 3
get handler cmd=GetStateChecksum A,B,C,D,E,F,G,H,I,K,L,M,N,O,P,Q,R,S,T,U,V,W,X,Y,Z, 129.138.12.153,1061 3
get handler cmd=GetValveLockStates, 129.138.12.153,1061 3
get handler cmd=GetValveOwners, 129.138.12.153,1061 3
get handler cmd=GetValveStates, 129.138.12.153,1061 3
get handler cmd=GetStateChecksum A,B,C,D,E,F,G,H,I,K,L,M,N,O,P,Q,R,S,T,U,V,W,X,Y,Z, 129.138.12.153,1061 3
get handler cmd=GetValveStates, 129.138.12.153,1061 3
Join finished
measuring baseline. ncounts=60
"baseline" increment series count="2" fit count="1" regressing="True"
starting measurement
get handler cmd=GetValveStates, 129.138.12.153,1061 3
get handler cmd=GetValveLockStates, 129.138.12.153,1061 3
get handler cmd=GetValveOwners, 129.138.12.153,1061 3
get handler cmd=GetStateChecksum A,B,C,D,E,F,G,H,I,K,L,M,N,O,P,Q,R,S,T,U,V,W,X,Y,Z, 129.138.12.153,1061 3
testing H1<-5.0
evaluate ot="H1.bs<-5.0" t="H1<-5.0", ctx="{'H1': 0.07365725632537673}"
get handler cmd=GetValveStates, 129.138.12.153,1061 3
get handler cmd=GetStateChecksum A,B,C,D,E,F,G,H,I,K,L,M,N,O,P,Q,R,S,T,U,V,W,X,Y,Z, 129.138.12.153,1061 3
get handler cmd=GetValveStates, 129.138.12.153,1061 3
get handler cmd=GetValveLockStates, 129.138.12.153,1061 3
testing H1<-5.0
evaluate ot="H1.bs<-5.0" t="H1<-5.0", ctx="{'H1': 0.07395697200778882}"
get handler cmd=GetValveOwners, 129.138.12.153,1061 3
get handler cmd=GetValveStates, 129.138.12.153,1061 3
get handler cmd=GetStateChecksum A,B,C,D,E,F,G,H,I,K,L,M,N,O,P,Q,R,S,T,U,V,W,X,Y,Z, 129.138.12.153,1061 3
get handler cmd=GetValveStates, 129.138.12.153,1061 3
testing H1<-5.0
evaluate ot="H1.bs<-5.0" t="H1<-5.0", ctx="{'H1': 0.08247806807763573}"
get handler cmd=GetStateChecksum A,B,C,D,E,F,G,H,I,K,L,M,N,O,P,Q,R,S,T,U,V,W,X,Y,Z, 129.138.12.153,1061 3
get handler cmd=GetValveStates, 129.138.12.153,1061 3
get handler cmd=GetValveLockStates, 129.138.12.153,1061 3
get handler cmd=GetValveOwners, 129.138.12.153,1061 3
get handler cmd=GetValveStates, 129.138.12.153,1061 3
testing H1<-5.0
evaluate ot="H1.bs<-5.0" t="H1<-5.0", ctx="{'H1': 0.09359628506898414}"
get handler cmd=GetStateChecksum A,B,C,D,E,F,G,H,I,K,L,M,N,O,P,Q,R,S,T,U,V,W,X,Y,Z, 129.138.12.153,1061 3
get handler cmd=GetValveStates, 129.138.12.153,1061 3
get handler cmd=GetValveLockStates, 129.138.12.153,1061 3
get handler cmd=GetValveOwners, 129.138.12.153,1061 3
get handler cmd=GetStateChecksum A,B,C,D,E,F,G,H,I,K,L,M,N,O,P,Q,R,S,T,U,V,W,X,Y,Z, 129.138.12.153,1061 3
testing H1<-5.0
evaluate ot="H1.bs<-5.0" t="H1<-5.0", ctx="{'H1': 0.09994996489219503}"
15:24:37 -- collecting point 25
get handler cmd=GetValveStates, 129.138.12.153,1061 3
get handler cmd=GetValveStates, 129.138.12.153,1061 3
get handler cmd=GetStateChecksum A,B,C,D,E,F,G,H,I,K,L,M,N,O,P,Q,R,S,T,U,V,W,X,Y,Z, 129.138.12.153,1061 3
testing H1<-5.0
evaluate ot="H1.bs<-5.0" t="H1<-5.0", ctx="{'H1': 0.10170756399911862}"
get handler cmd=GetValveStates, 129.138.12.153,1061 3
get handler cmd=GetValveLockStates, 129.138.12.153,1061 3
get handler cmd=GetValveOwners, 129.138.12.153,1061 3
get handler cmd=GetStateChecksum A,B,C,D,E,F,G,H,I,K,L,M,N,O,P,Q,R,S,T,U,V,W,X,Y,Z, 129.138.12.153,1061 3
get handler cmd=GetValveStates, 129.138.12.153,1061 3
testing H1<-5.0
evaluate ot="H1.bs<-5.0" t="H1<-5.0", ctx="{'H1': 0.10896882012645326}"
get handler cmd=GetValveStates, 129.138.12.153,1061 3
get handler cmd=GetStateChecksum A,B,C,D,E,F,G,H,I,K,L,M,N,O,P,Q,R,S,T,U,V,W,X,Y,Z, 129.138.12.153,1061 3
get handler cmd=GetValveLockStates, 129.138.12.153,1061 3
get handler cmd=GetValveOwners, 129.138.12.153,1061 3
get handler cmd=GetValveStates, 129.138.12.153,1061 3
testing H1<-5.0
evaluate ot="H1.bs<-5.0" t="H1<-5.0", ctx="{'H1': 0.11403663436975453}"
get handler cmd=GetStateChecksum A,B,C,D,E,F,G,H,I,K,L,M,N,O,P,Q,R,S,T,U,V,W,X,Y,Z, 129.138.12.153,1061 3
get handler cmd=GetValveStates, 129.138.12.153,1061 3
get handler cmd=GetValveStates, 129.138.12.153,1061 3
get handler cmd=GetValveLockStates, 129.138.12.153,1061 3
testing H1<-5.0
evaluate ot="H1.bs<-5.0" t="H1<-5.0", ctx="{'H1': 0.11264145883996633}"
get handler cmd=GetValveOwners, 129.138.12.153,1061 3
get handler cmd=GetStateChecksum A,B,C,D,E,F,G,H,I,K,L,M,N,O,P,Q,R,S,T,U,V,W,X,Y,Z, 129.138.12.153,1061 3
get handler cmd=GetValveStates, 129.138.12.153,1061 3
get handler cmd=GetStateChecksum A,B,C,D,E,F,G,H,I,K,L,M,N,O,P,Q,R,S,T,U,V,W,X,Y,Z, 129.138.12.153,1061 3
get handler cmd=GetValveStates, 129.138.12.153,1061 3
testing H1<-5.0
evaluate ot="H1.bs<-5.0" t="H1<-5.0", ctx="{'H1': 0.11282690988915947}"
15:25:03 -- collecting point 50
get handler cmd=GetValveLockStates, 129.138.12.153,1061 3
get handler cmd=GetValveOwners, 129.138.12.153,1061 3
get handler cmd=GetValveStates, 129.138.12.153,1061 3
get handler cmd=GetStateChecksum A,B,C,D,E,F,G,H,I,K,L,M,N,O,P,Q,R,S,T,U,V,W,X,Y,Z, 129.138.12.153,1061 3
testing H1<-5.0
evaluate ot="H1.bs<-5.0" t="H1<-5.0", ctx="{'H1': 0.11562757304980201}"
get handler cmd=GetValveStates, 129.138.12.153,1061 3
get handler cmd=GetStateChecksum A,B,C,D,E,F,G,H,I,K,L,M,N,O,P,Q,R,S,T,U,V,W,X,Y,Z, 129.138.12.153,1061 3
get handler cmd=GetValveStates, 129.138.12.153,1061 3
get handler cmd=GetValveLockStates, 129.138.12.153,1061 3
get handler cmd=GetValveOwners, 129.138.12.153,1061 3
testing H1<-5.0
evaluate ot="H1.bs<-5.0" t="H1<-5.0", ctx="{'H1': 0.11523278844162994}"
waiting for write to finish
measurement finished
estimated time: 62.915 actual time: :63.118
flush and close file /Users/jan/PychronDev/data/isotopes/e9/6b4040-c0f4-40ed-b609-06497213d03d.h5
activate_detectors ('H1', 'AX', 'CDD') {'peak_center': True}
peak_center () {'detector': 'H1', 'integration_time': 0.262144, 'isotope': 'Ar40'}
peak center: mean=1081.65349769 threshold=5.0
peak center started
setup peak center. detector=['H1', 'AX', 'CDD'], isotope=Ar40
VersionedUnpickler [<apptools.sweet_pickle.versioned_unpickler.VersionedUnpickler object at 0x130ac16b0>] using Updater [<apptools.sweet_pickle.updater.Updater object at 0x134415ad0>]
VersionedUnpickler [<apptools.sweet_pickle.versioned_unpickler.VersionedUnpickler object at 0x130ac16b0>] using Updater [<apptools.sweet_pickle.updater.Updater object at 0x134415ad0>]
VersionedUnpickler [<apptools.sweet_pickle.versioned_unpickler.VersionedUnpickler object at 0x13a361e30>] using Updater [<apptools.sweet_pickle.updater.Updater object at 0x134415ad0>]
Mapping mass to dac mass func: "parabolic"
H1 map mass coeffs = [ -3.11428344e-04   1.33794662e-01   1.02887323e+00]
H1 map mass to dac 39.9624 >> 5.87828
GetDeflection H1 ===>> 0
GetHighVoltage ===>> 4499.94659342336
do peak center. <pychron.spectrometer.jobs.peak_center.PeakCenter object at 0x1344159b0>
doing pc
starting peak center. center dac= 5.87824538336 step_width=0.001
width = 0.001
get scan parameters. half-width=0.015,window=0.015, i=0, scalar=1
Scan parameters center=5.87825 width=0.03000 (5.86325 - 5.89325)
Moving to starting dac 5.86324538336
setting magnet DAC
current  : 5.240361
requested: 5.863245
Delta Dac: 0.622885
Checking detector protection. dv=0.62288
Checking detector "CDD". Protection Threshold: 0.5 (V)
ProtectDetector CDD,On ===>> OK
GetDeflection CDD ===>> 2000
Protected = 2000
SetMagnetDAC 5.86324538336 ===>> OK
Magnet settling time: 0.500 0.500
Magnet settling complete
Wait for magnet to stop moving
GetMagnetMoving ===>> True
GetMagnetMoving ===>> True
GetMagnetMoving ===>> True
GetMagnetMoving ===>> True
GetMagnetMoving ===>> True
get handler cmd=GetValveStates, 129.138.12.153,1061 3
GetMagnetMoving ===>> True
GetMagnetMoving ===>> True
GetMagnetMoving ===>> True
GetMagnetMoving ===>> True
GetMagnetMoving ===>> False
Magnet move complete
Unprotect detectors
ProtectDetector CDD,Off ===>> OK
GetDeflection CDD ===>> 50
set_dac. change=True
Wait until signal near baseline. tol= 0.0623399190402. timeout= 10
get handler cmd=GetStateChecksum A,B,C,D,E,F,G,H,I,K,L,M,N,O,P,Q,R,S,T,U,V,W,X,Y,Z, 129.138.12.153,1061 3
get handler cmd=GetValveStates, 129.138.12.153,1061 3
get handler cmd=GetValveLockStates, 129.138.12.153,1061 3
get handler cmd=GetValveOwners, 129.138.12.153,1061 3
get handler cmd=GetValveStates, 129.138.12.153,1061 3
get handler cmd=GetStateChecksum A,B,C,D,E,F,G,H,I,K,L,M,N,O,P,Q,R,S,T,U,V,W,X,Y,Z, 129.138.12.153,1061 3
get handler cmd=GetValveStates, 129.138.12.153,1061 3
get handler cmd=GetStateChecksum A,B,C,D,E,F,G,H,I,K,L,M,N,O,P,Q,R,S,T,U,V,W,X,Y,Z, 129.138.12.153,1061 3
get handler cmd=GetValveStates, 129.138.12.153,1061 3
Peak center failed to move to a baseline position
_do_sweep sm= 5.86324538336, em= 5.89324538336, stm= 0.001
calculated step values: start=5.86324538336, end=5.89324538336, width=0.001, nsteps=31.0
setting magnet DAC
current  : 5.863245
requested: 5.863245
Delta Dac: 0.000000
Checking detector protection. dv=0.00000
Checking detector "CDD". Protection Threshold: 0.5 (V)
SetMagnetDAC 5.86324538336 ===>> OK
set_dac. change=False
setting magnet DAC
current  : 5.863245
requested: 5.864280
Delta Dac: 0.001034
Checking detector protection. dv=0.00103
Checking detector "CDD". Protection Threshold: 0.5 (V)
SetMagnetDAC 5.86427986612 ===>> OK
Magnet settling time: 2.097 0.500
get handler cmd=GetValveLockStates, 129.138.12.153,1061 3
get handler cmd=GetValveOwners, 129.138.12.153,1061 3
Magnet settling complete
set_dac. change=True
setting magnet DAC
current  : 5.864280
requested: 5.865314
Delta Dac: 0.001034
Checking detector protection. dv=0.00103
Checking detector "CDD". Protection Threshold: 0.5 (V)
SetMagnetDAC 5.86531434888 ===>> OK
Magnet settling time: 2.097 0.500
get handler cmd=GetValveStates, 129.138.12.153,1061 3
get handler cmd=GetStateChecksum A,B,C,D,E,F,G,H,I,K,L,M,N,O,P,Q,R,S,T,U,V,W,X,Y,Z, 129.138.12.153,1061 3
Magnet settling complete
set_dac. change=True
setting magnet DAC
current  : 5.865314
requested: 5.866349
Delta Dac: 0.001034
Checking detector protection. dv=0.00103
Checking detector "CDD". Protection Threshold: 0.5 (V)
SetMagnetDAC 5.86634883164 ===>> OK
Magnet settling time: 2.097 0.500
get handler cmd=GetValveStates, 129.138.12.153,1061 3
Magnet settling complete
set_dac. change=True
setting magnet DAC
current  : 5.866349
requested: 5.867383
Delta Dac: 0.001034
Checking detector protection. dv=0.00103
Checking detector "CDD". Protection Threshold: 0.5 (V)
SetMagnetDAC 5.86738331439 ===>> OK
Magnet settling time: 2.097 0.500
get handler cmd=GetValveLockStates, 129.138.12.153,1061 3
get handler cmd=GetValveOwners, 129.138.12.153,1061 3
get handler cmd=GetStateChecksum A,B,C,D,E,F,G,H,I,K,L,M,N,O,P,Q,R,S,T,U,V,W,X,Y,Z, 129.138.12.153,1061 3
Magnet settling complete
set_dac. change=True
setting magnet DAC
current  : 5.867383
requested: 5.868418
Delta Dac: 0.001034
Checking detector protection. dv=0.00103
Checking detector "CDD". Protection Threshold: 0.5 (V)
SetMagnetDAC 5.86841779715 ===>> OK
Magnet settling time: 2.097 0.500
get handler cmd=GetValveStates, 129.138.12.153,1061 3
Magnet settling complete
set_dac. change=True
setting magnet DAC
current  : 5.868418
requested: 5.869452
Delta Dac: 0.001034
Checking detector protection. dv=0.00103
Checking detector "CDD". Protection Threshold: 0.5 (V)
SetMagnetDAC 5.86945227991 ===>> OK
Magnet settling time: 2.097 0.500
get handler cmd=GetValveStates, 129.138.12.153,1061 3
get handler cmd=GetStateChecksum A,B,C,D,E,F,G,H,I,K,L,M,N,O,P,Q,R,S,T,U,V,W,X,Y,Z, 129.138.12.153,1061 3
Magnet settling complete
set_dac. change=True
setting magnet DAC
current  : 5.869452
requested: 5.870487
Delta Dac: 0.001034
Checking detector protection. dv=0.00103
Checking detector "CDD". Protection Threshold: 0.5 (V)
SetMagnetDAC 5.87048676267 ===>> OK
Magnet settling time: 2.097 0.500
get handler cmd=GetValveStates, 129.138.12.153,1061 3
get handler cmd=GetValveLockStates, 129.138.12.153,1061 3
Magnet settling complete
set_dac. change=True
setting magnet DAC
current  : 5.870487
requested: 5.871521
Delta Dac: 0.001034
Checking detector protection. dv=0.00103
Checking detector "CDD". Protection Threshold: 0.5 (V)
SetMagnetDAC 5.87152124543 ===>> OK
Magnet settling time: 2.097 0.500
get handler cmd=GetValveOwners, 129.138.12.153,1061 3
get handler cmd=GetStateChecksum A,B,C,D,E,F,G,H,I,K,L,M,N,O,P,Q,R,S,T,U,V,W,X,Y,Z, 129.138.12.153,1061 3
Magnet settling complete
set_dac. change=True
setting magnet DAC
current  : 5.871521
requested: 5.872556
Delta Dac: 0.001034
Checking detector protection. dv=0.00103
Checking detector "CDD". Protection Threshold: 0.5 (V)
SetMagnetDAC 5.87255572819 ===>> OK
Magnet settling time: 2.097 0.500
get handler cmd=GetValveStates, 129.138.12.153,1061 3
Magnet settling complete
set_dac. change=True
setting magnet DAC
current  : 5.872556
requested: 5.873590
Delta Dac: 0.001034
Checking detector protection. dv=0.00103
Checking detector "CDD". Protection Threshold: 0.5 (V)
SetMagnetDAC 5.87359021095 ===>> OK
Magnet settling time: 2.097 0.500
get handler cmd=GetValveStates, 129.138.12.153,1061 3
get handler cmd=GetStateChecksum A,B,C,D,E,F,G,H,I,K,L,M,N,O,P,Q,R,S,T,U,V,W,X,Y,Z, 129.138.12.153,1061 3
Magnet settling complete
set_dac. change=True
setting magnet DAC
current  : 5.873590
requested: 5.874625
Delta Dac: 0.001034
Checking detector protection. dv=0.00103
Checking detector "CDD". Protection Threshold: 0.5 (V)
SetMagnetDAC 5.87462469371 ===>> OK
Magnet settling time: 2.097 0.500
get handler cmd=GetValveLockStates, 129.138.12.153,1061 3
get handler cmd=GetValveOwners, 129.138.12.153,1061 3
Magnet settling complete
set_dac. change=True
setting magnet DAC
current  : 5.874625
requested: 5.875659
Delta Dac: 0.001034
Checking detector protection. dv=0.00103
Checking detector "CDD". Protection Threshold: 0.5 (V)
SetMagnetDAC 5.87565917646 ===>> OK
Magnet settling time: 2.097 0.500
get handler cmd=GetValveStates, 129.138.12.153,1061 3
get handler cmd=GetStateChecksum A,B,C,D,E,F,G,H,I,K,L,M,N,O,P,Q,R,S,T,U,V,W,X,Y,Z, 129.138.12.153,1061 3
Magnet settling complete
set_dac. change=True
setting magnet DAC
current  : 5.875659
requested: 5.876694
Delta Dac: 0.001034
Checking detector protection. dv=0.00103
Checking detector "CDD". Protection Threshold: 0.5 (V)
get handler cmd=GetValveStates, 129.138.12.153,1061 3
SetMagnetDAC 5.87669365922 ===>> OK
Magnet settling time: 2.097 0.500
get handler cmd=GetValveStates, 129.138.12.153,1061 3
get handler cmd=GetValveLockStates, 129.138.12.153,1061 3
get handler cmd=GetValveOwners, 129.138.12.153,1061 3
Magnet settling complete
set_dac. change=True
setting magnet DAC
current  : 5.876694
requested: 5.877728
Delta Dac: 0.001034
Checking detector protection. dv=0.00103
Checking detector "CDD". Protection Threshold: 0.5 (V)
SetMagnetDAC 5.87772814198 ===>> OK
Magnet settling time: 2.097 0.500
get handler cmd=GetStateChecksum A,B,C,D,E,F,G,H,I,K,L,M,N,O,P,Q,R,S,T,U,V,W,X,Y,Z, 129.138.12.153,1061 3
Magnet settling complete
set_dac. change=True
setting magnet DAC
current  : 5.877728
requested: 5.878763
Delta Dac: 0.001034
Checking detector protection. dv=0.00103
Checking detector "CDD". Protection Threshold: 0.5 (V)
SetMagnetDAC 5.87876262474 ===>> OK
Magnet settling time: 2.097 0.500
get handler cmd=GetValveStates, 129.138.12.153,1061 3
get handler cmd=GetStateChecksum A,B,C,D,E,F,G,H,I,K,L,M,N,O,P,Q,R,S,T,U,V,W,X,Y,Z, 129.138.12.153,1061 3
Magnet settling complete
set_dac. change=True
setting magnet DAC
current  : 5.878763
requested: 5.879797
Delta Dac: 0.001034
Checking detector protection. dv=0.00103
Checking detector "CDD". Protection Threshold: 0.5 (V)
SetMagnetDAC 5.8797971075 ===>> OK
Magnet settling time: 2.097 0.500
get handler cmd=GetValveStates, 129.138.12.153,1061 3
get handler cmd=GetValveLockStates, 129.138.12.153,1061 3
Magnet settling complete
set_dac. change=True
setting magnet DAC
current  : 5.879797
requested: 5.880832
Delta Dac: 0.001034
Checking detector protection. dv=0.00103
Checking detector "CDD". Protection Threshold: 0.5 (V)
SetMagnetDAC 5.88083159026 ===>> OK
Magnet settling time: 2.097 0.500
get handler cmd=GetValveOwners, 129.138.12.153,1061 3
get handler cmd=GetValveStates, 129.138.12.153,1061 3
Magnet settling complete
set_dac. change=True
setting magnet DAC
current  : 5.880832
requested: 5.881866
Delta Dac: 0.001034
Checking detector protection. dv=0.00103
Checking detector "CDD". Protection Threshold: 0.5 (V)
SetMagnetDAC 5.88186607302 ===>> OK
Magnet settling time: 2.097 0.500
get handler cmd=GetStateChecksum A,B,C,D,E,F,G,H,I,K,L,M,N,O,P,Q,R,S,T,U,V,W,X,Y,Z, 129.138.12.153,1061 3
get handler cmd=GetValveStates, 129.138.12.153,1061 3
Magnet settling complete
set_dac. change=True
setting magnet DAC
current  : 5.881866
requested: 5.882901
Delta Dac: 0.001034
Checking detector protection. dv=0.00103
Checking detector "CDD". Protection Threshold: 0.5 (V)
SetMagnetDAC 5.88290055577 ===>> OK
Magnet settling time: 2.097 0.500
get handler cmd=GetStateChecksum A,B,C,D,E,F,G,H,I,K,L,M,N,O,P,Q,R,S,T,U,V,W,X,Y,Z, 129.138.12.153,1061 3
Magnet settling complete
set_dac. change=True
setting magnet DAC
current  : 5.882901
requested: 5.883935
Delta Dac: 0.001034
Checking detector protection. dv=0.00103
Checking detector "CDD". Protection Threshold: 0.5 (V)
SetMagnetDAC 5.88393503853 ===>> OK
Magnet settling time: 2.097 0.500
get handler cmd=GetValveStates, 129.138.12.153,1061 3
get handler cmd=GetValveLockStates, 129.138.12.153,1061 3
get handler cmd=GetValveOwners, 129.138.12.153,1061 3
Magnet settling complete
set_dac. change=True
setting magnet DAC
current  : 5.883935
requested: 5.884970
Delta Dac: 0.001034
Checking detector protection. dv=0.00103
Checking detector "CDD". Protection Threshold: 0.5 (V)
SetMagnetDAC 5.88496952129 ===>> OK
Magnet settling time: 2.097 0.500
get handler cmd=GetValveStates, 129.138.12.153,1061 3
get handler cmd=GetStateChecksum A,B,C,D,E,F,G,H,I,K,L,M,N,O,P,Q,R,S,T,U,V,W,X,Y,Z, 129.138.12.153,1061 3
Magnet settling complete
set_dac. change=True
setting magnet DAC
current  : 5.884970
requested: 5.886004
Delta Dac: 0.001034
Checking detector protection. dv=0.00103
Checking detector "CDD". Protection Threshold: 0.5 (V)
SetMagnetDAC 5.88600400405 ===>> OK
Magnet settling time: 2.097 0.500
get handler cmd=GetValveStates, 129.138.12.153,1061 3
Magnet settling complete
set_dac. change=True
setting magnet DAC
current  : 5.886004
requested: 5.887038
Delta Dac: 0.001034
Checking detector protection. dv=0.00103
Checking detector "CDD". Protection Threshold: 0.5 (V)
SetMagnetDAC 5.88703848681 ===>> OK
Magnet settling time: 2.097 0.500
get handler cmd=GetValveLockStates, 129.138.12.153,1061 3
get handler cmd=GetValveOwners, 129.138.12.153,1061 3
Magnet settling complete
set_dac. change=True
setting magnet DAC
current  : 5.887038
requested: 5.888073
Delta Dac: 0.001034
Checking detector protection. dv=0.00103
Checking detector "CDD". Protection Threshold: 0.5 (V)
SetMagnetDAC 5.88807296957 ===>> OK
Magnet settling time: 2.097 0.500
get handler cmd=GetStateChecksum A,B,C,D,E,F,G,H,I,K,L,M,N,O,P,Q,R,S,T,U,V,W,X,Y,Z, 129.138.12.153,1061 3
get handler cmd=GetValveStates, 129.138.12.153,1061 3
Magnet settling complete
set_dac. change=True
setting magnet DAC
current  : 5.888073
requested: 5.889107
Delta Dac: 0.001034
Checking detector protection. dv=0.00103
Checking detector "CDD". Protection Threshold: 0.5 (V)
SetMagnetDAC 5.88910745233 ===>> OK
Magnet settling time: 2.097 0.500
get handler cmd=GetValveStates, 129.138.12.153,1061 3
get handler cmd=GetStateChecksum A,B,C,D,E,F,G,H,I,K,L,M,N,O,P,Q,R,S,T,U,V,W,X,Y,Z, 129.138.12.153,1061 3
Magnet settling complete
set_dac. change=True
setting magnet DAC
current  : 5.889107
requested: 5.890142
Delta Dac: 0.001034
Checking detector protection. dv=0.00103
Checking detector "CDD". Protection Threshold: 0.5 (V)
SetMagnetDAC 5.89014193508 ===>> OK
Magnet settling time: 2.097 0.500
get handler cmd=GetValveStates, 129.138.12.153,1061 3
Magnet settling complete
set_dac. change=True
setting magnet DAC
current  : 5.890142
requested: 5.891176
Delta Dac: 0.001034
Checking detector protection. dv=0.00103
Checking detector "CDD". Protection Threshold: 0.5 (V)
SetMagnetDAC 5.89117641784 ===>> OK
Magnet settling time: 2.097 0.500
get handler cmd=GetValveLockStates, 129.138.12.153,1061 3
get handler cmd=GetValveOwners, 129.138.12.153,1061 3
get handler cmd=GetStateChecksum A,B,C,D,E,F,G,H,I,K,L,M,N,O,P,Q,R,S,T,U,V,W,X,Y,Z, 129.138.12.153,1061 3
Magnet settling complete
set_dac. change=True
setting magnet DAC
current  : 5.891176
requested: 5.892211
Delta Dac: 0.001034
Checking detector protection. dv=0.00103
Checking detector "CDD". Protection Threshold: 0.5 (V)
SetMagnetDAC 5.8922109006 ===>> OK
Magnet settling time: 2.097 0.500
get handler cmd=GetValveStates, 129.138.12.153,1061 3
Magnet settling complete
set_dac. change=True
setting magnet DAC
current  : 5.892211
requested: 5.893245
Delta Dac: 0.001034
Checking detector protection. dv=0.00103
Checking detector "CDD". Protection Threshold: 0.5 (V)
SetMagnetDAC 5.89324538336 ===>> OK
Magnet settling time: 2.097 0.500
get handler cmd=GetValveStates, 129.138.12.153,1061 3
get handler cmd=GetStateChecksum A,B,C,D,E,F,G,H,I,K,L,M,N,O,P,Q,R,S,T,U,V,W,X,Y,Z, 129.138.12.153,1061 3
Magnet settling complete
set_dac. change=True
result of _do_sweep=True
result of _calculate_peak_center=([5.8705499925787308, 5.8783355637210155, 5.8861211348633002], [756.02741705142944, 1030.861150418124, 758.77312330725272], 5.8749087100136013, 1030.861150418124)
Failed to find a valid peak. No peak greater than 1.0. max = 0.231725228842
new center pos Detector(H1) (Ar40) @ 5.87833556372
GetHighVoltage ===>> 4499.94659342336
GetDeflection H1 ===>> 0
dac uncorrected for HV and deflection 5.87837018089
update mftable H1 Ar40 5.87837018089 message=automated run peakcenter
get initial guess parabolic
get initial guess parabolic
get initial guess parabolic
get initial guess parabolic
get initial guess parabolic
get initial guess parabolic
dump mftable to /Users/jan/PychronDev/setupfiles/spectrometer/mftables/mftable.csv
add to repo msg=modified - automated run peakcenter
sweep finished
get handler cmd=GetValveLockStates, 129.138.12.153,1061 3
locally archiving mftable
setting magnet DAC
current  : 5.893245
requested: 5.878336
Delta Dac: 0.014910
Checking detector protection. dv=0.01491
Checking detector "CDD". Protection Threshold: 0.5 (V)
SetMagnetDAC 5.87833556372 ===>> OK
Magnet settling time: 0.500 0.500
get handler cmd=GetValveOwners, 129.138.12.153,1061 3
Magnet settling complete
set_dac. change=True
Failed to find a valid peak. No peak greater than 1.0. max = 0.231725228842
flush and close file /Users/jan/PychronDev/data/isotopes/e9/6b4040-c0f4-40ed-b609-06497213d03d.h5
finished measure script
executed snippet estimated_duration=213.0, duration=311.720209837
jan_unknown120_60.py completed successfully
Measurement Finished
15:26:34 -- ******* Measurement Finished *******
Post Measurement Started jan_pump_ms.py
15:26:34 -- ******* Post Measurement Started jan_pump_ms.py *******
testing...
no interpolation path defined
executed snippet estimated_duration=0, duration=2.8133392334e-05
Pumping spectrometer
open () {'name': 'O'}
open name=O desc=---
checking ownership. requestor=129.138.12.150
check software interlocks O
interlocks []
actuate state mode=None-script, software_lock=False
doing actuation None-script open_channel True
get handler cmd=Open O, 129.138.12.153,1061 3
Open O ===>> OK
get handler cmd=GetIndicatorState O, 129.138.12.153,1061 3
GetIndicatorState O ===>> OK
change switch state (True, True)
15:26:34 -- OPEN   VALVE-O (Jan Ion Pump)
-------------------------- open O () result=[(True, True)]
action=open, ok=True, locked=[False]
executed snippet estimated_duration=0, duration=0.38599395752
jan_pump_ms.py completed successfully
setting _ms_pumptime
Post Measurement Finished
15:26:35 -- ******* Post Measurement Finished *******
$$$$$$$$$$$$$$$$$$$$ state at run end measurement
state changed from measurement to success
post measurement save measured=True aborted=False
Set filtering
setting fod for Ar41= {'filter_outliers': True, 'std_devs': 2, 'iterations': 1}
setting fod for H2= {'filter_outliers': True, 'std_devs': 2, 'iterations': 1}
setting fod for Ar40= {'filter_outliers': True, 'std_devs': 2, 'iterations': 1}
setting fod for H1= {'filter_outliers': True, 'std_devs': 2, 'iterations': 1}
setting fod for Ar36= {'filter_outliers': True, 'std_devs': 2, 'iterations': 1}
setting fod for CDD= {'filter_outliers': True, 'std_devs': 10, 'iterations': 1}
setting fod for Ar37= {'filter_outliers': True, 'std_devs': 2, 'iterations': 1}
setting fod for L2= {'filter_outliers': True, 'std_devs': 2, 'iterations': 1}
setting fod for Ar38= {'filter_outliers': True, 'std_devs': 2, 'iterations': 1}
setting fod for L1= {'filter_outliers': True, 'std_devs': 2, 'iterations': 1}
setting fod for Ar39= {'filter_outliers': True, 'std_devs': 2, 'iterations': 1}
setting fod for AX= {'filter_outliers': True, 'std_devs': 2, 'iterations': 1}
not connected to db mysql://janexp@129.138.12.160/labspy
get handler cmd=GetValveStates, 129.138.12.153,1061 3
get handler cmd=GetStateChecksum A,B,C,D,E,F,G,H,I,K,L,M,N,O,P,Q,R,S,T,U,V,W,X,Y,Z, 129.138.12.153,1061 3
Enviromentals: {'lab_humiditys': [{'device': 'EnvironmentalMonitor',
                    'name': 'Lab Hum.',
                    'pub_date': '2017-09-07T15:26:12',
                    'title': 'iServer Hum.',
                    'value': 35.6}],
 'lab_pneumatics': [{'device': 'AirPressure',
                     'name': 'Pressure',
                     'pub_date': '2017-09-07T15:25:51',
                     'title': None,
                     'value': 102.9},
                    {'device': 'AirPressure2',
                     'name': 'Pressure2',
                     'pub_date': '2017-09-07T15:25:51',
                     'title': None,
                     'value': 105.13594}],
 'lab_temperatures': [{'device': 'Coldfinger',
                       'name': 'ColdFinger Temp.',
                       'pub_date': '2017-09-07T15:26:12',
                       'title': None,
                       'value': -195.0},
                      {'device': 'EnvironmentalMonitor',
                       'name': 'Lab Temp.',
                       'pub_date': '2017-09-07T15:13:05',
                       'title': 'iServer Temp.',
                       'value': 75.9},
                      {'device': 'Chiller',
                       'name': 'Coolant Temp.',
                       'pub_date': '2017-09-07T15:22:57',
                       'title': None,
                       'value': 17.9444444444444}]}
persistence save...
persistence save - db
post measurement save
5529886640 connecting to database sqlite://@/
connected to db sqlite://@/
create new session 5529886640
close session 5529886640
No database instance. Not saving post measurement to isotopedb database
$$$$$$$$$$$$$$$ auto_save_detector_ic=False
massspec enabled True
create new session 4969247184
MassSpec Database Version: 16.0
close session 4969247184
saving post measurement to secondary database
saving to massspec database 129.138.12.160/massspecdata
setting labnumber to c-02-J
setting aliquot to 2497
setting step to 
setting uuid to e96b4040-c0f4-40ed-b609-06497213d03d
setting irradpos to c-02-J
setting extract_device to Extract Device
setting tray to 
setting position to 
setting power_requested to 0.0
setting extract_value to 0.0
setting duration to 0.0
setting duration_at_request to 0.0
setting first_stage_delay to 0.0
setting cleanup to 0.0
setting comment to 
setting irradiation to Cocktail-02
setting level to A
setting irradiation_level to A
setting sample to cocktail
setting material to Gas
setting project to REFERENCES
setting mass_spectrometer to Jan
no attribute chron_dosages
no attribute production_ratios
no attribute interference_corrections
no attribute production_name
no attribute j
Reference Isotope=Ar40
Reference Detector=H1
%%%%%%%%%%%%%%%%%%%% Comment:  %%%%%%%%%%%%%%%%%%%
adding isotope Ar41 H2
add baseline dbdet= Ar41. original det= H2
get baseline data Ar41 H2
Get data baseline <pychron.processing.isotope.Baseline object at 0x18a0bb310> len t=60
baseline Ar41. v=-0.0916217837175, e=0.00436408797133
get signal data Ar41 H2
Get data signal Ar41 0.0613+/-0.0033 len t=120
adding isotope Ar40 H1
add baseline dbdet= Ar40. original det= H1
get baseline data Ar40 H1
Get data baseline <pychron.processing.isotope.Baseline object at 0x18a0bb6d0> len t=60
baseline Ar40. v=0.116911433733, e=0.00617643301137
get signal data Ar40 H1
Get data signal Ar40 1127.72+/-0.05 len t=120
adding isotope Ar39 AX
add baseline dbdet= Ar39. original det= AX
get baseline data Ar39 AX
Get data baseline <pychron.processing.isotope.Baseline object at 0x15a2c0f10> len t=60
baseline Ar39. v=0.108138238608, e=0.00674776697105
get signal data Ar39 AX
Get data signal Ar39 85.456+/-0.021 len t=120
adding isotope Ar38 L1
add baseline dbdet= Ar38. original det= L1
get baseline data Ar38 L1
Get data baseline <pychron.processing.isotope.Baseline object at 0x15a2c0a10> len t=60
baseline Ar38. v=-0.038813355299, e=0.00360596121044
get signal data Ar38 L1
Get data signal Ar38 1.167+/-0.005 len t=120
adding isotope Ar37 L2
add baseline dbdet= Ar37. original det= L2
get baseline data Ar37 L2
Get data baseline <pychron.processing.isotope.Baseline object at 0x15a2c0890> len t=60
baseline Ar37. v=-0.00312336988925, e=0.00590010305845
get signal data Ar37 L2
Get data signal Ar37 0.063+/-0.010 len t=120
adding isotope Ar36 CDD
add baseline dbdet= Ar36. original det= CDD
get baseline data Ar36 CDD
Get data baseline <pychron.processing.isotope.Baseline object at 0x15a2c02d0> len t=60
baseline Ar36. v=0.00019037622042, e=2.26028641715e-05
get signal data Ar36 CDD
Get data signal Ar36 0.2477+/-0.0013 len t=120
4416-2497 added analysis time 0.490842819214s
analysis added to mass spec database
mass spec save time= 0.503
persistence save - dvc
================= post measurement started
create new session 4937330320
close session 4937330320
get handler cmd=GetValveStates, 129.138.12.153,1061 3
---------------- Experiment Queue saving disabled
DVC saving peakcenter
Failed to find a valid peak. No peak greater than 1.0. max = 0.231725228842
Smart pull ahead: 0 behind: 0
Up-to-date with origin
add to repo msg=modified - ad8224ebc6dbfeb9f5997218dfa5fe690569839d.json
add to repo msg=modified - -J-2497.json
add to repo msg=modified - -J-2497.dat.json
add to repo msg=modified - -J-2497.blan.json
add to repo msg=modified - -J-2497.inte.json
get handler cmd=GetValveStates, 129.138.12.153,1061 3
add to repo msg=modified - -J-2497.icfa.json
add to repo msg=modified - -J-2497.base.json
not at valid file /Users/jan/PychronDev/data/.dvc/repositories/Jan_cocktail171/c-02/tags/-J-2497.tags.json
add to repo msg=modified - -J-2497.peak.json
get handler cmd=GetValveLockStates, 129.138.12.153,1061 3
add to repo msg=modified - -J-2497.extr.json
not at valid file /Users/jan/PychronDev/data/.dvc/repositories/Jan_cocktail171/c-02/monitor/-J-2497.moni.json
commit message=<COLLECTION>
get handler cmd=GetValveOwners, 129.138.12.153,1061 3
add to repo msg=modified - -J-2497.inte.json
get handler cmd=GetStateChecksum A,B,C,D,E,F,G,H,I,K,L,M,N,O,P,Q,R,S,T,U,V,W,X,Y,Z, 129.138.12.153,1061 3
add to repo msg=modified - -J-2497.base.json
commit message=<ISOEVO> default collection fits
add to repo msg=modified - -J-2497.blan.json
commit message=<BLANKS> preceding bc-02-J-936
add to repo msg=modified - -J-2497.icfa.json
commit message=<ICFactor> default
get handler cmd=GetValveStates, 129.138.12.153,1061 3
push repository <pychron.git_archive.repo_manager.GitRepoManager object at 0x144b74350>
pushing to remote=origin, url=https://github.com
get handler cmd=GetStateChecksum A,B,C,D,E,F,G,H,I,K,L,M,N,O,P,Q,R,S,T,U,V,W,X,Y,Z, 129.138.12.153,1061 3
get handler cmd=GetValveStates, 129.138.12.153,1061 3
get handler cmd=GetValveLockStates, 129.138.12.153,1061 3
no changes to meta repo
get handler cmd=GetValveOwners, 129.138.12.153,1061 3
create new session 4937330320
add association Jan_cocktail171
get identifier "c-02-J"
setting analysis irradiation position=<pychron.dvc.dvc_orm.IrradiationPositionTbl object at 0x14a6c3990>
close session 4937330320
================= post measurement finished
15:26:49 -- ******* Post Run Check *******
loading queue conditionals post_run_actions
loading system conditionals post_run_actions
loading conditionals from /Users/jan/PychronDev/setupfiles/spectrometer/default_conditionals.yaml
loading queue conditionals post_run_terminations
loading system conditionals post_run_terminations
loading conditionals from /Users/jan/PychronDev/setupfiles/spectrometer/default_conditionals.yaml
Checking default post run terminations n=1
GetDeflection CDD ===>> 50
testing CDD==2000
evaluate ot="CDD.deflection==2000" t="CDD==2000", ctx="{'CDD': 50.0}"
15:26:50 -- ******* Post Run Check Passed *******
15:26:50 -- Automated run c-02-J-2497 success duration: 398.695 s
----------------- finish -----------------
----------------- stop -----------------
retroactive repository identifiers disabled
finish run. runs completed=3
update duration runid=c-02-J-2497, duration=398.69504714, md5=c594f137
write rem/ex queues
/Users/jan/PychronDev/experiments/rem/AirsCocktails.rem.txt
/Users/jan/PychronDev/experiments/rem/AirsCocktails.ex.txt
doing event level: 3
add run
